2017/10/18 17:12:31 [error] [system.db.CDbCommand] CDbCommand::fetchAll() failed: SQLSTATE[42S02]: Base table or view not found: 1146 Table 'k24.user' doesn't exist. The SQL statement executed was: SHOW FULL COLUMNS FROM `user`.
in C:\xampp\htdocs\TesK24PHP\index.php (13)
2017/10/18 17:17:54 [error] [exception.CHttpException.404] CHttpException: Unable to resolve the request "barang". in C:\xampp\htdocs\yii\framework\web\CWebApplication.php:286
Stack trace:
#0 C:\xampp\htdocs\yii\framework\web\CWebApplication.php(141): CWebApplication->runController('barang')
#1 C:\xampp\htdocs\yii\framework\base\CApplication.php(185): CWebApplication->processRequest()
#2 C:\xampp\htdocs\TesK24PHP\index.php(13): CApplication->run()
#3 {main}
REQUEST_URI=/TesK24PHP/index.php?r=barang
---
2017/10/18 17:34:50 [error] [system.db.CDbCommand] CDbCommand::fetchAll() failed: SQLSTATE[42S02]: Base table or view not found: 1146 Table 'k24.member' doesn't exist. The SQL statement executed was: SHOW FULL COLUMNS FROM `member`.
in C:\xampp\htdocs\TesK24PHP\index.php (13)
2017/10/18 19:38:46 [error] [exception.CHttpException.404] CHttpException: The system is unable to find the requested action "__form". in C:\xampp\htdocs\yii\framework\web\CController.php:486
Stack trace:
#0 C:\xampp\htdocs\yii\framework\web\CController.php(270): CController->missingAction('__form')
#1 C:\xampp\htdocs\yii\framework\web\CWebApplication.php(282): CController->run('__form')
#2 C:\xampp\htdocs\yii\framework\web\CWebApplication.php(141): CWebApplication->runController('member/__form')
#3 C:\xampp\htdocs\yii\framework\base\CApplication.php(185): CWebApplication->processRequest()
#4 C:\xampp\htdocs\TesK24PHP\index.php(13): CApplication->run()
#5 {main}
REQUEST_URI=/TesK24PHP/index.php?r=member/__form
---
2017/10/18 19:38:53 [error] [exception.CHttpException.404] CHttpException: The system is unable to find the requested action "_form". in C:\xampp\htdocs\yii\framework\web\CController.php:486
Stack trace:
#0 C:\xampp\htdocs\yii\framework\web\CController.php(270): CController->missingAction('_form')
#1 C:\xampp\htdocs\yii\framework\web\CWebApplication.php(282): CController->run('_form')
#2 C:\xampp\htdocs\yii\framework\web\CWebApplication.php(141): CWebApplication->runController('member/_form')
#3 C:\xampp\htdocs\yii\framework\base\CApplication.php(185): CWebApplication->processRequest()
#4 C:\xampp\htdocs\TesK24PHP\index.php(13): CApplication->run()
#5 {main}
REQUEST_URI=/TesK24PHP/index.php?r=member/_form
---
2017/10/18 19:39:10 [error] [exception.CHttpException.404] CHttpException: The system is unable to find the requested action "_form.php". in C:\xampp\htdocs\yii\framework\web\CController.php:486
Stack trace:
#0 C:\xampp\htdocs\yii\framework\web\CController.php(270): CController->missingAction('_form.php')
#1 C:\xampp\htdocs\yii\framework\web\CWebApplication.php(282): CController->run('_form.php')
#2 C:\xampp\htdocs\yii\framework\web\CWebApplication.php(141): CWebApplication->runController('member/_form.ph...')
#3 C:\xampp\htdocs\yii\framework\base\CApplication.php(185): CWebApplication->processRequest()
#4 C:\xampp\htdocs\TesK24PHP\index.php(13): CApplication->run()
#5 {main}
REQUEST_URI=/TesK24PHP/index.php?r=member/_form.php
---
2017/10/19 03:21:57 [error] [php] Undefined variable: form (C:\xampp\htdocs\TesK24PHP\protected\views\site\login.php:21)
Stack trace:
#0 C:\xampp\htdocs\yii\framework\web\CController.php(872): SiteController->renderFile()
#1 C:\xampp\htdocs\yii\framework\web\CController.php(785): SiteController->renderPartial()
#2 C:\xampp\htdocs\TesK24PHP\protected\controllers\SiteController.php(98): SiteController->render()
#3 C:\xampp\htdocs\yii\framework\web\actions\CInlineAction.php(49): SiteController->actionLogin()
#4 C:\xampp\htdocs\yii\framework\web\CController.php(308): CInlineAction->runWithParams()
#5 C:\xampp\htdocs\yii\framework\web\CController.php(286): SiteController->runAction()
#6 C:\xampp\htdocs\yii\framework\web\CController.php(265): SiteController->runActionWithFilters()
#7 C:\xampp\htdocs\yii\framework\web\CWebApplication.php(282): SiteController->run()
#8 C:\xampp\htdocs\yii\framework\web\CWebApplication.php(141): CWebApplication->runController()
#9 C:\xampp\htdocs\yii\framework\base\CApplication.php(185): CWebApplication->processRequest()
#10 C:\xampp\htdocs\TesK24PHP\index.php(13): CWebApplication->run()
REQUEST_URI=/TesK24PHP/index.php?r=site/login
in C:\xampp\htdocs\TesK24PHP\protected\views\site\login.php (21)
in C:\xampp\htdocs\TesK24PHP\protected\controllers\SiteController.php (98)
in C:\xampp\htdocs\TesK24PHP\index.php (13)
2017/10/19 03:22:01 [error] [php] Undefined variable: form (C:\xampp\htdocs\TesK24PHP\protected\views\site\login.php:21)
Stack trace:
#0 C:\xampp\htdocs\yii\framework\web\CController.php(872): SiteController->renderFile()
#1 C:\xampp\htdocs\yii\framework\web\CController.php(785): SiteController->renderPartial()
#2 C:\xampp\htdocs\TesK24PHP\protected\controllers\SiteController.php(98): SiteController->render()
#3 C:\xampp\htdocs\yii\framework\web\actions\CInlineAction.php(49): SiteController->actionLogin()
#4 C:\xampp\htdocs\yii\framework\web\CController.php(308): CInlineAction->runWithParams()
#5 C:\xampp\htdocs\yii\framework\web\CController.php(286): SiteController->runAction()
#6 C:\xampp\htdocs\yii\framework\web\CController.php(265): SiteController->runActionWithFilters()
#7 C:\xampp\htdocs\yii\framework\web\CWebApplication.php(282): SiteController->run()
#8 C:\xampp\htdocs\yii\framework\web\CWebApplication.php(141): CWebApplication->runController()
#9 C:\xampp\htdocs\yii\framework\base\CApplication.php(185): CWebApplication->processRequest()
#10 C:\xampp\htdocs\TesK24PHP\index.php(13): CWebApplication->run()
REQUEST_URI=/TesK24PHP/index.php?r=site/login
in C:\xampp\htdocs\TesK24PHP\protected\views\site\login.php (21)
in C:\xampp\htdocs\TesK24PHP\protected\controllers\SiteController.php (98)
in C:\xampp\htdocs\TesK24PHP\index.php (13)
2017/10/19 08:39:51 [error] [exception.CHttpException.404] CHttpException: Unable to resolve the request "admin". in C:\xampp\htdocs\yii\framework\web\CWebApplication.php:286
Stack trace:
#0 C:\xampp\htdocs\yii\framework\web\CWebApplication.php(141): CWebApplication->runController('admin')
#1 C:\xampp\htdocs\yii\framework\base\CApplication.php(185): CWebApplication->processRequest()
#2 C:\xampp\htdocs\TesK24PHP\index.php(13): CApplication->run()
#3 {main}
REQUEST_URI=/TesK24PHP/index.php?r=admin
---
2017/10/19 09:26:10 [error] [exception.ParseError] ParseError: syntax error, unexpected '<', expecting end of file in C:\xampp\htdocs\TesK24PHP\protected\views\user\index.php:21
Stack trace:
#0 C:\xampp\htdocs\yii\framework\web\CBaseController.php(95): CBaseController->renderInternal('C:\\xampp\\htdocs...', Array, true)
#1 C:\xampp\htdocs\yii\framework\web\CController.php(872): CBaseController->renderFile('C:\\xampp\\htdocs...', Array, true)
#2 C:\xampp\htdocs\yii\framework\web\CController.php(785): CController->renderPartial('index', Array, true)
#3 C:\xampp\htdocs\TesK24PHP\protected\controllers\UserController.php(127): CController->render('index', Array)
#4 C:\xampp\htdocs\yii\framework\web\actions\CInlineAction.php(49): UserController->actionIndex()
#5 C:\xampp\htdocs\yii\framework\web\CController.php(308): CInlineAction->runWithParams(Array)
#6 C:\xampp\htdocs\yii\framework\web\filters\CFilterChain.php(134): CController->runAction(Object(CInlineAction))
#7 C:\xampp\htdocs\yii\framework\web\filters\CFilter.php(40): CFilterChain->run()
#8 C:\xampp\htdocs\yii\framework\web\CController.php(1148): CFilter->filter(Object(CFilterChain))
#9 C:\xampp\htdocs\yii\framework\web\filters\CInlineFilter.php(58): CController->filterAccessControl(Object(CFilterChain))
#10 C:\xampp\htdocs\yii\framework\web\filters\CFilterChain.php(131): CInlineFilter->filter(Object(CFilterChain))
#11 C:\xampp\htdocs\yii\framework\web\CController.php(291): CFilterChain->run()
#12 C:\xampp\htdocs\yii\framework\web\CController.php(265): CController->runActionWithFilters(Object(CInlineAction), Array)
#13 C:\xampp\htdocs\yii\framework\web\CWebApplication.php(282): CController->run('index')
#14 C:\xampp\htdocs\yii\framework\web\CWebApplication.php(141): CWebApplication->runController('user/index')
#15 C:\xampp\htdocs\yii\framework\base\CApplication.php(185): CWebApplication->processRequest()
#16 C:\xampp\htdocs\TesK24PHP\index.php(13): CApplication->run()
#17 {main}
REQUEST_URI=/TesK24PHP/index.php?r=user/index
HTTP_REFERER=http://localhost/TesK24PHP/index.php?r=user/create
---
2017/10/19 09:26:36 [error] [exception.ParseError] ParseError: syntax error, unexpected '<', expecting end of file in C:\xampp\htdocs\TesK24PHP\protected\views\user\index.php:21
Stack trace:
#0 C:\xampp\htdocs\yii\framework\web\CBaseController.php(95): CBaseController->renderInternal('C:\\xampp\\htdocs...', Array, true)
#1 C:\xampp\htdocs\yii\framework\web\CController.php(872): CBaseController->renderFile('C:\\xampp\\htdocs...', Array, true)
#2 C:\xampp\htdocs\yii\framework\web\CController.php(785): CController->renderPartial('index', Array, true)
#3 C:\xampp\htdocs\TesK24PHP\protected\controllers\UserController.php(127): CController->render('index', Array)
#4 C:\xampp\htdocs\yii\framework\web\actions\CInlineAction.php(49): UserController->actionIndex()
#5 C:\xampp\htdocs\yii\framework\web\CController.php(308): CInlineAction->runWithParams(Array)
#6 C:\xampp\htdocs\yii\framework\web\filters\CFilterChain.php(134): CController->runAction(Object(CInlineAction))
#7 C:\xampp\htdocs\yii\framework\web\filters\CFilter.php(40): CFilterChain->run()
#8 C:\xampp\htdocs\yii\framework\web\CController.php(1148): CFilter->filter(Object(CFilterChain))
#9 C:\xampp\htdocs\yii\framework\web\filters\CInlineFilter.php(58): CController->filterAccessControl(Object(CFilterChain))
#10 C:\xampp\htdocs\yii\framework\web\filters\CFilterChain.php(131): CInlineFilter->filter(Object(CFilterChain))
#11 C:\xampp\htdocs\yii\framework\web\CController.php(291): CFilterChain->run()
#12 C:\xampp\htdocs\yii\framework\web\CController.php(265): CController->runActionWithFilters(Object(CInlineAction), Array)
#13 C:\xampp\htdocs\yii\framework\web\CWebApplication.php(282): CController->run('index')
#14 C:\xampp\htdocs\yii\framework\web\CWebApplication.php(141): CWebApplication->runController('user/index')
#15 C:\xampp\htdocs\yii\framework\base\CApplication.php(185): CWebApplication->processRequest()
#16 C:\xampp\htdocs\TesK24PHP\index.php(13): CApplication->run()
#17 {main}
REQUEST_URI=/TesK24PHP/index.php?r=user/index
HTTP_REFERER=http://localhost/TesK24PHP/index.php?r=user/create
---
2017/10/19 09:26:45 [error] [exception.ParseError] ParseError: syntax error, unexpected '<', expecting end of file in C:\xampp\htdocs\TesK24PHP\protected\views\user\index.php:21
Stack trace:
#0 C:\xampp\htdocs\yii\framework\web\CBaseController.php(95): CBaseController->renderInternal('C:\\xampp\\htdocs...', Array, true)
#1 C:\xampp\htdocs\yii\framework\web\CController.php(872): CBaseController->renderFile('C:\\xampp\\htdocs...', Array, true)
#2 C:\xampp\htdocs\yii\framework\web\CController.php(785): CController->renderPartial('index', Array, true)
#3 C:\xampp\htdocs\TesK24PHP\protected\controllers\UserController.php(127): CController->render('index', Array)
#4 C:\xampp\htdocs\yii\framework\web\actions\CInlineAction.php(49): UserController->actionIndex()
#5 C:\xampp\htdocs\yii\framework\web\CController.php(308): CInlineAction->runWithParams(Array)
#6 C:\xampp\htdocs\yii\framework\web\filters\CFilterChain.php(134): CController->runAction(Object(CInlineAction))
#7 C:\xampp\htdocs\yii\framework\web\filters\CFilter.php(40): CFilterChain->run()
#8 C:\xampp\htdocs\yii\framework\web\CController.php(1148): CFilter->filter(Object(CFilterChain))
#9 C:\xampp\htdocs\yii\framework\web\filters\CInlineFilter.php(58): CController->filterAccessControl(Object(CFilterChain))
#10 C:\xampp\htdocs\yii\framework\web\filters\CFilterChain.php(131): CInlineFilter->filter(Object(CFilterChain))
#11 C:\xampp\htdocs\yii\framework\web\CController.php(291): CFilterChain->run()
#12 C:\xampp\htdocs\yii\framework\web\CController.php(265): CController->runActionWithFilters(Object(CInlineAction), Array)
#13 C:\xampp\htdocs\yii\framework\web\CWebApplication.php(282): CController->run('index')
#14 C:\xampp\htdocs\yii\framework\web\CWebApplication.php(141): CWebApplication->runController('user/index')
#15 C:\xampp\htdocs\yii\framework\base\CApplication.php(185): CWebApplication->processRequest()
#16 C:\xampp\htdocs\TesK24PHP\index.php(13): CApplication->run()
#17 {main}
REQUEST_URI=/TesK24PHP/index.php?r=user/index
HTTP_REFERER=http://localhost/TesK24PHP/index.php?r=user/create
---
2017/10/19 09:27:00 [error] [exception.ParseError] ParseError: syntax error, unexpected '<', expecting end of file in C:\xampp\htdocs\TesK24PHP\protected\views\user\index.php:19
Stack trace:
#0 C:\xampp\htdocs\yii\framework\web\CBaseController.php(95): CBaseController->renderInternal('C:\\xampp\\htdocs...', Array, true)
#1 C:\xampp\htdocs\yii\framework\web\CController.php(872): CBaseController->renderFile('C:\\xampp\\htdocs...', Array, true)
#2 C:\xampp\htdocs\yii\framework\web\CController.php(785): CController->renderPartial('index', Array, true)
#3 C:\xampp\htdocs\TesK24PHP\protected\controllers\UserController.php(127): CController->render('index', Array)
#4 C:\xampp\htdocs\yii\framework\web\actions\CInlineAction.php(49): UserController->actionIndex()
#5 C:\xampp\htdocs\yii\framework\web\CController.php(308): CInlineAction->runWithParams(Array)
#6 C:\xampp\htdocs\yii\framework\web\filters\CFilterChain.php(134): CController->runAction(Object(CInlineAction))
#7 C:\xampp\htdocs\yii\framework\web\filters\CFilter.php(40): CFilterChain->run()
#8 C:\xampp\htdocs\yii\framework\web\CController.php(1148): CFilter->filter(Object(CFilterChain))
#9 C:\xampp\htdocs\yii\framework\web\filters\CInlineFilter.php(58): CController->filterAccessControl(Object(CFilterChain))
#10 C:\xampp\htdocs\yii\framework\web\filters\CFilterChain.php(131): CInlineFilter->filter(Object(CFilterChain))
#11 C:\xampp\htdocs\yii\framework\web\CController.php(291): CFilterChain->run()
#12 C:\xampp\htdocs\yii\framework\web\CController.php(265): CController->runActionWithFilters(Object(CInlineAction), Array)
#13 C:\xampp\htdocs\yii\framework\web\CWebApplication.php(282): CController->run('index')
#14 C:\xampp\htdocs\yii\framework\web\CWebApplication.php(141): CWebApplication->runController('user/index')
#15 C:\xampp\htdocs\yii\framework\base\CApplication.php(185): CWebApplication->processRequest()
#16 C:\xampp\htdocs\TesK24PHP\index.php(13): CApplication->run()
#17 {main}
REQUEST_URI=/TesK24PHP/index.php?r=user/index
HTTP_REFERER=http://localhost/TesK24PHP/index.php?r=user/create
---
2017/10/19 09:27:26 [error] [exception.CHttpException.404] CHttpException: The system is unable to find the requested action "member\create". in C:\xampp\htdocs\yii\framework\web\CController.php:486
Stack trace:
#0 C:\xampp\htdocs\yii\framework\web\CController.php(270): CController->missingAction('member\\create')
#1 C:\xampp\htdocs\yii\framework\web\CWebApplication.php(282): CController->run('member\\create')
#2 C:\xampp\htdocs\yii\framework\web\CWebApplication.php(141): CWebApplication->runController('user/member\\cre...')
#3 C:\xampp\htdocs\yii\framework\base\CApplication.php(185): CWebApplication->processRequest()
#4 C:\xampp\htdocs\TesK24PHP\index.php(13): CApplication->run()
#5 {main}
REQUEST_URI=/TesK24PHP/index.php?r=user/member\create
HTTP_REFERER=http://localhost/TesK24PHP/index.php?r=user/index
---
2017/10/19 09:28:23 [error] [exception.CHttpException.404] CHttpException: The system is unable to find the requested action "member\create". in C:\xampp\htdocs\yii\framework\web\CController.php:486
Stack trace:
#0 C:\xampp\htdocs\yii\framework\web\CController.php(270): CController->missingAction('member\\create')
#1 C:\xampp\htdocs\yii\framework\web\CWebApplication.php(282): CController->run('member\\create')
#2 C:\xampp\htdocs\yii\framework\web\CWebApplication.php(141): CWebApplication->runController('user/member\\cre...')
#3 C:\xampp\htdocs\yii\framework\base\CApplication.php(185): CWebApplication->processRequest()
#4 C:\xampp\htdocs\TesK24PHP\index.php(13): CApplication->run()
#5 {main}
REQUEST_URI=/TesK24PHP/index.php?r=user/member\create
HTTP_REFERER=http://localhost/TesK24PHP/index.php?r=user/index
---
2017/10/19 09:36:14 [error] [exception.CHttpException.404] CHttpException: The system is unable to find the requested action "member\create". in C:\xampp\htdocs\yii\framework\web\CController.php:486
Stack trace:
#0 C:\xampp\htdocs\yii\framework\web\CController.php(270): CController->missingAction('member\\create')
#1 C:\xampp\htdocs\yii\framework\web\CWebApplication.php(282): CController->run('member\\create')
#2 C:\xampp\htdocs\yii\framework\web\CWebApplication.php(141): CWebApplication->runController('user/member\\cre...')
#3 C:\xampp\htdocs\yii\framework\base\CApplication.php(185): CWebApplication->processRequest()
#4 C:\xampp\htdocs\TesK24PHP\index.php(13): CApplication->run()
#5 {main}
REQUEST_URI=/TesK24PHP/index.php?r=user/member\create
HTTP_REFERER=http://localhost/TesK24PHP/index.php?r=user/index
---
2017/10/19 09:36:55 [error] [exception.CHttpException.404] CHttpException: The requested view "Demo 404 page" was not found. in C:\xampp\htdocs\yii\framework\web\actions\CViewAction.php:112
Stack trace:
#0 C:\xampp\htdocs\yii\framework\web\actions\CViewAction.php(123): CViewAction->resolveView('Demo 404 page')
#1 C:\xampp\htdocs\yii\framework\web\actions\CAction.php(76): CViewAction->run()
#2 C:\xampp\htdocs\yii\framework\web\CController.php(308): CAction->runWithParams(Array)
#3 C:\xampp\htdocs\yii\framework\web\CController.php(286): CController->runAction(Object(CViewAction))
#4 C:\xampp\htdocs\yii\framework\web\CController.php(265): CController->runActionWithFilters(Object(CViewAction), Array)
#5 C:\xampp\htdocs\yii\framework\web\CWebApplication.php(282): CController->run('page')
#6 C:\xampp\htdocs\yii\framework\web\CWebApplication.php(141): CWebApplication->runController('site/page')
#7 C:\xampp\htdocs\yii\framework\base\CApplication.php(185): CWebApplication->processRequest()
#8 C:\xampp\htdocs\TesK24PHP\index.php(13): CApplication->run()
#9 {main}
REQUEST_URI=/TesK24PHP/index.php?r=site/page&view=Demo+404+page
HTTP_REFERER=http://localhost/TesK24PHP/index.php?r=site/page&view=forms
---
2017/10/19 09:37:26 [error] [exception.CHttpException.404] CHttpException: The requested view "Demo 404 page" was not found. in C:\xampp\htdocs\yii\framework\web\actions\CViewAction.php:112
Stack trace:
#0 C:\xampp\htdocs\yii\framework\web\actions\CViewAction.php(123): CViewAction->resolveView('Demo 404 page')
#1 C:\xampp\htdocs\yii\framework\web\actions\CAction.php(76): CViewAction->run()
#2 C:\xampp\htdocs\yii\framework\web\CController.php(308): CAction->runWithParams(Array)
#3 C:\xampp\htdocs\yii\framework\web\CController.php(286): CController->runAction(Object(CViewAction))
#4 C:\xampp\htdocs\yii\framework\web\CController.php(265): CController->runActionWithFilters(Object(CViewAction), Array)
#5 C:\xampp\htdocs\yii\framework\web\CWebApplication.php(282): CController->run('page')
#6 C:\xampp\htdocs\yii\framework\web\CWebApplication.php(141): CWebApplication->runController('site/page')
#7 C:\xampp\htdocs\yii\framework\base\CApplication.php(185): CWebApplication->processRequest()
#8 C:\xampp\htdocs\TesK24PHP\index.php(13): CApplication->run()
#9 {main}
REQUEST_URI=/TesK24PHP/index.php?r=site/page&view=Demo+404+page
HTTP_REFERER=http://localhost/TesK24PHP/index.php?r=site/page&view=interface
---
2017/10/19 09:53:42 [error] [exception.CHttpException.404] CHttpException: The system is unable to find the requested action "member\create". in C:\xampp\htdocs\yii\framework\web\CController.php:486
Stack trace:
#0 C:\xampp\htdocs\yii\framework\web\CController.php(270): CController->missingAction('member\\create')
#1 C:\xampp\htdocs\yii\framework\web\CWebApplication.php(282): CController->run('member\\create')
#2 C:\xampp\htdocs\yii\framework\web\CWebApplication.php(141): CWebApplication->runController('user/member\\cre...')
#3 C:\xampp\htdocs\yii\framework\base\CApplication.php(185): CWebApplication->processRequest()
#4 C:\xampp\htdocs\TesK24PHP\index.php(13): CApplication->run()
#5 {main}
REQUEST_URI=/TesK24PHP/index.php?r=user/member\create
HTTP_REFERER=http://localhost/TesK24PHP/index.php?r=user/index
---
2017/10/19 09:58:52 [error] [exception.CHttpException.404] CHttpException: The system is unable to find the requested action "member\create". in C:\xampp\htdocs\yii\framework\web\CController.php:486
Stack trace:
#0 C:\xampp\htdocs\yii\framework\web\CController.php(270): CController->missingAction('member\\create')
#1 C:\xampp\htdocs\yii\framework\web\CWebApplication.php(282): CController->run('member\\create')
#2 C:\xampp\htdocs\yii\framework\web\CWebApplication.php(141): CWebApplication->runController('user/member\\cre...')
#3 C:\xampp\htdocs\yii\framework\base\CApplication.php(185): CWebApplication->processRequest()
#4 C:\xampp\htdocs\TesK24PHP\index.php(13): CApplication->run()
#5 {main}
REQUEST_URI=/TesK24PHP/index.php?r=user/member\create
HTTP_REFERER=http://localhost/TesK24PHP/index.php?r=user/index
---
2017/10/19 15:44:33 [error] [exception.CException] CException: Property "LoginForm.Username" is not defined. in C:\xampp\htdocs\yii\framework\base\CComponent.php:130
Stack trace:
#0 C:\xampp\htdocs\yii\framework\web\helpers\CHtml.php(2747): CComponent->__get('Username')
#1 C:\xampp\htdocs\yii\framework\web\helpers\CHtml.php(2470): CHtml::resolveValue(Object(LoginForm), 'Username')
#2 C:\xampp\htdocs\yii\framework\web\helpers\CHtml.php(1540): CHtml::activeInputField('text', Object(LoginForm), 'Username', Array)
#3 C:\xampp\htdocs\yii\framework\web\widgets\CActiveForm.php(792): CHtml::activeTextField(Object(LoginForm), 'Username', Array)
#4 C:\xampp\htdocs\TesK24PHP\protected\views\site\login.php(24): CActiveForm->textField(Object(LoginForm), 'Username')
#5 C:\xampp\htdocs\yii\framework\web\CBaseController.php(126): require('C:\\xampp\\htdocs...')
#6 C:\xampp\htdocs\yii\framework\web\CBaseController.php(95): CBaseController->renderInternal('C:\\xampp\\htdocs...', Array, true)
#7 C:\xampp\htdocs\yii\framework\web\CController.php(872): CBaseController->renderFile('C:\\xampp\\htdocs...', Array, true)
#8 C:\xampp\htdocs\yii\framework\web\CController.php(785): CController->renderPartial('login', Array, true)
#9 C:\xampp\htdocs\TesK24PHP\protected\controllers\SiteController.php(98): CController->render('login', Array)
#10 C:\xampp\htdocs\yii\framework\web\actions\CInlineAction.php(49): SiteController->actionLogin()
#11 C:\xampp\htdocs\yii\framework\web\CController.php(308): CInlineAction->runWithParams(Array)
#12 C:\xampp\htdocs\yii\framework\web\CController.php(286): CController->runAction(Object(CInlineAction))
#13 C:\xampp\htdocs\yii\framework\web\CController.php(265): CController->runActionWithFilters(Object(CInlineAction), Array)
#14 C:\xampp\htdocs\yii\framework\web\CWebApplication.php(282): CController->run('login')
#15 C:\xampp\htdocs\yii\framework\web\CWebApplication.php(141): CWebApplication->runController('site/login')
#16 C:\xampp\htdocs\yii\framework\base\CApplication.php(185): CWebApplication->processRequest()
#17 C:\xampp\htdocs\TesK24PHP\index.php(13): CApplication->run()
#18 {main}
REQUEST_URI=/TesK24PHP/index.php?r=site/login
HTTP_REFERER=http://localhost/TesK24PHP/index.php?r=user
---
2017/10/19 15:44:33 [error] [exception.CException] CException: Property "LoginForm.Username" is not defined. in C:\xampp\htdocs\yii\framework\base\CComponent.php:130
Stack trace:
#0 C:\xampp\htdocs\yii\framework\web\helpers\CHtml.php(2747): CComponent->__get('Username')
#1 C:\xampp\htdocs\yii\framework\web\helpers\CHtml.php(2470): CHtml::resolveValue(Object(LoginForm), 'Username')
#2 C:\xampp\htdocs\yii\framework\web\helpers\CHtml.php(1540): CHtml::activeInputField('text', Object(LoginForm), 'Username', Array)
#3 C:\xampp\htdocs\yii\framework\web\widgets\CActiveForm.php(792): CHtml::activeTextField(Object(LoginForm), 'Username', Array)
#4 C:\xampp\htdocs\TesK24PHP\protected\views\site\login.php(24): CActiveForm->textField(Object(LoginForm), 'Username')
#5 C:\xampp\htdocs\yii\framework\web\CBaseController.php(126): require('C:\\xampp\\htdocs...')
#6 C:\xampp\htdocs\yii\framework\web\CBaseController.php(95): CBaseController->renderInternal('C:\\xampp\\htdocs...', Array, true)
#7 C:\xampp\htdocs\yii\framework\web\CController.php(872): CBaseController->renderFile('C:\\xampp\\htdocs...', Array, true)
#8 C:\xampp\htdocs\yii\framework\web\CController.php(785): CController->renderPartial('login', Array, true)
#9 C:\xampp\htdocs\TesK24PHP\protected\controllers\SiteController.php(98): CController->render('login', Array)
#10 C:\xampp\htdocs\yii\framework\web\actions\CInlineAction.php(49): SiteController->actionLogin()
#11 C:\xampp\htdocs\yii\framework\web\CController.php(308): CInlineAction->runWithParams(Array)
#12 C:\xampp\htdocs\yii\framework\web\CController.php(286): CController->runAction(Object(CInlineAction))
#13 C:\xampp\htdocs\yii\framework\web\CController.php(265): CController->runActionWithFilters(Object(CInlineAction), Array)
#14 C:\xampp\htdocs\yii\framework\web\CWebApplication.php(282): CController->run('login')
#15 C:\xampp\htdocs\yii\framework\web\CWebApplication.php(141): CWebApplication->runController('site/login')
#16 C:\xampp\htdocs\yii\framework\base\CApplication.php(185): CWebApplication->processRequest()
#17 C:\xampp\htdocs\TesK24PHP\index.php(13): CApplication->run()
#18 {main}
REQUEST_URI=/TesK24PHP/index.php?r=site/login
HTTP_REFERER=http://localhost/TesK24PHP/index.php?r=user
---
2017/10/19 15:44:35 [error] [exception.CException] CException: Property "LoginForm.Username" is not defined. in C:\xampp\htdocs\yii\framework\base\CComponent.php:130
Stack trace:
#0 C:\xampp\htdocs\yii\framework\web\helpers\CHtml.php(2747): CComponent->__get('Username')
#1 C:\xampp\htdocs\yii\framework\web\helpers\CHtml.php(2470): CHtml::resolveValue(Object(LoginForm), 'Username')
#2 C:\xampp\htdocs\yii\framework\web\helpers\CHtml.php(1540): CHtml::activeInputField('text', Object(LoginForm), 'Username', Array)
#3 C:\xampp\htdocs\yii\framework\web\widgets\CActiveForm.php(792): CHtml::activeTextField(Object(LoginForm), 'Username', Array)
#4 C:\xampp\htdocs\TesK24PHP\protected\views\site\login.php(24): CActiveForm->textField(Object(LoginForm), 'Username')
#5 C:\xampp\htdocs\yii\framework\web\CBaseController.php(126): require('C:\\xampp\\htdocs...')
#6 C:\xampp\htdocs\yii\framework\web\CBaseController.php(95): CBaseController->renderInternal('C:\\xampp\\htdocs...', Array, true)
#7 C:\xampp\htdocs\yii\framework\web\CController.php(872): CBaseController->renderFile('C:\\xampp\\htdocs...', Array, true)
#8 C:\xampp\htdocs\yii\framework\web\CController.php(785): CController->renderPartial('login', Array, true)
#9 C:\xampp\htdocs\TesK24PHP\protected\controllers\SiteController.php(98): CController->render('login', Array)
#10 C:\xampp\htdocs\yii\framework\web\actions\CInlineAction.php(49): SiteController->actionLogin()
#11 C:\xampp\htdocs\yii\framework\web\CController.php(308): CInlineAction->runWithParams(Array)
#12 C:\xampp\htdocs\yii\framework\web\CController.php(286): CController->runAction(Object(CInlineAction))
#13 C:\xampp\htdocs\yii\framework\web\CController.php(265): CController->runActionWithFilters(Object(CInlineAction), Array)
#14 C:\xampp\htdocs\yii\framework\web\CWebApplication.php(282): CController->run('login')
#15 C:\xampp\htdocs\yii\framework\web\CWebApplication.php(141): CWebApplication->runController('site/login')
#16 C:\xampp\htdocs\yii\framework\base\CApplication.php(185): CWebApplication->processRequest()
#17 C:\xampp\htdocs\TesK24PHP\index.php(13): CApplication->run()
#18 {main}
REQUEST_URI=/TesK24PHP/index.php?r=site/login
HTTP_REFERER=http://localhost/TesK24PHP/index.php?r=user
---
2017/10/19 15:44:38 [error] [exception.CException] CException: Property "LoginForm.Username" is not defined. in C:\xampp\htdocs\yii\framework\base\CComponent.php:130
Stack trace:
#0 C:\xampp\htdocs\yii\framework\web\helpers\CHtml.php(2747): CComponent->__get('Username')
#1 C:\xampp\htdocs\yii\framework\web\helpers\CHtml.php(2470): CHtml::resolveValue(Object(LoginForm), 'Username')
#2 C:\xampp\htdocs\yii\framework\web\helpers\CHtml.php(1540): CHtml::activeInputField('text', Object(LoginForm), 'Username', Array)
#3 C:\xampp\htdocs\yii\framework\web\widgets\CActiveForm.php(792): CHtml::activeTextField(Object(LoginForm), 'Username', Array)
#4 C:\xampp\htdocs\TesK24PHP\protected\views\site\login.php(24): CActiveForm->textField(Object(LoginForm), 'Username')
#5 C:\xampp\htdocs\yii\framework\web\CBaseController.php(126): require('C:\\xampp\\htdocs...')
#6 C:\xampp\htdocs\yii\framework\web\CBaseController.php(95): CBaseController->renderInternal('C:\\xampp\\htdocs...', Array, true)
#7 C:\xampp\htdocs\yii\framework\web\CController.php(872): CBaseController->renderFile('C:\\xampp\\htdocs...', Array, true)
#8 C:\xampp\htdocs\yii\framework\web\CController.php(785): CController->renderPartial('login', Array, true)
#9 C:\xampp\htdocs\TesK24PHP\protected\controllers\SiteController.php(98): CController->render('login', Array)
#10 C:\xampp\htdocs\yii\framework\web\actions\CInlineAction.php(49): SiteController->actionLogin()
#11 C:\xampp\htdocs\yii\framework\web\CController.php(308): CInlineAction->runWithParams(Array)
#12 C:\xampp\htdocs\yii\framework\web\CController.php(286): CController->runAction(Object(CInlineAction))
#13 C:\xampp\htdocs\yii\framework\web\CController.php(265): CController->runActionWithFilters(Object(CInlineAction), Array)
#14 C:\xampp\htdocs\yii\framework\web\CWebApplication.php(282): CController->run('login')
#15 C:\xampp\htdocs\yii\framework\web\CWebApplication.php(141): CWebApplication->runController('site/login')
#16 C:\xampp\htdocs\yii\framework\base\CApplication.php(185): CWebApplication->processRequest()
#17 C:\xampp\htdocs\TesK24PHP\index.php(13): CApplication->run()
#18 {main}
REQUEST_URI=/TesK24PHP/index.php?r=site/login
HTTP_REFERER=http://localhost/TesK24PHP/index.php?r=user
---
2017/10/19 15:46:10 [error] [exception.CException] CException: Property "LoginForm.Username" is not defined. in C:\xampp\htdocs\yii\framework\base\CComponent.php:130
Stack trace:
#0 C:\xampp\htdocs\yii\framework\web\helpers\CHtml.php(2747): CComponent->__get('Username')
#1 C:\xampp\htdocs\yii\framework\web\helpers\CHtml.php(2470): CHtml::resolveValue(Object(LoginForm), 'Username')
#2 C:\xampp\htdocs\yii\framework\web\helpers\CHtml.php(1540): CHtml::activeInputField('text', Object(LoginForm), 'Username', Array)
#3 C:\xampp\htdocs\yii\framework\web\widgets\CActiveForm.php(792): CHtml::activeTextField(Object(LoginForm), 'Username', Array)
#4 C:\xampp\htdocs\TesK24PHP\protected\views\site\login.php(24): CActiveForm->textField(Object(LoginForm), 'Username')
#5 C:\xampp\htdocs\yii\framework\web\CBaseController.php(126): require('C:\\xampp\\htdocs...')
#6 C:\xampp\htdocs\yii\framework\web\CBaseController.php(95): CBaseController->renderInternal('C:\\xampp\\htdocs...', Array, true)
#7 C:\xampp\htdocs\yii\framework\web\CController.php(872): CBaseController->renderFile('C:\\xampp\\htdocs...', Array, true)
#8 C:\xampp\htdocs\yii\framework\web\CController.php(785): CController->renderPartial('login', Array, true)
#9 C:\xampp\htdocs\TesK24PHP\protected\controllers\SiteController.php(98): CController->render('login', Array)
#10 C:\xampp\htdocs\yii\framework\web\actions\CInlineAction.php(49): SiteController->actionLogin()
#11 C:\xampp\htdocs\yii\framework\web\CController.php(308): CInlineAction->runWithParams(Array)
#12 C:\xampp\htdocs\yii\framework\web\CController.php(286): CController->runAction(Object(CInlineAction))
#13 C:\xampp\htdocs\yii\framework\web\CController.php(265): CController->runActionWithFilters(Object(CInlineAction), Array)
#14 C:\xampp\htdocs\yii\framework\web\CWebApplication.php(282): CController->run('login')
#15 C:\xampp\htdocs\yii\framework\web\CWebApplication.php(141): CWebApplication->runController('site/login')
#16 C:\xampp\htdocs\yii\framework\base\CApplication.php(185): CWebApplication->processRequest()
#17 C:\xampp\htdocs\TesK24PHP\index.php(13): CApplication->run()
#18 {main}
REQUEST_URI=/TesK24PHP/index.php?r=site/login
HTTP_REFERER=http://localhost/TesK24PHP/index.php?r=site/contact
---
2017/10/19 16:03:02 [error] [exception.ParseError] ParseError: syntax error, unexpected 'public' (T_PUBLIC) in C:\xampp\htdocs\TesK24PHP\protected\models\LoginForm.php:86
Stack trace:
#0 [internal function]: YiiBase::autoload('LoginForm')
#1 C:\xampp\htdocs\TesK24PHP\protected\controllers\SiteController.php(80): spl_autoload_call('LoginForm')
#2 C:\xampp\htdocs\yii\framework\web\actions\CInlineAction.php(49): SiteController->actionLogin()
#3 C:\xampp\htdocs\yii\framework\web\CController.php(308): CInlineAction->runWithParams(Array)
#4 C:\xampp\htdocs\yii\framework\web\CController.php(286): CController->runAction(Object(CInlineAction))
#5 C:\xampp\htdocs\yii\framework\web\CController.php(265): CController->runActionWithFilters(Object(CInlineAction), Array)
#6 C:\xampp\htdocs\yii\framework\web\CWebApplication.php(282): CController->run('login')
#7 C:\xampp\htdocs\yii\framework\web\CWebApplication.php(141): CWebApplication->runController('site/login')
#8 C:\xampp\htdocs\yii\framework\base\CApplication.php(185): CWebApplication->processRequest()
#9 C:\xampp\htdocs\TesK24PHP\index.php(13): CApplication->run()
#10 {main}
REQUEST_URI=/TesK24PHP/index.php?r=site/login
HTTP_REFERER=http://localhost/TesK24PHP/index.php?r=user
---
2017/10/19 16:03:08 [error] [exception.ParseError] ParseError: syntax error, unexpected 'public' (T_PUBLIC) in C:\xampp\htdocs\TesK24PHP\protected\models\LoginForm.php:86
Stack trace:
#0 [internal function]: YiiBase::autoload('LoginForm')
#1 C:\xampp\htdocs\TesK24PHP\protected\controllers\SiteController.php(80): spl_autoload_call('LoginForm')
#2 C:\xampp\htdocs\yii\framework\web\actions\CInlineAction.php(49): SiteController->actionLogin()
#3 C:\xampp\htdocs\yii\framework\web\CController.php(308): CInlineAction->runWithParams(Array)
#4 C:\xampp\htdocs\yii\framework\web\CController.php(286): CController->runAction(Object(CInlineAction))
#5 C:\xampp\htdocs\yii\framework\web\CController.php(265): CController->runActionWithFilters(Object(CInlineAction), Array)
#6 C:\xampp\htdocs\yii\framework\web\CWebApplication.php(282): CController->run('login')
#7 C:\xampp\htdocs\yii\framework\web\CWebApplication.php(141): CWebApplication->runController('site/login')
#8 C:\xampp\htdocs\yii\framework\base\CApplication.php(185): CWebApplication->processRequest()
#9 C:\xampp\htdocs\TesK24PHP\index.php(13): CApplication->run()
#10 {main}
REQUEST_URI=/TesK24PHP/index.php?r=site/login
HTTP_REFERER=http://localhost/TesK24PHP/index.php?r=user
---
2017/10/19 16:17:25 [error] [exception.CDbException] CDbException: Table "user" does not have a column named "username". in C:\xampp\htdocs\yii\framework\db\schema\CDbCommandBuilder.php:697
Stack trace:
#0 C:\xampp\htdocs\yii\framework\db\ar\CActiveRecord.php(1526): CDbCommandBuilder->createColumnCriteria(Object(CMysqlTableSchema), Array, '', Array, '`t`.')
#1 C:\xampp\htdocs\TesK24PHP\protected\models\LoginForm.php(51): CActiveRecord->findByAttributes(Array)
#2 C:\xampp\htdocs\yii\framework\validators\CInlineValidator.php(42): LoginForm->authenticate('password', Array)
#3 C:\xampp\htdocs\yii\framework\validators\CValidator.php(201): CInlineValidator->validateAttribute(Object(LoginForm), 'password')
#4 C:\xampp\htdocs\yii\framework\base\CModel.php(159): CValidator->validate(Object(LoginForm), Array)
#5 C:\xampp\htdocs\TesK24PHP\protected\controllers\SiteController.php(94): CModel->validate()
#6 C:\xampp\htdocs\yii\framework\web\actions\CInlineAction.php(49): SiteController->actionLogin()
#7 C:\xampp\htdocs\yii\framework\web\CController.php(308): CInlineAction->runWithParams(Array)
#8 C:\xampp\htdocs\yii\framework\web\CController.php(286): CController->runAction(Object(CInlineAction))
#9 C:\xampp\htdocs\yii\framework\web\CController.php(265): CController->runActionWithFilters(Object(CInlineAction), Array)
#10 C:\xampp\htdocs\yii\framework\web\CWebApplication.php(282): CController->run('login')
#11 C:\xampp\htdocs\yii\framework\web\CWebApplication.php(141): CWebApplication->runController('site/login')
#12 C:\xampp\htdocs\yii\framework\base\CApplication.php(185): CWebApplication->processRequest()
#13 C:\xampp\htdocs\TesK24PHP\index.php(13): CApplication->run()
#14 {main}
REQUEST_URI=/TesK24PHP/index.php?r=site/login
HTTP_REFERER=http://localhost/TesK24PHP/index.php?r=site/login
---
2017/10/19 16:19:51 [error] [exception.CDbException] CDbException: Table "user" does not have a column named "username". in C:\xampp\htdocs\yii\framework\db\schema\CDbCommandBuilder.php:697
Stack trace:
#0 C:\xampp\htdocs\yii\framework\db\ar\CActiveRecord.php(1526): CDbCommandBuilder->createColumnCriteria(Object(CMysqlTableSchema), Array, '', Array, '`t`.')
#1 C:\xampp\htdocs\TesK24PHP\protected\models\LoginForm.php(51): CActiveRecord->findByAttributes(Array)
#2 C:\xampp\htdocs\yii\framework\validators\CInlineValidator.php(42): LoginForm->authenticate('password', Array)
#3 C:\xampp\htdocs\yii\framework\validators\CValidator.php(201): CInlineValidator->validateAttribute(Object(LoginForm), 'password')
#4 C:\xampp\htdocs\yii\framework\base\CModel.php(159): CValidator->validate(Object(LoginForm), Array)
#5 C:\xampp\htdocs\TesK24PHP\protected\controllers\SiteController.php(94): CModel->validate()
#6 C:\xampp\htdocs\yii\framework\web\actions\CInlineAction.php(49): SiteController->actionLogin()
#7 C:\xampp\htdocs\yii\framework\web\CController.php(308): CInlineAction->runWithParams(Array)
#8 C:\xampp\htdocs\yii\framework\web\CController.php(286): CController->runAction(Object(CInlineAction))
#9 C:\xampp\htdocs\yii\framework\web\CController.php(265): CController->runActionWithFilters(Object(CInlineAction), Array)
#10 C:\xampp\htdocs\yii\framework\web\CWebApplication.php(282): CController->run('login')
#11 C:\xampp\htdocs\yii\framework\web\CWebApplication.php(141): CWebApplication->runController('site/login')
#12 C:\xampp\htdocs\yii\framework\base\CApplication.php(185): CWebApplication->processRequest()
#13 C:\xampp\htdocs\TesK24PHP\index.php(13): CApplication->run()
#14 {main}
REQUEST_URI=/TesK24PHP/index.php?r=site/login
HTTP_REFERER=http://localhost/TesK24PHP/index.php?r=site/login
---
2017/10/19 16:19:53 [error] [exception.CDbException] CDbException: Table "user" does not have a column named "username". in C:\xampp\htdocs\yii\framework\db\schema\CDbCommandBuilder.php:697
Stack trace:
#0 C:\xampp\htdocs\yii\framework\db\ar\CActiveRecord.php(1526): CDbCommandBuilder->createColumnCriteria(Object(CMysqlTableSchema), Array, '', Array, '`t`.')
#1 C:\xampp\htdocs\TesK24PHP\protected\models\LoginForm.php(51): CActiveRecord->findByAttributes(Array)
#2 C:\xampp\htdocs\yii\framework\validators\CInlineValidator.php(42): LoginForm->authenticate('password', Array)
#3 C:\xampp\htdocs\yii\framework\validators\CValidator.php(201): CInlineValidator->validateAttribute(Object(LoginForm), 'password')
#4 C:\xampp\htdocs\yii\framework\base\CModel.php(159): CValidator->validate(Object(LoginForm), Array)
#5 C:\xampp\htdocs\TesK24PHP\protected\controllers\SiteController.php(94): CModel->validate()
#6 C:\xampp\htdocs\yii\framework\web\actions\CInlineAction.php(49): SiteController->actionLogin()
#7 C:\xampp\htdocs\yii\framework\web\CController.php(308): CInlineAction->runWithParams(Array)
#8 C:\xampp\htdocs\yii\framework\web\CController.php(286): CController->runAction(Object(CInlineAction))
#9 C:\xampp\htdocs\yii\framework\web\CController.php(265): CController->runActionWithFilters(Object(CInlineAction), Array)
#10 C:\xampp\htdocs\yii\framework\web\CWebApplication.php(282): CController->run('login')
#11 C:\xampp\htdocs\yii\framework\web\CWebApplication.php(141): CWebApplication->runController('site/login')
#12 C:\xampp\htdocs\yii\framework\base\CApplication.php(185): CWebApplication->processRequest()
#13 C:\xampp\htdocs\TesK24PHP\index.php(13): CApplication->run()
#14 {main}
REQUEST_URI=/TesK24PHP/index.php?r=site/login
HTTP_REFERER=http://localhost/TesK24PHP/index.php?r=site/login
---
2017/10/19 16:19:56 [error] [exception.CDbException] CDbException: Table "user" does not have a column named "username". in C:\xampp\htdocs\yii\framework\db\schema\CDbCommandBuilder.php:697
Stack trace:
#0 C:\xampp\htdocs\yii\framework\db\ar\CActiveRecord.php(1526): CDbCommandBuilder->createColumnCriteria(Object(CMysqlTableSchema), Array, '', Array, '`t`.')
#1 C:\xampp\htdocs\TesK24PHP\protected\models\LoginForm.php(51): CActiveRecord->findByAttributes(Array)
#2 C:\xampp\htdocs\yii\framework\validators\CInlineValidator.php(42): LoginForm->authenticate('password', Array)
#3 C:\xampp\htdocs\yii\framework\validators\CValidator.php(201): CInlineValidator->validateAttribute(Object(LoginForm), 'password')
#4 C:\xampp\htdocs\yii\framework\base\CModel.php(159): CValidator->validate(Object(LoginForm), Array)
#5 C:\xampp\htdocs\TesK24PHP\protected\controllers\SiteController.php(94): CModel->validate()
#6 C:\xampp\htdocs\yii\framework\web\actions\CInlineAction.php(49): SiteController->actionLogin()
#7 C:\xampp\htdocs\yii\framework\web\CController.php(308): CInlineAction->runWithParams(Array)
#8 C:\xampp\htdocs\yii\framework\web\CController.php(286): CController->runAction(Object(CInlineAction))
#9 C:\xampp\htdocs\yii\framework\web\CController.php(265): CController->runActionWithFilters(Object(CInlineAction), Array)
#10 C:\xampp\htdocs\yii\framework\web\CWebApplication.php(282): CController->run('login')
#11 C:\xampp\htdocs\yii\framework\web\CWebApplication.php(141): CWebApplication->runController('site/login')
#12 C:\xampp\htdocs\yii\framework\base\CApplication.php(185): CWebApplication->processRequest()
#13 C:\xampp\htdocs\TesK24PHP\index.php(13): CApplication->run()
#14 {main}
REQUEST_URI=/TesK24PHP/index.php?r=site/login
HTTP_REFERER=http://localhost/TesK24PHP/index.php?r=site/login
---
2017/10/19 16:23:11 [error] [exception.CDbException] CDbException: Table "user" does not have a column named "username". in C:\xampp\htdocs\yii\framework\db\schema\CDbCommandBuilder.php:697
Stack trace:
#0 C:\xampp\htdocs\yii\framework\db\ar\CActiveRecord.php(1526): CDbCommandBuilder->createColumnCriteria(Object(CMysqlTableSchema), Array, '', Array, '`t`.')
#1 C:\xampp\htdocs\TesK24PHP\protected\models\LoginForm.php(51): CActiveRecord->findByAttributes(Array)
#2 C:\xampp\htdocs\yii\framework\validators\CInlineValidator.php(42): LoginForm->authenticate('password', Array)
#3 C:\xampp\htdocs\yii\framework\validators\CValidator.php(201): CInlineValidator->validateAttribute(Object(LoginForm), 'password')
#4 C:\xampp\htdocs\yii\framework\base\CModel.php(159): CValidator->validate(Object(LoginForm), Array)
#5 C:\xampp\htdocs\TesK24PHP\protected\controllers\SiteController.php(94): CModel->validate()
#6 C:\xampp\htdocs\yii\framework\web\actions\CInlineAction.php(49): SiteController->actionLogin()
#7 C:\xampp\htdocs\yii\framework\web\CController.php(308): CInlineAction->runWithParams(Array)
#8 C:\xampp\htdocs\yii\framework\web\CController.php(286): CController->runAction(Object(CInlineAction))
#9 C:\xampp\htdocs\yii\framework\web\CController.php(265): CController->runActionWithFilters(Object(CInlineAction), Array)
#10 C:\xampp\htdocs\yii\framework\web\CWebApplication.php(282): CController->run('login')
#11 C:\xampp\htdocs\yii\framework\web\CWebApplication.php(141): CWebApplication->runController('site/login')
#12 C:\xampp\htdocs\yii\framework\base\CApplication.php(185): CWebApplication->processRequest()
#13 C:\xampp\htdocs\TesK24PHP\index.php(13): CApplication->run()
#14 {main}
REQUEST_URI=/TesK24PHP/index.php?r=site/login
HTTP_REFERER=http://localhost/TesK24PHP/index.php?r=site/login
---
2017/10/19 16:23:15 [error] [exception.CDbException] CDbException: Table "user" does not have a column named "username". in C:\xampp\htdocs\yii\framework\db\schema\CDbCommandBuilder.php:697
Stack trace:
#0 C:\xampp\htdocs\yii\framework\db\ar\CActiveRecord.php(1526): CDbCommandBuilder->createColumnCriteria(Object(CMysqlTableSchema), Array, '', Array, '`t`.')
#1 C:\xampp\htdocs\TesK24PHP\protected\models\LoginForm.php(51): CActiveRecord->findByAttributes(Array)
#2 C:\xampp\htdocs\yii\framework\validators\CInlineValidator.php(42): LoginForm->authenticate('password', Array)
#3 C:\xampp\htdocs\yii\framework\validators\CValidator.php(201): CInlineValidator->validateAttribute(Object(LoginForm), 'password')
#4 C:\xampp\htdocs\yii\framework\base\CModel.php(159): CValidator->validate(Object(LoginForm), Array)
#5 C:\xampp\htdocs\TesK24PHP\protected\controllers\SiteController.php(94): CModel->validate()
#6 C:\xampp\htdocs\yii\framework\web\actions\CInlineAction.php(49): SiteController->actionLogin()
#7 C:\xampp\htdocs\yii\framework\web\CController.php(308): CInlineAction->runWithParams(Array)
#8 C:\xampp\htdocs\yii\framework\web\CController.php(286): CController->runAction(Object(CInlineAction))
#9 C:\xampp\htdocs\yii\framework\web\CController.php(265): CController->runActionWithFilters(Object(CInlineAction), Array)
#10 C:\xampp\htdocs\yii\framework\web\CWebApplication.php(282): CController->run('login')
#11 C:\xampp\htdocs\yii\framework\web\CWebApplication.php(141): CWebApplication->runController('site/login')
#12 C:\xampp\htdocs\yii\framework\base\CApplication.php(185): CWebApplication->processRequest()
#13 C:\xampp\htdocs\TesK24PHP\index.php(13): CApplication->run()
#14 {main}
REQUEST_URI=/TesK24PHP/index.php?r=site/login
HTTP_REFERER=http://localhost/TesK24PHP/index.php?r=site/login
---
2017/10/19 16:23:59 [error] [exception.Error] Error: Undefined class constant 'ERROR_USERNAME_INVALID' in C:\xampp\htdocs\TesK24PHP\protected\models\LoginForm.php:55
Stack trace:
#0 C:\xampp\htdocs\yii\framework\validators\CInlineValidator.php(42): LoginForm->authenticate('password', Array)
#1 C:\xampp\htdocs\yii\framework\validators\CValidator.php(201): CInlineValidator->validateAttribute(Object(LoginForm), 'password')
#2 C:\xampp\htdocs\yii\framework\base\CModel.php(159): CValidator->validate(Object(LoginForm), Array)
#3 C:\xampp\htdocs\TesK24PHP\protected\controllers\SiteController.php(94): CModel->validate()
#4 C:\xampp\htdocs\yii\framework\web\actions\CInlineAction.php(49): SiteController->actionLogin()
#5 C:\xampp\htdocs\yii\framework\web\CController.php(308): CInlineAction->runWithParams(Array)
#6 C:\xampp\htdocs\yii\framework\web\CController.php(286): CController->runAction(Object(CInlineAction))
#7 C:\xampp\htdocs\yii\framework\web\CController.php(265): CController->runActionWithFilters(Object(CInlineAction), Array)
#8 C:\xampp\htdocs\yii\framework\web\CWebApplication.php(282): CController->run('login')
#9 C:\xampp\htdocs\yii\framework\web\CWebApplication.php(141): CWebApplication->runController('site/login')
#10 C:\xampp\htdocs\yii\framework\base\CApplication.php(185): CWebApplication->processRequest()
#11 C:\xampp\htdocs\TesK24PHP\index.php(13): CApplication->run()
#12 {main}
REQUEST_URI=/TesK24PHP/index.php?r=site/login
HTTP_REFERER=http://localhost/TesK24PHP/index.php?r=site/login
---
2017/10/19 16:27:14 [error] [exception.Error] Error: Undefined class constant 'ERROR_USERNAME_INVALID' in C:\xampp\htdocs\TesK24PHP\protected\models\LoginForm.php:55
Stack trace:
#0 C:\xampp\htdocs\yii\framework\validators\CInlineValidator.php(42): LoginForm->authenticate('password', Array)
#1 C:\xampp\htdocs\yii\framework\validators\CValidator.php(201): CInlineValidator->validateAttribute(Object(LoginForm), 'password')
#2 C:\xampp\htdocs\yii\framework\base\CModel.php(159): CValidator->validate(Object(LoginForm), Array)
#3 C:\xampp\htdocs\TesK24PHP\protected\controllers\SiteController.php(94): CModel->validate()
#4 C:\xampp\htdocs\yii\framework\web\actions\CInlineAction.php(49): SiteController->actionLogin()
#5 C:\xampp\htdocs\yii\framework\web\CController.php(308): CInlineAction->runWithParams(Array)
#6 C:\xampp\htdocs\yii\framework\web\CController.php(286): CController->runAction(Object(CInlineAction))
#7 C:\xampp\htdocs\yii\framework\web\CController.php(265): CController->runActionWithFilters(Object(CInlineAction), Array)
#8 C:\xampp\htdocs\yii\framework\web\CWebApplication.php(282): CController->run('login')
#9 C:\xampp\htdocs\yii\framework\web\CWebApplication.php(141): CWebApplication->runController('site/login')
#10 C:\xampp\htdocs\yii\framework\base\CApplication.php(185): CWebApplication->processRequest()
#11 C:\xampp\htdocs\TesK24PHP\index.php(13): CApplication->run()
#12 {main}
REQUEST_URI=/TesK24PHP/index.php?r=site/login
HTTP_REFERER=http://localhost/TesK24PHP/index.php?r=site/login
---
2017/10/19 16:27:21 [error] [exception.Error] Error: Undefined class constant 'ERROR_USERNAME_INVALID' in C:\xampp\htdocs\TesK24PHP\protected\models\LoginForm.php:55
Stack trace:
#0 C:\xampp\htdocs\yii\framework\validators\CInlineValidator.php(42): LoginForm->authenticate('password', Array)
#1 C:\xampp\htdocs\yii\framework\validators\CValidator.php(201): CInlineValidator->validateAttribute(Object(LoginForm), 'password')
#2 C:\xampp\htdocs\yii\framework\base\CModel.php(159): CValidator->validate(Object(LoginForm), Array)
#3 C:\xampp\htdocs\TesK24PHP\protected\controllers\SiteController.php(94): CModel->validate()
#4 C:\xampp\htdocs\yii\framework\web\actions\CInlineAction.php(49): SiteController->actionLogin()
#5 C:\xampp\htdocs\yii\framework\web\CController.php(308): CInlineAction->runWithParams(Array)
#6 C:\xampp\htdocs\yii\framework\web\CController.php(286): CController->runAction(Object(CInlineAction))
#7 C:\xampp\htdocs\yii\framework\web\CController.php(265): CController->runActionWithFilters(Object(CInlineAction), Array)
#8 C:\xampp\htdocs\yii\framework\web\CWebApplication.php(282): CController->run('login')
#9 C:\xampp\htdocs\yii\framework\web\CWebApplication.php(141): CWebApplication->runController('site/login')
#10 C:\xampp\htdocs\yii\framework\base\CApplication.php(185): CWebApplication->processRequest()
#11 C:\xampp\htdocs\TesK24PHP\index.php(13): CApplication->run()
#12 {main}
REQUEST_URI=/TesK24PHP/index.php?r=site/login
HTTP_REFERER=http://localhost/TesK24PHP/index.php?r=site/login
---
2017/10/19 16:27:35 [error] [exception.CException] CException: Property "User.password" is not defined. in C:\xampp\htdocs\yii\framework\base\CComponent.php:130
Stack trace:
#0 C:\xampp\htdocs\yii\framework\db\ar\CActiveRecord.php(145): CComponent->__get('password')
#1 C:\xampp\htdocs\TesK24PHP\protected\components\UserIdentity.php(27): CActiveRecord->__get('password')
#2 C:\xampp\htdocs\TesK24PHP\protected\models\LoginForm.php(56): UserIdentity->authenticate()
#3 C:\xampp\htdocs\yii\framework\validators\CInlineValidator.php(42): LoginForm->authenticate('password', Array)
#4 C:\xampp\htdocs\yii\framework\validators\CValidator.php(201): CInlineValidator->validateAttribute(Object(LoginForm), 'password')
#5 C:\xampp\htdocs\yii\framework\base\CModel.php(159): CValidator->validate(Object(LoginForm), Array)
#6 C:\xampp\htdocs\TesK24PHP\protected\controllers\SiteController.php(94): CModel->validate()
#7 C:\xampp\htdocs\yii\framework\web\actions\CInlineAction.php(49): SiteController->actionLogin()
#8 C:\xampp\htdocs\yii\framework\web\CController.php(308): CInlineAction->runWithParams(Array)
#9 C:\xampp\htdocs\yii\framework\web\CController.php(286): CController->runAction(Object(CInlineAction))
#10 C:\xampp\htdocs\yii\framework\web\CController.php(265): CController->runActionWithFilters(Object(CInlineAction), Array)
#11 C:\xampp\htdocs\yii\framework\web\CWebApplication.php(282): CController->run('login')
#12 C:\xampp\htdocs\yii\framework\web\CWebApplication.php(141): CWebApplication->runController('site/login')
#13 C:\xampp\htdocs\yii\framework\base\CApplication.php(185): CWebApplication->processRequest()
#14 C:\xampp\htdocs\TesK24PHP\index.php(13): CApplication->run()
#15 {main}
REQUEST_URI=/TesK24PHP/index.php?r=site/login
HTTP_REFERER=http://localhost/TesK24PHP/index.php?r=site/login
---
2017/10/19 16:27:54 [error] [exception.CException] CException: Property "User.password" is not defined. in C:\xampp\htdocs\yii\framework\base\CComponent.php:130
Stack trace:
#0 C:\xampp\htdocs\yii\framework\db\ar\CActiveRecord.php(145): CComponent->__get('password')
#1 C:\xampp\htdocs\TesK24PHP\protected\components\UserIdentity.php(27): CActiveRecord->__get('password')
#2 C:\xampp\htdocs\TesK24PHP\protected\models\LoginForm.php(56): UserIdentity->authenticate()
#3 C:\xampp\htdocs\yii\framework\validators\CInlineValidator.php(42): LoginForm->authenticate('password', Array)
#4 C:\xampp\htdocs\yii\framework\validators\CValidator.php(201): CInlineValidator->validateAttribute(Object(LoginForm), 'password')
#5 C:\xampp\htdocs\yii\framework\base\CModel.php(159): CValidator->validate(Object(LoginForm), Array)
#6 C:\xampp\htdocs\TesK24PHP\protected\controllers\SiteController.php(94): CModel->validate()
#7 C:\xampp\htdocs\yii\framework\web\actions\CInlineAction.php(49): SiteController->actionLogin()
#8 C:\xampp\htdocs\yii\framework\web\CController.php(308): CInlineAction->runWithParams(Array)
#9 C:\xampp\htdocs\yii\framework\web\CController.php(286): CController->runAction(Object(CInlineAction))
#10 C:\xampp\htdocs\yii\framework\web\CController.php(265): CController->runActionWithFilters(Object(CInlineAction), Array)
#11 C:\xampp\htdocs\yii\framework\web\CWebApplication.php(282): CController->run('login')
#12 C:\xampp\htdocs\yii\framework\web\CWebApplication.php(141): CWebApplication->runController('site/login')
#13 C:\xampp\htdocs\yii\framework\base\CApplication.php(185): CWebApplication->processRequest()
#14 C:\xampp\htdocs\TesK24PHP\index.php(13): CApplication->run()
#15 {main}
REQUEST_URI=/TesK24PHP/index.php?r=site/login
HTTP_REFERER=http://localhost/TesK24PHP/index.php?r=site/login
---
2017/10/19 16:28:34 [error] [exception.CException] CException: Property "User.password" is not defined. in C:\xampp\htdocs\yii\framework\base\CComponent.php:130
Stack trace:
#0 C:\xampp\htdocs\yii\framework\db\ar\CActiveRecord.php(145): CComponent->__get('password')
#1 C:\xampp\htdocs\TesK24PHP\protected\components\UserIdentity.php(27): CActiveRecord->__get('password')
#2 C:\xampp\htdocs\TesK24PHP\protected\models\LoginForm.php(56): UserIdentity->authenticate()
#3 C:\xampp\htdocs\yii\framework\validators\CInlineValidator.php(42): LoginForm->authenticate('password', Array)
#4 C:\xampp\htdocs\yii\framework\validators\CValidator.php(201): CInlineValidator->validateAttribute(Object(LoginForm), 'password')
#5 C:\xampp\htdocs\yii\framework\base\CModel.php(159): CValidator->validate(Object(LoginForm), Array)
#6 C:\xampp\htdocs\TesK24PHP\protected\controllers\SiteController.php(94): CModel->validate()
#7 C:\xampp\htdocs\yii\framework\web\actions\CInlineAction.php(49): SiteController->actionLogin()
#8 C:\xampp\htdocs\yii\framework\web\CController.php(308): CInlineAction->runWithParams(Array)
#9 C:\xampp\htdocs\yii\framework\web\CController.php(286): CController->runAction(Object(CInlineAction))
#10 C:\xampp\htdocs\yii\framework\web\CController.php(265): CController->runActionWithFilters(Object(CInlineAction), Array)
#11 C:\xampp\htdocs\yii\framework\web\CWebApplication.php(282): CController->run('login')
#12 C:\xampp\htdocs\yii\framework\web\CWebApplication.php(141): CWebApplication->runController('site/login')
#13 C:\xampp\htdocs\yii\framework\base\CApplication.php(185): CWebApplication->processRequest()
#14 C:\xampp\htdocs\TesK24PHP\index.php(13): CApplication->run()
#15 {main}
REQUEST_URI=/TesK24PHP/index.php?r=site/login
HTTP_REFERER=http://localhost/TesK24PHP/index.php?r=site/login
---
2017/10/19 16:30:04 [error] [exception.CException] CException: Property "User.password" is not defined. in C:\xampp\htdocs\yii\framework\base\CComponent.php:130
Stack trace:
#0 C:\xampp\htdocs\yii\framework\db\ar\CActiveRecord.php(145): CComponent->__get('password')
#1 C:\xampp\htdocs\TesK24PHP\protected\components\UserIdentity.php(27): CActiveRecord->__get('password')
#2 C:\xampp\htdocs\TesK24PHP\protected\models\LoginForm.php(56): UserIdentity->authenticate()
#3 C:\xampp\htdocs\yii\framework\validators\CInlineValidator.php(42): LoginForm->authenticate('password', Array)
#4 C:\xampp\htdocs\yii\framework\validators\CValidator.php(201): CInlineValidator->validateAttribute(Object(LoginForm), 'password')
#5 C:\xampp\htdocs\yii\framework\base\CModel.php(159): CValidator->validate(Object(LoginForm), Array)
#6 C:\xampp\htdocs\TesK24PHP\protected\controllers\SiteController.php(94): CModel->validate()
#7 C:\xampp\htdocs\yii\framework\web\actions\CInlineAction.php(49): SiteController->actionLogin()
#8 C:\xampp\htdocs\yii\framework\web\CController.php(308): CInlineAction->runWithParams(Array)
#9 C:\xampp\htdocs\yii\framework\web\CController.php(286): CController->runAction(Object(CInlineAction))
#10 C:\xampp\htdocs\yii\framework\web\CController.php(265): CController->runActionWithFilters(Object(CInlineAction), Array)
#11 C:\xampp\htdocs\yii\framework\web\CWebApplication.php(282): CController->run('login')
#12 C:\xampp\htdocs\yii\framework\web\CWebApplication.php(141): CWebApplication->runController('site/login')
#13 C:\xampp\htdocs\yii\framework\base\CApplication.php(185): CWebApplication->processRequest()
#14 C:\xampp\htdocs\TesK24PHP\index.php(13): CApplication->run()
#15 {main}
REQUEST_URI=/TesK24PHP/index.php?r=site/login
HTTP_REFERER=http://localhost/TesK24PHP/index.php?r=site/login
---
2017/10/19 16:31:49 [warning] [application] Failed to set unsafe attribute "username" of "User".
in C:\xampp\htdocs\TesK24PHP\protected\controllers\SiteController.php (94)
in C:\xampp\htdocs\TesK24PHP\index.php (13)
2017/10/19 16:31:49 [warning] [application] Failed to set unsafe attribute "password" of "User".
in C:\xampp\htdocs\TesK24PHP\protected\controllers\SiteController.php (94)
in C:\xampp\htdocs\TesK24PHP\index.php (13)
2017/10/19 16:31:49 [error] [exception.CException] CException: Property "User.username" is not defined. in C:\xampp\htdocs\yii\framework\base\CComponent.php:130
Stack trace:
#0 C:\xampp\htdocs\yii\framework\db\ar\CActiveRecord.php(145): CComponent->__get('username')
#1 C:\xampp\htdocs\yii\framework\web\helpers\CHtml.php(2747): CActiveRecord->__get('username')
#2 C:\xampp\htdocs\yii\framework\web\helpers\CHtml.php(2470): CHtml::resolveValue(Object(User), 'username')
#3 C:\xampp\htdocs\yii\framework\web\helpers\CHtml.php(1540): CHtml::activeInputField('text', Object(User), 'username', Array)
#4 C:\xampp\htdocs\yii\framework\web\widgets\CActiveForm.php(792): CHtml::activeTextField(Object(User), 'username', Array)
#5 C:\xampp\htdocs\TesK24PHP\protected\views\site\login.php(29): CActiveForm->textField(Object(User), 'username')
#6 C:\xampp\htdocs\yii\framework\web\CBaseController.php(126): require('C:\\xampp\\htdocs...')
#7 C:\xampp\htdocs\yii\framework\web\CBaseController.php(95): CBaseController->renderInternal('C:\\xampp\\htdocs...', Array, true)
#8 C:\xampp\htdocs\yii\framework\web\CController.php(872): CBaseController->renderFile('C:\\xampp\\htdocs...', Array, true)
#9 C:\xampp\htdocs\yii\framework\web\CController.php(785): CController->renderPartial('login', Array, true)
#10 C:\xampp\htdocs\TesK24PHP\protected\controllers\SiteController.php(100): CController->render('login', Array)
#11 C:\xampp\htdocs\yii\framework\web\actions\CInlineAction.php(49): SiteController->actionLogin()
#12 C:\xampp\htdocs\yii\framework\web\CController.php(308): CInlineAction->runWithParams(Array)
#13 C:\xampp\htdocs\yii\framework\web\CController.php(286): CController->runAction(Object(CInlineAction))
#14 C:\xampp\htdocs\yii\framework\web\CController.php(265): CController->runActionWithFilters(Object(CInlineAction), Array)
#15 C:\xampp\htdocs\yii\framework\web\CWebApplication.php(282): CController->run('login')
#16 C:\xampp\htdocs\yii\framework\web\CWebApplication.php(141): CWebApplication->runController('site/login')
#17 C:\xampp\htdocs\yii\framework\base\CApplication.php(185): CWebApplication->processRequest()
#18 C:\xampp\htdocs\TesK24PHP\index.php(13): CApplication->run()
#19 {main}
REQUEST_URI=/TesK24PHP/index.php?r=site/login
HTTP_REFERER=http://localhost/TesK24PHP/index.php?r=site/login
---
2017/10/19 16:33:05 [warning] [application] Failed to set unsafe attribute "username" of "User".
in C:\xampp\htdocs\TesK24PHP\protected\controllers\SiteController.php (94)
in C:\xampp\htdocs\TesK24PHP\index.php (13)
2017/10/19 16:33:05 [warning] [application] Failed to set unsafe attribute "password" of "User".
in C:\xampp\htdocs\TesK24PHP\protected\controllers\SiteController.php (94)
in C:\xampp\htdocs\TesK24PHP\index.php (13)
2017/10/19 16:33:05 [error] [exception.CException] CException: Property "User.username" is not defined. in C:\xampp\htdocs\yii\framework\base\CComponent.php:130
Stack trace:
#0 C:\xampp\htdocs\yii\framework\db\ar\CActiveRecord.php(145): CComponent->__get('username')
#1 C:\xampp\htdocs\yii\framework\web\helpers\CHtml.php(2747): CActiveRecord->__get('username')
#2 C:\xampp\htdocs\yii\framework\web\helpers\CHtml.php(2470): CHtml::resolveValue(Object(User), 'username')
#3 C:\xampp\htdocs\yii\framework\web\helpers\CHtml.php(1540): CHtml::activeInputField('text', Object(User), 'username', Array)
#4 C:\xampp\htdocs\yii\framework\web\widgets\CActiveForm.php(792): CHtml::activeTextField(Object(User), 'username', Array)
#5 C:\xampp\htdocs\TesK24PHP\protected\views\site\login.php(29): CActiveForm->textField(Object(User), 'username')
#6 C:\xampp\htdocs\yii\framework\web\CBaseController.php(126): require('C:\\xampp\\htdocs...')
#7 C:\xampp\htdocs\yii\framework\web\CBaseController.php(95): CBaseController->renderInternal('C:\\xampp\\htdocs...', Array, true)
#8 C:\xampp\htdocs\yii\framework\web\CController.php(872): CBaseController->renderFile('C:\\xampp\\htdocs...', Array, true)
#9 C:\xampp\htdocs\yii\framework\web\CController.php(785): CController->renderPartial('login', Array, true)
#10 C:\xampp\htdocs\TesK24PHP\protected\controllers\SiteController.php(100): CController->render('login', Array)
#11 C:\xampp\htdocs\yii\framework\web\actions\CInlineAction.php(49): SiteController->actionLogin()
#12 C:\xampp\htdocs\yii\framework\web\CController.php(308): CInlineAction->runWithParams(Array)
#13 C:\xampp\htdocs\yii\framework\web\CController.php(286): CController->runAction(Object(CInlineAction))
#14 C:\xampp\htdocs\yii\framework\web\CController.php(265): CController->runActionWithFilters(Object(CInlineAction), Array)
#15 C:\xampp\htdocs\yii\framework\web\CWebApplication.php(282): CController->run('login')
#16 C:\xampp\htdocs\yii\framework\web\CWebApplication.php(141): CWebApplication->runController('site/login')
#17 C:\xampp\htdocs\yii\framework\base\CApplication.php(185): CWebApplication->processRequest()
#18 C:\xampp\htdocs\TesK24PHP\index.php(13): CApplication->run()
#19 {main}
REQUEST_URI=/TesK24PHP/index.php?r=site/login
HTTP_REFERER=http://localhost/TesK24PHP/index.php?r=site/login
---
2017/10/19 16:33:19 [warning] [application] Failed to set unsafe attribute "username" of "User".
in C:\xampp\htdocs\TesK24PHP\protected\controllers\SiteController.php (94)
in C:\xampp\htdocs\TesK24PHP\index.php (13)
2017/10/19 16:33:19 [warning] [application] Failed to set unsafe attribute "password" of "User".
in C:\xampp\htdocs\TesK24PHP\protected\controllers\SiteController.php (94)
in C:\xampp\htdocs\TesK24PHP\index.php (13)
2017/10/19 16:33:19 [error] [exception.CException] CException: Property "User.username" is not defined. in C:\xampp\htdocs\yii\framework\base\CComponent.php:130
Stack trace:
#0 C:\xampp\htdocs\yii\framework\db\ar\CActiveRecord.php(145): CComponent->__get('username')
#1 C:\xampp\htdocs\yii\framework\web\helpers\CHtml.php(2747): CActiveRecord->__get('username')
#2 C:\xampp\htdocs\yii\framework\web\helpers\CHtml.php(2470): CHtml::resolveValue(Object(User), 'username')
#3 C:\xampp\htdocs\yii\framework\web\helpers\CHtml.php(1540): CHtml::activeInputField('text', Object(User), 'username', Array)
#4 C:\xampp\htdocs\yii\framework\web\widgets\CActiveForm.php(792): CHtml::activeTextField(Object(User), 'username', Array)
#5 C:\xampp\htdocs\TesK24PHP\protected\views\site\login.php(29): CActiveForm->textField(Object(User), 'username')
#6 C:\xampp\htdocs\yii\framework\web\CBaseController.php(126): require('C:\\xampp\\htdocs...')
#7 C:\xampp\htdocs\yii\framework\web\CBaseController.php(95): CBaseController->renderInternal('C:\\xampp\\htdocs...', Array, true)
#8 C:\xampp\htdocs\yii\framework\web\CController.php(872): CBaseController->renderFile('C:\\xampp\\htdocs...', Array, true)
#9 C:\xampp\htdocs\yii\framework\web\CController.php(785): CController->renderPartial('login', Array, true)
#10 C:\xampp\htdocs\TesK24PHP\protected\controllers\SiteController.php(100): CController->render('login', Array)
#11 C:\xampp\htdocs\yii\framework\web\actions\CInlineAction.php(49): SiteController->actionLogin()
#12 C:\xampp\htdocs\yii\framework\web\CController.php(308): CInlineAction->runWithParams(Array)
#13 C:\xampp\htdocs\yii\framework\web\CController.php(286): CController->runAction(Object(CInlineAction))
#14 C:\xampp\htdocs\yii\framework\web\CController.php(265): CController->runActionWithFilters(Object(CInlineAction), Array)
#15 C:\xampp\htdocs\yii\framework\web\CWebApplication.php(282): CController->run('login')
#16 C:\xampp\htdocs\yii\framework\web\CWebApplication.php(141): CWebApplication->runController('site/login')
#17 C:\xampp\htdocs\yii\framework\base\CApplication.php(185): CWebApplication->processRequest()
#18 C:\xampp\htdocs\TesK24PHP\index.php(13): CApplication->run()
#19 {main}
REQUEST_URI=/TesK24PHP/index.php?r=site/login
HTTP_REFERER=http://localhost/TesK24PHP/index.php?r=site/login
---
2017/10/19 16:34:47 [warning] [application] Failed to set unsafe attribute "username" of "User".
in C:\xampp\htdocs\TesK24PHP\protected\controllers\SiteController.php (94)
in C:\xampp\htdocs\TesK24PHP\index.php (13)
2017/10/19 16:34:47 [warning] [application] Failed to set unsafe attribute "password" of "User".
in C:\xampp\htdocs\TesK24PHP\protected\controllers\SiteController.php (94)
in C:\xampp\htdocs\TesK24PHP\index.php (13)
2017/10/19 16:34:47 [error] [exception.CException] CException: Property "User.username" is not defined. in C:\xampp\htdocs\yii\framework\base\CComponent.php:130
Stack trace:
#0 C:\xampp\htdocs\yii\framework\db\ar\CActiveRecord.php(145): CComponent->__get('username')
#1 C:\xampp\htdocs\yii\framework\web\helpers\CHtml.php(2747): CActiveRecord->__get('username')
#2 C:\xampp\htdocs\yii\framework\web\helpers\CHtml.php(2470): CHtml::resolveValue(Object(User), 'username')
#3 C:\xampp\htdocs\yii\framework\web\helpers\CHtml.php(1540): CHtml::activeInputField('text', Object(User), 'username', Array)
#4 C:\xampp\htdocs\yii\framework\web\widgets\CActiveForm.php(792): CHtml::activeTextField(Object(User), 'username', Array)
#5 C:\xampp\htdocs\TesK24PHP\protected\views\site\login.php(29): CActiveForm->textField(Object(User), 'username')
#6 C:\xampp\htdocs\yii\framework\web\CBaseController.php(126): require('C:\\xampp\\htdocs...')
#7 C:\xampp\htdocs\yii\framework\web\CBaseController.php(95): CBaseController->renderInternal('C:\\xampp\\htdocs...', Array, true)
#8 C:\xampp\htdocs\yii\framework\web\CController.php(872): CBaseController->renderFile('C:\\xampp\\htdocs...', Array, true)
#9 C:\xampp\htdocs\yii\framework\web\CController.php(785): CController->renderPartial('login', Array, true)
#10 C:\xampp\htdocs\TesK24PHP\protected\controllers\SiteController.php(100): CController->render('login', Array)
#11 C:\xampp\htdocs\yii\framework\web\actions\CInlineAction.php(49): SiteController->actionLogin()
#12 C:\xampp\htdocs\yii\framework\web\CController.php(308): CInlineAction->runWithParams(Array)
#13 C:\xampp\htdocs\yii\framework\web\CController.php(286): CController->runAction(Object(CInlineAction))
#14 C:\xampp\htdocs\yii\framework\web\CController.php(265): CController->runActionWithFilters(Object(CInlineAction), Array)
#15 C:\xampp\htdocs\yii\framework\web\CWebApplication.php(282): CController->run('login')
#16 C:\xampp\htdocs\yii\framework\web\CWebApplication.php(141): CWebApplication->runController('site/login')
#17 C:\xampp\htdocs\yii\framework\base\CApplication.php(185): CWebApplication->processRequest()
#18 C:\xampp\htdocs\TesK24PHP\index.php(13): CApplication->run()
#19 {main}
REQUEST_URI=/TesK24PHP/index.php?r=site/login
HTTP_REFERER=http://localhost/TesK24PHP/index.php?r=site/login
---
2017/10/19 16:34:58 [warning] [application] Failed to set unsafe attribute "username" of "User".
in C:\xampp\htdocs\TesK24PHP\protected\controllers\SiteController.php (94)
in C:\xampp\htdocs\TesK24PHP\index.php (13)
2017/10/19 16:34:58 [warning] [application] Failed to set unsafe attribute "password" of "User".
in C:\xampp\htdocs\TesK24PHP\protected\controllers\SiteController.php (94)
in C:\xampp\htdocs\TesK24PHP\index.php (13)
2017/10/19 16:34:58 [error] [exception.CException] CException: Property "User.username" is not defined. in C:\xampp\htdocs\yii\framework\base\CComponent.php:130
Stack trace:
#0 C:\xampp\htdocs\yii\framework\db\ar\CActiveRecord.php(145): CComponent->__get('username')
#1 C:\xampp\htdocs\yii\framework\web\helpers\CHtml.php(2747): CActiveRecord->__get('username')
#2 C:\xampp\htdocs\yii\framework\web\helpers\CHtml.php(2470): CHtml::resolveValue(Object(User), 'username')
#3 C:\xampp\htdocs\yii\framework\web\helpers\CHtml.php(1540): CHtml::activeInputField('text', Object(User), 'username', Array)
#4 C:\xampp\htdocs\yii\framework\web\widgets\CActiveForm.php(792): CHtml::activeTextField(Object(User), 'username', Array)
#5 C:\xampp\htdocs\TesK24PHP\protected\views\site\login.php(29): CActiveForm->textField(Object(User), 'username')
#6 C:\xampp\htdocs\yii\framework\web\CBaseController.php(126): require('C:\\xampp\\htdocs...')
#7 C:\xampp\htdocs\yii\framework\web\CBaseController.php(95): CBaseController->renderInternal('C:\\xampp\\htdocs...', Array, true)
#8 C:\xampp\htdocs\yii\framework\web\CController.php(872): CBaseController->renderFile('C:\\xampp\\htdocs...', Array, true)
#9 C:\xampp\htdocs\yii\framework\web\CController.php(785): CController->renderPartial('login', Array, true)
#10 C:\xampp\htdocs\TesK24PHP\protected\controllers\SiteController.php(100): CController->render('login', Array)
#11 C:\xampp\htdocs\yii\framework\web\actions\CInlineAction.php(49): SiteController->actionLogin()
#12 C:\xampp\htdocs\yii\framework\web\CController.php(308): CInlineAction->runWithParams(Array)
#13 C:\xampp\htdocs\yii\framework\web\CController.php(286): CController->runAction(Object(CInlineAction))
#14 C:\xampp\htdocs\yii\framework\web\CController.php(265): CController->runActionWithFilters(Object(CInlineAction), Array)
#15 C:\xampp\htdocs\yii\framework\web\CWebApplication.php(282): CController->run('login')
#16 C:\xampp\htdocs\yii\framework\web\CWebApplication.php(141): CWebApplication->runController('site/login')
#17 C:\xampp\htdocs\yii\framework\base\CApplication.php(185): CWebApplication->processRequest()
#18 C:\xampp\htdocs\TesK24PHP\index.php(13): CApplication->run()
#19 {main}
REQUEST_URI=/TesK24PHP/index.php?r=site/login
HTTP_REFERER=http://localhost/TesK24PHP/index.php?r=site/login
---
2017/10/19 16:35:29 [warning] [application] Failed to set unsafe attribute "username" of "User".
in C:\xampp\htdocs\TesK24PHP\protected\controllers\SiteController.php (94)
in C:\xampp\htdocs\TesK24PHP\index.php (13)
2017/10/19 16:35:29 [warning] [application] Failed to set unsafe attribute "password" of "User".
in C:\xampp\htdocs\TesK24PHP\protected\controllers\SiteController.php (94)
in C:\xampp\htdocs\TesK24PHP\index.php (13)
2017/10/19 16:35:29 [error] [exception.CException] CException: Property "User.password" is not defined. in C:\xampp\htdocs\yii\framework\base\CComponent.php:130
Stack trace:
#0 C:\xampp\htdocs\yii\framework\db\ar\CActiveRecord.php(145): CComponent->__get('password')
#1 C:\xampp\htdocs\yii\framework\web\helpers\CHtml.php(2747): CActiveRecord->__get('password')
#2 C:\xampp\htdocs\yii\framework\web\helpers\CHtml.php(2470): CHtml::resolveValue(Object(User), 'password')
#3 C:\xampp\htdocs\yii\framework\web\helpers\CHtml.php(1814): CHtml::activeInputField('password', Object(User), 'password', Array)
#4 C:\xampp\htdocs\yii\framework\web\widgets\CActiveForm.php(838): CHtml::activePasswordField(Object(User), 'password', Array)
#5 C:\xampp\htdocs\TesK24PHP\protected\views\site\login.php(35): CActiveForm->passwordField(Object(User), 'password')
#6 C:\xampp\htdocs\yii\framework\web\CBaseController.php(126): require('C:\\xampp\\htdocs...')
#7 C:\xampp\htdocs\yii\framework\web\CBaseController.php(95): CBaseController->renderInternal('C:\\xampp\\htdocs...', Array, true)
#8 C:\xampp\htdocs\yii\framework\web\CController.php(872): CBaseController->renderFile('C:\\xampp\\htdocs...', Array, true)
#9 C:\xampp\htdocs\yii\framework\web\CController.php(785): CController->renderPartial('login', Array, true)
#10 C:\xampp\htdocs\TesK24PHP\protected\controllers\SiteController.php(100): CController->render('login', Array)
#11 C:\xampp\htdocs\yii\framework\web\actions\CInlineAction.php(49): SiteController->actionLogin()
#12 C:\xampp\htdocs\yii\framework\web\CController.php(308): CInlineAction->runWithParams(Array)
#13 C:\xampp\htdocs\yii\framework\web\CController.php(286): CController->runAction(Object(CInlineAction))
#14 C:\xampp\htdocs\yii\framework\web\CController.php(265): CController->runActionWithFilters(Object(CInlineAction), Array)
#15 C:\xampp\htdocs\yii\framework\web\CWebApplication.php(282): CController->run('login')
#16 C:\xampp\htdocs\yii\framework\web\CWebApplication.php(141): CWebApplication->runController('site/login')
#17 C:\xampp\htdocs\yii\framework\base\CApplication.php(185): CWebApplication->processRequest()
#18 C:\xampp\htdocs\TesK24PHP\index.php(13): CApplication->run()
#19 {main}
REQUEST_URI=/TesK24PHP/index.php?r=site/login
HTTP_REFERER=http://localhost/TesK24PHP/index.php?r=site/login
---
2017/10/19 16:35:44 [warning] [application] Failed to set unsafe attribute "username" of "User".
in C:\xampp\htdocs\TesK24PHP\protected\controllers\SiteController.php (94)
in C:\xampp\htdocs\TesK24PHP\index.php (13)
2017/10/19 16:35:44 [warning] [application] Failed to set unsafe attribute "password" of "User".
in C:\xampp\htdocs\TesK24PHP\protected\controllers\SiteController.php (94)
in C:\xampp\htdocs\TesK24PHP\index.php (13)
2017/10/19 16:36:40 [error] [exception.CException] CException: Property "User.username" is not defined. in C:\xampp\htdocs\yii\framework\base\CComponent.php:130
Stack trace:
#0 C:\xampp\htdocs\yii\framework\db\ar\CActiveRecord.php(145): CComponent->__get('username')
#1 C:\xampp\htdocs\yii\framework\web\helpers\CHtml.php(2747): CActiveRecord->__get('username')
#2 C:\xampp\htdocs\yii\framework\web\helpers\CHtml.php(2470): CHtml::resolveValue(Object(User), 'username')
#3 C:\xampp\htdocs\yii\framework\web\helpers\CHtml.php(1540): CHtml::activeInputField('text', Object(User), 'username', Array)
#4 C:\xampp\htdocs\yii\framework\web\widgets\CActiveForm.php(792): CHtml::activeTextField(Object(User), 'username', Array)
#5 C:\xampp\htdocs\TesK24PHP\protected\views\site\login.php(29): CActiveForm->textField(Object(User), 'username')
#6 C:\xampp\htdocs\yii\framework\web\CBaseController.php(126): require('C:\\xampp\\htdocs...')
#7 C:\xampp\htdocs\yii\framework\web\CBaseController.php(95): CBaseController->renderInternal('C:\\xampp\\htdocs...', Array, true)
#8 C:\xampp\htdocs\yii\framework\web\CController.php(872): CBaseController->renderFile('C:\\xampp\\htdocs...', Array, true)
#9 C:\xampp\htdocs\yii\framework\web\CController.php(785): CController->renderPartial('login', Array, true)
#10 C:\xampp\htdocs\TesK24PHP\protected\controllers\SiteController.php(100): CController->render('login', Array)
#11 C:\xampp\htdocs\yii\framework\web\actions\CInlineAction.php(49): SiteController->actionLogin()
#12 C:\xampp\htdocs\yii\framework\web\CController.php(308): CInlineAction->runWithParams(Array)
#13 C:\xampp\htdocs\yii\framework\web\CController.php(286): CController->runAction(Object(CInlineAction))
#14 C:\xampp\htdocs\yii\framework\web\CController.php(265): CController->runActionWithFilters(Object(CInlineAction), Array)
#15 C:\xampp\htdocs\yii\framework\web\CWebApplication.php(282): CController->run('login')
#16 C:\xampp\htdocs\yii\framework\web\CWebApplication.php(141): CWebApplication->runController('site/login')
#17 C:\xampp\htdocs\yii\framework\base\CApplication.php(185): CWebApplication->processRequest()
#18 C:\xampp\htdocs\TesK24PHP\index.php(13): CApplication->run()
#19 {main}
REQUEST_URI=/TesK24PHP/index.php?r=site/login
HTTP_REFERER=http://localhost/TesK24PHP/index.php?r=site/login
---
2017/10/19 16:37:12 [error] [exception.CException] CException: Property "User.username" is not defined. in C:\xampp\htdocs\yii\framework\base\CComponent.php:130
Stack trace:
#0 C:\xampp\htdocs\yii\framework\db\ar\CActiveRecord.php(145): CComponent->__get('username')
#1 C:\xampp\htdocs\yii\framework\web\helpers\CHtml.php(2747): CActiveRecord->__get('username')
#2 C:\xampp\htdocs\yii\framework\web\helpers\CHtml.php(2470): CHtml::resolveValue(Object(User), 'username')
#3 C:\xampp\htdocs\yii\framework\web\helpers\CHtml.php(1540): CHtml::activeInputField('text', Object(User), 'username', Array)
#4 C:\xampp\htdocs\yii\framework\web\widgets\CActiveForm.php(792): CHtml::activeTextField(Object(User), 'username', Array)
#5 C:\xampp\htdocs\TesK24PHP\protected\views\site\login.php(29): CActiveForm->textField(Object(User), 'username')
#6 C:\xampp\htdocs\yii\framework\web\CBaseController.php(126): require('C:\\xampp\\htdocs...')
#7 C:\xampp\htdocs\yii\framework\web\CBaseController.php(95): CBaseController->renderInternal('C:\\xampp\\htdocs...', Array, true)
#8 C:\xampp\htdocs\yii\framework\web\CController.php(872): CBaseController->renderFile('C:\\xampp\\htdocs...', Array, true)
#9 C:\xampp\htdocs\yii\framework\web\CController.php(785): CController->renderPartial('login', Array, true)
#10 C:\xampp\htdocs\TesK24PHP\protected\controllers\SiteController.php(100): CController->render('login', Array)
#11 C:\xampp\htdocs\yii\framework\web\actions\CInlineAction.php(49): SiteController->actionLogin()
#12 C:\xampp\htdocs\yii\framework\web\CController.php(308): CInlineAction->runWithParams(Array)
#13 C:\xampp\htdocs\yii\framework\web\CController.php(286): CController->runAction(Object(CInlineAction))
#14 C:\xampp\htdocs\yii\framework\web\CController.php(265): CController->runActionWithFilters(Object(CInlineAction), Array)
#15 C:\xampp\htdocs\yii\framework\web\CWebApplication.php(282): CController->run('login')
#16 C:\xampp\htdocs\yii\framework\web\CWebApplication.php(141): CWebApplication->runController('site/login')
#17 C:\xampp\htdocs\yii\framework\base\CApplication.php(185): CWebApplication->processRequest()
#18 C:\xampp\htdocs\TesK24PHP\index.php(13): CApplication->run()
#19 {main}
REQUEST_URI=/TesK24PHP/index.php?r=site/login
HTTP_REFERER=http://localhost/TesK24PHP/index.php?r=site/login
---
2017/10/19 16:40:13 [error] [exception.CException] CException: Property "User.username" is not defined. in C:\xampp\htdocs\yii\framework\base\CComponent.php:130
Stack trace:
#0 C:\xampp\htdocs\yii\framework\db\ar\CActiveRecord.php(145): CComponent->__get('username')
#1 C:\xampp\htdocs\yii\framework\web\helpers\CHtml.php(2747): CActiveRecord->__get('username')
#2 C:\xampp\htdocs\yii\framework\web\helpers\CHtml.php(2470): CHtml::resolveValue(Object(User), 'username')
#3 C:\xampp\htdocs\yii\framework\web\helpers\CHtml.php(1540): CHtml::activeInputField('text', Object(User), 'username', Array)
#4 C:\xampp\htdocs\yii\framework\web\widgets\CActiveForm.php(792): CHtml::activeTextField(Object(User), 'username', Array)
#5 C:\xampp\htdocs\TesK24PHP\protected\views\site\login.php(29): CActiveForm->textField(Object(User), 'username')
#6 C:\xampp\htdocs\yii\framework\web\CBaseController.php(126): require('C:\\xampp\\htdocs...')
#7 C:\xampp\htdocs\yii\framework\web\CBaseController.php(95): CBaseController->renderInternal('C:\\xampp\\htdocs...', Array, true)
#8 C:\xampp\htdocs\yii\framework\web\CController.php(872): CBaseController->renderFile('C:\\xampp\\htdocs...', Array, true)
#9 C:\xampp\htdocs\yii\framework\web\CController.php(785): CController->renderPartial('login', Array, true)
#10 C:\xampp\htdocs\TesK24PHP\protected\controllers\SiteController.php(100): CController->render('login', Array)
#11 C:\xampp\htdocs\yii\framework\web\actions\CInlineAction.php(49): SiteController->actionLogin()
#12 C:\xampp\htdocs\yii\framework\web\CController.php(308): CInlineAction->runWithParams(Array)
#13 C:\xampp\htdocs\yii\framework\web\CController.php(286): CController->runAction(Object(CInlineAction))
#14 C:\xampp\htdocs\yii\framework\web\CController.php(265): CController->runActionWithFilters(Object(CInlineAction), Array)
#15 C:\xampp\htdocs\yii\framework\web\CWebApplication.php(282): CController->run('login')
#16 C:\xampp\htdocs\yii\framework\web\CWebApplication.php(141): CWebApplication->runController('site/login')
#17 C:\xampp\htdocs\yii\framework\base\CApplication.php(185): CWebApplication->processRequest()
#18 C:\xampp\htdocs\TesK24PHP\index.php(13): CApplication->run()
#19 {main}
REQUEST_URI=/TesK24PHP/index.php?r=site/login
HTTP_REFERER=http://localhost/TesK24PHP/index.php?r=site/login
---
2017/10/19 16:42:50 [error] [exception.CException] CException: Property "User.username" is not defined. in C:\xampp\htdocs\yii\framework\base\CComponent.php:130
Stack trace:
#0 C:\xampp\htdocs\yii\framework\db\ar\CActiveRecord.php(145): CComponent->__get('username')
#1 C:\xampp\htdocs\yii\framework\web\helpers\CHtml.php(2747): CActiveRecord->__get('username')
#2 C:\xampp\htdocs\yii\framework\web\helpers\CHtml.php(2470): CHtml::resolveValue(Object(User), 'username')
#3 C:\xampp\htdocs\yii\framework\web\helpers\CHtml.php(1540): CHtml::activeInputField('text', Object(User), 'username', Array)
#4 C:\xampp\htdocs\yii\framework\web\widgets\CActiveForm.php(792): CHtml::activeTextField(Object(User), 'username', Array)
#5 C:\xampp\htdocs\TesK24PHP\protected\views\site\login.php(29): CActiveForm->textField(Object(User), 'username')
#6 C:\xampp\htdocs\yii\framework\web\CBaseController.php(126): require('C:\\xampp\\htdocs...')
#7 C:\xampp\htdocs\yii\framework\web\CBaseController.php(95): CBaseController->renderInternal('C:\\xampp\\htdocs...', Array, true)
#8 C:\xampp\htdocs\yii\framework\web\CController.php(872): CBaseController->renderFile('C:\\xampp\\htdocs...', Array, true)
#9 C:\xampp\htdocs\yii\framework\web\CController.php(785): CController->renderPartial('login', Array, true)
#10 C:\xampp\htdocs\TesK24PHP\protected\controllers\SiteController.php(100): CController->render('login', Array)
#11 C:\xampp\htdocs\yii\framework\web\actions\CInlineAction.php(49): SiteController->actionLogin()
#12 C:\xampp\htdocs\yii\framework\web\CController.php(308): CInlineAction->runWithParams(Array)
#13 C:\xampp\htdocs\yii\framework\web\CController.php(286): CController->runAction(Object(CInlineAction))
#14 C:\xampp\htdocs\yii\framework\web\CController.php(265): CController->runActionWithFilters(Object(CInlineAction), Array)
#15 C:\xampp\htdocs\yii\framework\web\CWebApplication.php(282): CController->run('login')
#16 C:\xampp\htdocs\yii\framework\web\CWebApplication.php(141): CWebApplication->runController('site/login')
#17 C:\xampp\htdocs\yii\framework\base\CApplication.php(185): CWebApplication->processRequest()
#18 C:\xampp\htdocs\TesK24PHP\index.php(13): CApplication->run()
#19 {main}
REQUEST_URI=/TesK24PHP/index.php?r=site/login
HTTP_REFERER=http://localhost/TesK24PHP/index.php?r=site/login
---
2017/10/19 16:42:52 [error] [exception.CException] CException: Property "User.username" is not defined. in C:\xampp\htdocs\yii\framework\base\CComponent.php:130
Stack trace:
#0 C:\xampp\htdocs\yii\framework\db\ar\CActiveRecord.php(145): CComponent->__get('username')
#1 C:\xampp\htdocs\yii\framework\web\helpers\CHtml.php(2747): CActiveRecord->__get('username')
#2 C:\xampp\htdocs\yii\framework\web\helpers\CHtml.php(2470): CHtml::resolveValue(Object(User), 'username')
#3 C:\xampp\htdocs\yii\framework\web\helpers\CHtml.php(1540): CHtml::activeInputField('text', Object(User), 'username', Array)
#4 C:\xampp\htdocs\yii\framework\web\widgets\CActiveForm.php(792): CHtml::activeTextField(Object(User), 'username', Array)
#5 C:\xampp\htdocs\TesK24PHP\protected\views\site\login.php(29): CActiveForm->textField(Object(User), 'username')
#6 C:\xampp\htdocs\yii\framework\web\CBaseController.php(126): require('C:\\xampp\\htdocs...')
#7 C:\xampp\htdocs\yii\framework\web\CBaseController.php(95): CBaseController->renderInternal('C:\\xampp\\htdocs...', Array, true)
#8 C:\xampp\htdocs\yii\framework\web\CController.php(872): CBaseController->renderFile('C:\\xampp\\htdocs...', Array, true)
#9 C:\xampp\htdocs\yii\framework\web\CController.php(785): CController->renderPartial('login', Array, true)
#10 C:\xampp\htdocs\TesK24PHP\protected\controllers\SiteController.php(100): CController->render('login', Array)
#11 C:\xampp\htdocs\yii\framework\web\actions\CInlineAction.php(49): SiteController->actionLogin()
#12 C:\xampp\htdocs\yii\framework\web\CController.php(308): CInlineAction->runWithParams(Array)
#13 C:\xampp\htdocs\yii\framework\web\CController.php(286): CController->runAction(Object(CInlineAction))
#14 C:\xampp\htdocs\yii\framework\web\CController.php(265): CController->runActionWithFilters(Object(CInlineAction), Array)
#15 C:\xampp\htdocs\yii\framework\web\CWebApplication.php(282): CController->run('login')
#16 C:\xampp\htdocs\yii\framework\web\CWebApplication.php(141): CWebApplication->runController('site/login')
#17 C:\xampp\htdocs\yii\framework\base\CApplication.php(185): CWebApplication->processRequest()
#18 C:\xampp\htdocs\TesK24PHP\index.php(13): CApplication->run()
#19 {main}
REQUEST_URI=/TesK24PHP/index.php?r=site/login
HTTP_REFERER=http://localhost/TesK24PHP/index.php?r=site/login
---
2017/10/19 16:44:11 [error] [exception.CException] CException: Property "User.username" is not defined. in C:\xampp\htdocs\yii\framework\base\CComponent.php:130
Stack trace:
#0 C:\xampp\htdocs\yii\framework\db\ar\CActiveRecord.php(145): CComponent->__get('username')
#1 C:\xampp\htdocs\yii\framework\web\helpers\CHtml.php(2747): CActiveRecord->__get('username')
#2 C:\xampp\htdocs\yii\framework\web\helpers\CHtml.php(2470): CHtml::resolveValue(Object(User), 'username')
#3 C:\xampp\htdocs\yii\framework\web\helpers\CHtml.php(1540): CHtml::activeInputField('text', Object(User), 'username', Array)
#4 C:\xampp\htdocs\yii\framework\web\widgets\CActiveForm.php(792): CHtml::activeTextField(Object(User), 'username', Array)
#5 C:\xampp\htdocs\TesK24PHP\protected\views\site\login.php(29): CActiveForm->textField(Object(User), 'username')
#6 C:\xampp\htdocs\yii\framework\web\CBaseController.php(126): require('C:\\xampp\\htdocs...')
#7 C:\xampp\htdocs\yii\framework\web\CBaseController.php(95): CBaseController->renderInternal('C:\\xampp\\htdocs...', Array, true)
#8 C:\xampp\htdocs\yii\framework\web\CController.php(872): CBaseController->renderFile('C:\\xampp\\htdocs...', Array, true)
#9 C:\xampp\htdocs\yii\framework\web\CController.php(785): CController->renderPartial('login', Array, true)
#10 C:\xampp\htdocs\TesK24PHP\protected\controllers\SiteController.php(100): CController->render('login', Array)
#11 C:\xampp\htdocs\yii\framework\web\actions\CInlineAction.php(49): SiteController->actionLogin()
#12 C:\xampp\htdocs\yii\framework\web\CController.php(308): CInlineAction->runWithParams(Array)
#13 C:\xampp\htdocs\yii\framework\web\CController.php(286): CController->runAction(Object(CInlineAction))
#14 C:\xampp\htdocs\yii\framework\web\CController.php(265): CController->runActionWithFilters(Object(CInlineAction), Array)
#15 C:\xampp\htdocs\yii\framework\web\CWebApplication.php(282): CController->run('login')
#16 C:\xampp\htdocs\yii\framework\web\CWebApplication.php(141): CWebApplication->runController('site/login')
#17 C:\xampp\htdocs\yii\framework\base\CApplication.php(185): CWebApplication->processRequest()
#18 C:\xampp\htdocs\TesK24PHP\index.php(13): CApplication->run()
#19 {main}
REQUEST_URI=/TesK24PHP/index.php?r=site/login
HTTP_REFERER=http://localhost/TesK24PHP/index.php?r=site/login
---
2017/10/19 16:45:47 [error] [exception.CException] CException: Property "User.username" is not defined. in C:\xampp\htdocs\yii\framework\base\CComponent.php:130
Stack trace:
#0 C:\xampp\htdocs\yii\framework\db\ar\CActiveRecord.php(145): CComponent->__get('username')
#1 C:\xampp\htdocs\yii\framework\web\helpers\CHtml.php(2747): CActiveRecord->__get('username')
#2 C:\xampp\htdocs\yii\framework\web\helpers\CHtml.php(2470): CHtml::resolveValue(Object(User), 'username')
#3 C:\xampp\htdocs\yii\framework\web\helpers\CHtml.php(1540): CHtml::activeInputField('text', Object(User), 'username', Array)
#4 C:\xampp\htdocs\yii\framework\web\widgets\CActiveForm.php(792): CHtml::activeTextField(Object(User), 'username', Array)
#5 C:\xampp\htdocs\TesK24PHP\protected\views\site\login.php(29): CActiveForm->textField(Object(User), 'username')
#6 C:\xampp\htdocs\yii\framework\web\CBaseController.php(126): require('C:\\xampp\\htdocs...')
#7 C:\xampp\htdocs\yii\framework\web\CBaseController.php(95): CBaseController->renderInternal('C:\\xampp\\htdocs...', Array, true)
#8 C:\xampp\htdocs\yii\framework\web\CController.php(872): CBaseController->renderFile('C:\\xampp\\htdocs...', Array, true)
#9 C:\xampp\htdocs\yii\framework\web\CController.php(785): CController->renderPartial('login', Array, true)
#10 C:\xampp\htdocs\TesK24PHP\protected\controllers\SiteController.php(100): CController->render('login', Array)
#11 C:\xampp\htdocs\yii\framework\web\actions\CInlineAction.php(49): SiteController->actionLogin()
#12 C:\xampp\htdocs\yii\framework\web\CController.php(308): CInlineAction->runWithParams(Array)
#13 C:\xampp\htdocs\yii\framework\web\CController.php(286): CController->runAction(Object(CInlineAction))
#14 C:\xampp\htdocs\yii\framework\web\CController.php(265): CController->runActionWithFilters(Object(CInlineAction), Array)
#15 C:\xampp\htdocs\yii\framework\web\CWebApplication.php(282): CController->run('login')
#16 C:\xampp\htdocs\yii\framework\web\CWebApplication.php(141): CWebApplication->runController('site/login')
#17 C:\xampp\htdocs\yii\framework\base\CApplication.php(185): CWebApplication->processRequest()
#18 C:\xampp\htdocs\TesK24PHP\index.php(13): CApplication->run()
#19 {main}
REQUEST_URI=/TesK24PHP/index.php?r=site/login
HTTP_REFERER=http://localhost/TesK24PHP/index.php?r=site/login
---
2017/10/19 16:45:48 [error] [exception.CException] CException: Property "User.username" is not defined. in C:\xampp\htdocs\yii\framework\base\CComponent.php:130
Stack trace:
#0 C:\xampp\htdocs\yii\framework\db\ar\CActiveRecord.php(145): CComponent->__get('username')
#1 C:\xampp\htdocs\yii\framework\web\helpers\CHtml.php(2747): CActiveRecord->__get('username')
#2 C:\xampp\htdocs\yii\framework\web\helpers\CHtml.php(2470): CHtml::resolveValue(Object(User), 'username')
#3 C:\xampp\htdocs\yii\framework\web\helpers\CHtml.php(1540): CHtml::activeInputField('text', Object(User), 'username', Array)
#4 C:\xampp\htdocs\yii\framework\web\widgets\CActiveForm.php(792): CHtml::activeTextField(Object(User), 'username', Array)
#5 C:\xampp\htdocs\TesK24PHP\protected\views\site\login.php(29): CActiveForm->textField(Object(User), 'username')
#6 C:\xampp\htdocs\yii\framework\web\CBaseController.php(126): require('C:\\xampp\\htdocs...')
#7 C:\xampp\htdocs\yii\framework\web\CBaseController.php(95): CBaseController->renderInternal('C:\\xampp\\htdocs...', Array, true)
#8 C:\xampp\htdocs\yii\framework\web\CController.php(872): CBaseController->renderFile('C:\\xampp\\htdocs...', Array, true)
#9 C:\xampp\htdocs\yii\framework\web\CController.php(785): CController->renderPartial('login', Array, true)
#10 C:\xampp\htdocs\TesK24PHP\protected\controllers\SiteController.php(100): CController->render('login', Array)
#11 C:\xampp\htdocs\yii\framework\web\actions\CInlineAction.php(49): SiteController->actionLogin()
#12 C:\xampp\htdocs\yii\framework\web\CController.php(308): CInlineAction->runWithParams(Array)
#13 C:\xampp\htdocs\yii\framework\web\CController.php(286): CController->runAction(Object(CInlineAction))
#14 C:\xampp\htdocs\yii\framework\web\CController.php(265): CController->runActionWithFilters(Object(CInlineAction), Array)
#15 C:\xampp\htdocs\yii\framework\web\CWebApplication.php(282): CController->run('login')
#16 C:\xampp\htdocs\yii\framework\web\CWebApplication.php(141): CWebApplication->runController('site/login')
#17 C:\xampp\htdocs\yii\framework\base\CApplication.php(185): CWebApplication->processRequest()
#18 C:\xampp\htdocs\TesK24PHP\index.php(13): CApplication->run()
#19 {main}
REQUEST_URI=/TesK24PHP/index.php?r=site/login
HTTP_REFERER=http://localhost/TesK24PHP/index.php?r=site/login
---
2017/10/19 16:47:45 [error] [exception.CException] CException: Property "User.username" is not defined. in C:\xampp\htdocs\yii\framework\base\CComponent.php:130
Stack trace:
#0 C:\xampp\htdocs\yii\framework\db\ar\CActiveRecord.php(145): CComponent->__get('username')
#1 C:\xampp\htdocs\yii\framework\web\helpers\CHtml.php(2747): CActiveRecord->__get('username')
#2 C:\xampp\htdocs\yii\framework\web\helpers\CHtml.php(2470): CHtml::resolveValue(Object(User), 'username')
#3 C:\xampp\htdocs\yii\framework\web\helpers\CHtml.php(1540): CHtml::activeInputField('text', Object(User), 'username', Array)
#4 C:\xampp\htdocs\yii\framework\web\widgets\CActiveForm.php(792): CHtml::activeTextField(Object(User), 'username', Array)
#5 C:\xampp\htdocs\TesK24PHP\protected\views\site\login.php(29): CActiveForm->textField(Object(User), 'username')
#6 C:\xampp\htdocs\yii\framework\web\CBaseController.php(126): require('C:\\xampp\\htdocs...')
#7 C:\xampp\htdocs\yii\framework\web\CBaseController.php(95): CBaseController->renderInternal('C:\\xampp\\htdocs...', Array, true)
#8 C:\xampp\htdocs\yii\framework\web\CController.php(872): CBaseController->renderFile('C:\\xampp\\htdocs...', Array, true)
#9 C:\xampp\htdocs\yii\framework\web\CController.php(785): CController->renderPartial('login', Array, true)
#10 C:\xampp\htdocs\TesK24PHP\protected\controllers\SiteController.php(100): CController->render('login', Array)
#11 C:\xampp\htdocs\yii\framework\web\actions\CInlineAction.php(49): SiteController->actionLogin()
#12 C:\xampp\htdocs\yii\framework\web\CController.php(308): CInlineAction->runWithParams(Array)
#13 C:\xampp\htdocs\yii\framework\web\CController.php(286): CController->runAction(Object(CInlineAction))
#14 C:\xampp\htdocs\yii\framework\web\CController.php(265): CController->runActionWithFilters(Object(CInlineAction), Array)
#15 C:\xampp\htdocs\yii\framework\web\CWebApplication.php(282): CController->run('login')
#16 C:\xampp\htdocs\yii\framework\web\CWebApplication.php(141): CWebApplication->runController('site/login')
#17 C:\xampp\htdocs\yii\framework\base\CApplication.php(185): CWebApplication->processRequest()
#18 C:\xampp\htdocs\TesK24PHP\index.php(13): CApplication->run()
#19 {main}
REQUEST_URI=/TesK24PHP/index.php?r=site/login
HTTP_REFERER=http://localhost/TesK24PHP/index.php?r=site/login
---
2017/10/19 17:53:55 [error] [exception.CException] CException: Property "LoginForm.Username" is not defined. in C:\xampp\htdocs\yii\framework\base\CComponent.php:130
Stack trace:
#0 C:\xampp\htdocs\yii\framework\web\helpers\CHtml.php(2747): CComponent->__get('Username')
#1 C:\xampp\htdocs\yii\framework\web\helpers\CHtml.php(2470): CHtml::resolveValue(Object(LoginForm), 'Username')
#2 C:\xampp\htdocs\yii\framework\web\helpers\CHtml.php(1540): CHtml::activeInputField('text', Object(LoginForm), 'Username', Array)
#3 C:\xampp\htdocs\yii\framework\web\widgets\CActiveForm.php(792): CHtml::activeTextField(Object(LoginForm), 'Username', Array)
#4 C:\xampp\htdocs\TesK24PHP\protected\views\site\login.php(29): CActiveForm->textField(Object(LoginForm), 'Username')
#5 C:\xampp\htdocs\yii\framework\web\CBaseController.php(126): require('C:\\xampp\\htdocs...')
#6 C:\xampp\htdocs\yii\framework\web\CBaseController.php(95): CBaseController->renderInternal('C:\\xampp\\htdocs...', Array, true)
#7 C:\xampp\htdocs\yii\framework\web\CController.php(872): CBaseController->renderFile('C:\\xampp\\htdocs...', Array, true)
#8 C:\xampp\htdocs\yii\framework\web\CController.php(785): CController->renderPartial('login', Array, true)
#9 C:\xampp\htdocs\TesK24PHP\protected\controllers\SiteController.php(100): CController->render('login', Array)
#10 C:\xampp\htdocs\yii\framework\web\actions\CInlineAction.php(49): SiteController->actionLogin()
#11 C:\xampp\htdocs\yii\framework\web\CController.php(308): CInlineAction->runWithParams(Array)
#12 C:\xampp\htdocs\yii\framework\web\CController.php(286): CController->runAction(Object(CInlineAction))
#13 C:\xampp\htdocs\yii\framework\web\CController.php(265): CController->runActionWithFilters(Object(CInlineAction), Array)
#14 C:\xampp\htdocs\yii\framework\web\CWebApplication.php(282): CController->run('login')
#15 C:\xampp\htdocs\yii\framework\web\CWebApplication.php(141): CWebApplication->runController('site/login')
#16 C:\xampp\htdocs\yii\framework\base\CApplication.php(185): CWebApplication->processRequest()
#17 C:\xampp\htdocs\TesK24PHP\index.php(13): CApplication->run()
#18 {main}
REQUEST_URI=/TesK24PHP/index.php?r=site/login
HTTP_REFERER=http://localhost/TesK24PHP/index.php?r=site/login
---
2017/10/19 17:54:59 [error] [exception.CException] CException: Property "LoginForm.Username" is not defined. in C:\xampp\htdocs\yii\framework\base\CComponent.php:130
Stack trace:
#0 C:\xampp\htdocs\yii\framework\web\helpers\CHtml.php(2747): CComponent->__get('Username')
#1 C:\xampp\htdocs\yii\framework\web\helpers\CHtml.php(2470): CHtml::resolveValue(Object(LoginForm), 'Username')
#2 C:\xampp\htdocs\yii\framework\web\helpers\CHtml.php(1540): CHtml::activeInputField('text', Object(LoginForm), 'Username', Array)
#3 C:\xampp\htdocs\yii\framework\web\widgets\CActiveForm.php(792): CHtml::activeTextField(Object(LoginForm), 'Username', Array)
#4 C:\xampp\htdocs\TesK24PHP\protected\views\site\login.php(29): CActiveForm->textField(Object(LoginForm), 'Username')
#5 C:\xampp\htdocs\yii\framework\web\CBaseController.php(126): require('C:\\xampp\\htdocs...')
#6 C:\xampp\htdocs\yii\framework\web\CBaseController.php(95): CBaseController->renderInternal('C:\\xampp\\htdocs...', Array, true)
#7 C:\xampp\htdocs\yii\framework\web\CController.php(872): CBaseController->renderFile('C:\\xampp\\htdocs...', Array, true)
#8 C:\xampp\htdocs\yii\framework\web\CController.php(785): CController->renderPartial('login', Array, true)
#9 C:\xampp\htdocs\TesK24PHP\protected\controllers\SiteController.php(100): CController->render('login', Array)
#10 C:\xampp\htdocs\yii\framework\web\actions\CInlineAction.php(49): SiteController->actionLogin()
#11 C:\xampp\htdocs\yii\framework\web\CController.php(308): CInlineAction->runWithParams(Array)
#12 C:\xampp\htdocs\yii\framework\web\CController.php(286): CController->runAction(Object(CInlineAction))
#13 C:\xampp\htdocs\yii\framework\web\CController.php(265): CController->runActionWithFilters(Object(CInlineAction), Array)
#14 C:\xampp\htdocs\yii\framework\web\CWebApplication.php(282): CController->run('login')
#15 C:\xampp\htdocs\yii\framework\web\CWebApplication.php(141): CWebApplication->runController('site/login')
#16 C:\xampp\htdocs\yii\framework\base\CApplication.php(185): CWebApplication->processRequest()
#17 C:\xampp\htdocs\TesK24PHP\index.php(13): CApplication->run()
#18 {main}
REQUEST_URI=/TesK24PHP/index.php?r=site/login
HTTP_REFERER=http://localhost/TesK24PHP/index.php?r=site/login
---
2017/10/19 18:02:55 [warning] [application] Failed to set unsafe attribute "username" of "LoginForm".
in C:\xampp\htdocs\TesK24PHP\protected\controllers\SiteController.php (94)
in C:\xampp\htdocs\TesK24PHP\index.php (13)
2017/10/19 18:02:55 [warning] [application] Failed to set unsafe attribute "password" of "LoginForm".
in C:\xampp\htdocs\TesK24PHP\protected\controllers\SiteController.php (94)
in C:\xampp\htdocs\TesK24PHP\index.php (13)
2017/10/19 18:02:55 [error] [exception.CException] CException: Property "LoginForm.Username" is not defined. in C:\xampp\htdocs\yii\framework\base\CComponent.php:130
Stack trace:
#0 C:\xampp\htdocs\yii\framework\validators\CRequiredValidator.php(58): CComponent->__get('Username')
#1 C:\xampp\htdocs\yii\framework\validators\CValidator.php(201): CRequiredValidator->validateAttribute(Object(LoginForm), 'Username')
#2 C:\xampp\htdocs\yii\framework\base\CModel.php(159): CValidator->validate(Object(LoginForm), Array)
#3 C:\xampp\htdocs\TesK24PHP\protected\controllers\SiteController.php(95): CModel->validate()
#4 C:\xampp\htdocs\yii\framework\web\actions\CInlineAction.php(49): SiteController->actionLogin()
#5 C:\xampp\htdocs\yii\framework\web\CController.php(308): CInlineAction->runWithParams(Array)
#6 C:\xampp\htdocs\yii\framework\web\CController.php(286): CController->runAction(Object(CInlineAction))
#7 C:\xampp\htdocs\yii\framework\web\CController.php(265): CController->runActionWithFilters(Object(CInlineAction), Array)
#8 C:\xampp\htdocs\yii\framework\web\CWebApplication.php(282): CController->run('login')
#9 C:\xampp\htdocs\yii\framework\web\CWebApplication.php(141): CWebApplication->runController('site/login')
#10 C:\xampp\htdocs\yii\framework\base\CApplication.php(185): CWebApplication->processRequest()
#11 C:\xampp\htdocs\TesK24PHP\index.php(13): CApplication->run()
#12 {main}
REQUEST_URI=/TesK24PHP/index.php?r=site/login
HTTP_REFERER=http://localhost/TesK24PHP/index.php?r=site/login
---
2017/10/19 18:03:18 [warning] [application] Failed to set unsafe attribute "username" of "LoginForm".
in C:\xampp\htdocs\TesK24PHP\protected\controllers\SiteController.php (94)
in C:\xampp\htdocs\TesK24PHP\index.php (13)
2017/10/19 18:03:18 [warning] [application] Failed to set unsafe attribute "password" of "LoginForm".
in C:\xampp\htdocs\TesK24PHP\protected\controllers\SiteController.php (94)
in C:\xampp\htdocs\TesK24PHP\index.php (13)
2017/10/19 18:03:18 [error] [exception.CException] CException: Property "LoginForm.Username" is not defined. in C:\xampp\htdocs\yii\framework\base\CComponent.php:130
Stack trace:
#0 C:\xampp\htdocs\yii\framework\validators\CRequiredValidator.php(58): CComponent->__get('Username')
#1 C:\xampp\htdocs\yii\framework\validators\CValidator.php(201): CRequiredValidator->validateAttribute(Object(LoginForm), 'Username')
#2 C:\xampp\htdocs\yii\framework\base\CModel.php(159): CValidator->validate(Object(LoginForm), Array)
#3 C:\xampp\htdocs\TesK24PHP\protected\controllers\SiteController.php(95): CModel->validate()
#4 C:\xampp\htdocs\yii\framework\web\actions\CInlineAction.php(49): SiteController->actionLogin()
#5 C:\xampp\htdocs\yii\framework\web\CController.php(308): CInlineAction->runWithParams(Array)
#6 C:\xampp\htdocs\yii\framework\web\CController.php(286): CController->runAction(Object(CInlineAction))
#7 C:\xampp\htdocs\yii\framework\web\CController.php(265): CController->runActionWithFilters(Object(CInlineAction), Array)
#8 C:\xampp\htdocs\yii\framework\web\CWebApplication.php(282): CController->run('login')
#9 C:\xampp\htdocs\yii\framework\web\CWebApplication.php(141): CWebApplication->runController('site/login')
#10 C:\xampp\htdocs\yii\framework\base\CApplication.php(185): CWebApplication->processRequest()
#11 C:\xampp\htdocs\TesK24PHP\index.php(13): CApplication->run()
#12 {main}
REQUEST_URI=/TesK24PHP/index.php?r=site/login
HTTP_REFERER=http://localhost/TesK24PHP/index.php?r=site/login
---
2017/10/19 18:03:34 [error] [exception.CException] CException: Property "UserIdentity.Username" is not defined. in C:\xampp\htdocs\yii\framework\base\CComponent.php:130
Stack trace:
#0 C:\xampp\htdocs\TesK24PHP\protected\components\UserIdentity.php(21): CComponent->__get('Username')
#1 C:\xampp\htdocs\TesK24PHP\protected\models\LoginForm.php(56): UserIdentity->authenticate()
#2 C:\xampp\htdocs\yii\framework\validators\CInlineValidator.php(42): LoginForm->authenticate('password', Array)
#3 C:\xampp\htdocs\yii\framework\validators\CValidator.php(201): CInlineValidator->validateAttribute(Object(LoginForm), 'password')
#4 C:\xampp\htdocs\yii\framework\base\CModel.php(159): CValidator->validate(Object(LoginForm), Array)
#5 C:\xampp\htdocs\TesK24PHP\protected\controllers\SiteController.php(95): CModel->validate()
#6 C:\xampp\htdocs\yii\framework\web\actions\CInlineAction.php(49): SiteController->actionLogin()
#7 C:\xampp\htdocs\yii\framework\web\CController.php(308): CInlineAction->runWithParams(Array)
#8 C:\xampp\htdocs\yii\framework\web\CController.php(286): CController->runAction(Object(CInlineAction))
#9 C:\xampp\htdocs\yii\framework\web\CController.php(265): CController->runActionWithFilters(Object(CInlineAction), Array)
#10 C:\xampp\htdocs\yii\framework\web\CWebApplication.php(282): CController->run('login')
#11 C:\xampp\htdocs\yii\framework\web\CWebApplication.php(141): CWebApplication->runController('site/login')
#12 C:\xampp\htdocs\yii\framework\base\CApplication.php(185): CWebApplication->processRequest()
#13 C:\xampp\htdocs\TesK24PHP\index.php(13): CApplication->run()
#14 {main}
REQUEST_URI=/TesK24PHP/index.php?r=site/login
HTTP_REFERER=http://localhost/TesK24PHP/index.php?r=site/login
---
2017/10/19 18:04:04 [error] [exception.CDbException] CDbException: Table "user" does not have a column named "username". in C:\xampp\htdocs\yii\framework\db\schema\CDbCommandBuilder.php:697
Stack trace:
#0 C:\xampp\htdocs\yii\framework\db\ar\CActiveRecord.php(1526): CDbCommandBuilder->createColumnCriteria(Object(CMysqlTableSchema), Array, '', Array, '`t`.')
#1 C:\xampp\htdocs\TesK24PHP\protected\components\UserIdentity.php(21): CActiveRecord->findByAttributes(Array)
#2 C:\xampp\htdocs\TesK24PHP\protected\models\LoginForm.php(56): UserIdentity->authenticate()
#3 C:\xampp\htdocs\yii\framework\validators\CInlineValidator.php(42): LoginForm->authenticate('password', Array)
#4 C:\xampp\htdocs\yii\framework\validators\CValidator.php(201): CInlineValidator->validateAttribute(Object(LoginForm), 'password')
#5 C:\xampp\htdocs\yii\framework\base\CModel.php(159): CValidator->validate(Object(LoginForm), Array)
#6 C:\xampp\htdocs\TesK24PHP\protected\controllers\SiteController.php(95): CModel->validate()
#7 C:\xampp\htdocs\yii\framework\web\actions\CInlineAction.php(49): SiteController->actionLogin()
#8 C:\xampp\htdocs\yii\framework\web\CController.php(308): CInlineAction->runWithParams(Array)
#9 C:\xampp\htdocs\yii\framework\web\CController.php(286): CController->runAction(Object(CInlineAction))
#10 C:\xampp\htdocs\yii\framework\web\CController.php(265): CController->runActionWithFilters(Object(CInlineAction), Array)
#11 C:\xampp\htdocs\yii\framework\web\CWebApplication.php(282): CController->run('login')
#12 C:\xampp\htdocs\yii\framework\web\CWebApplication.php(141): CWebApplication->runController('site/login')
#13 C:\xampp\htdocs\yii\framework\base\CApplication.php(185): CWebApplication->processRequest()
#14 C:\xampp\htdocs\TesK24PHP\index.php(13): CApplication->run()
#15 {main}
REQUEST_URI=/TesK24PHP/index.php?r=site/login
HTTP_REFERER=http://localhost/TesK24PHP/index.php?r=site/login
---
2017/10/19 18:04:40 [error] [exception.CDbException] CDbException: Table "user" does not have a column named "username". in C:\xampp\htdocs\yii\framework\db\schema\CDbCommandBuilder.php:697
Stack trace:
#0 C:\xampp\htdocs\yii\framework\db\ar\CActiveRecord.php(1526): CDbCommandBuilder->createColumnCriteria(Object(CMysqlTableSchema), Array, '', Array, '`t`.')
#1 C:\xampp\htdocs\TesK24PHP\protected\components\UserIdentity.php(21): CActiveRecord->findByAttributes(Array)
#2 C:\xampp\htdocs\TesK24PHP\protected\models\LoginForm.php(56): UserIdentity->authenticate()
#3 C:\xampp\htdocs\yii\framework\validators\CInlineValidator.php(42): LoginForm->authenticate('password', Array)
#4 C:\xampp\htdocs\yii\framework\validators\CValidator.php(201): CInlineValidator->validateAttribute(Object(LoginForm), 'password')
#5 C:\xampp\htdocs\yii\framework\base\CModel.php(159): CValidator->validate(Object(LoginForm), Array)
#6 C:\xampp\htdocs\TesK24PHP\protected\controllers\SiteController.php(95): CModel->validate()
#7 C:\xampp\htdocs\yii\framework\web\actions\CInlineAction.php(49): SiteController->actionLogin()
#8 C:\xampp\htdocs\yii\framework\web\CController.php(308): CInlineAction->runWithParams(Array)
#9 C:\xampp\htdocs\yii\framework\web\CController.php(286): CController->runAction(Object(CInlineAction))
#10 C:\xampp\htdocs\yii\framework\web\CController.php(265): CController->runActionWithFilters(Object(CInlineAction), Array)
#11 C:\xampp\htdocs\yii\framework\web\CWebApplication.php(282): CController->run('login')
#12 C:\xampp\htdocs\yii\framework\web\CWebApplication.php(141): CWebApplication->runController('site/login')
#13 C:\xampp\htdocs\yii\framework\base\CApplication.php(185): CWebApplication->processRequest()
#14 C:\xampp\htdocs\TesK24PHP\index.php(13): CApplication->run()
#15 {main}
REQUEST_URI=/TesK24PHP/index.php?r=site/login
HTTP_REFERER=http://localhost/TesK24PHP/index.php?r=site/login
---
2017/10/19 18:05:35 [error] [exception.CException] CException: Property "User.password" is not defined. in C:\xampp\htdocs\yii\framework\base\CComponent.php:130
Stack trace:
#0 C:\xampp\htdocs\yii\framework\db\ar\CActiveRecord.php(145): CComponent->__get('password')
#1 C:\xampp\htdocs\TesK24PHP\protected\components\UserIdentity.php(27): CActiveRecord->__get('password')
#2 C:\xampp\htdocs\TesK24PHP\protected\models\LoginForm.php(56): UserIdentity->authenticate()
#3 C:\xampp\htdocs\yii\framework\validators\CInlineValidator.php(42): LoginForm->authenticate('password', Array)
#4 C:\xampp\htdocs\yii\framework\validators\CValidator.php(201): CInlineValidator->validateAttribute(Object(LoginForm), 'password')
#5 C:\xampp\htdocs\yii\framework\base\CModel.php(159): CValidator->validate(Object(LoginForm), Array)
#6 C:\xampp\htdocs\TesK24PHP\protected\controllers\SiteController.php(95): CModel->validate()
#7 C:\xampp\htdocs\yii\framework\web\actions\CInlineAction.php(49): SiteController->actionLogin()
#8 C:\xampp\htdocs\yii\framework\web\CController.php(308): CInlineAction->runWithParams(Array)
#9 C:\xampp\htdocs\yii\framework\web\CController.php(286): CController->runAction(Object(CInlineAction))
#10 C:\xampp\htdocs\yii\framework\web\CController.php(265): CController->runActionWithFilters(Object(CInlineAction), Array)
#11 C:\xampp\htdocs\yii\framework\web\CWebApplication.php(282): CController->run('login')
#12 C:\xampp\htdocs\yii\framework\web\CWebApplication.php(141): CWebApplication->runController('site/login')
#13 C:\xampp\htdocs\yii\framework\base\CApplication.php(185): CWebApplication->processRequest()
#14 C:\xampp\htdocs\TesK24PHP\index.php(13): CApplication->run()
#15 {main}
REQUEST_URI=/TesK24PHP/index.php?r=site/login
HTTP_REFERER=http://localhost/TesK24PHP/index.php?r=site/login
---
2017/10/19 18:05:53 [error] [exception.CException] CException: Property "User.password" is not defined. in C:\xampp\htdocs\yii\framework\base\CComponent.php:130
Stack trace:
#0 C:\xampp\htdocs\yii\framework\db\ar\CActiveRecord.php(145): CComponent->__get('password')
#1 C:\xampp\htdocs\TesK24PHP\protected\components\UserIdentity.php(27): CActiveRecord->__get('password')
#2 C:\xampp\htdocs\TesK24PHP\protected\models\LoginForm.php(56): UserIdentity->authenticate()
#3 C:\xampp\htdocs\yii\framework\validators\CInlineValidator.php(42): LoginForm->authenticate('password', Array)
#4 C:\xampp\htdocs\yii\framework\validators\CValidator.php(201): CInlineValidator->validateAttribute(Object(LoginForm), 'password')
#5 C:\xampp\htdocs\yii\framework\base\CModel.php(159): CValidator->validate(Object(LoginForm), Array)
#6 C:\xampp\htdocs\TesK24PHP\protected\controllers\SiteController.php(95): CModel->validate()
#7 C:\xampp\htdocs\yii\framework\web\actions\CInlineAction.php(49): SiteController->actionLogin()
#8 C:\xampp\htdocs\yii\framework\web\CController.php(308): CInlineAction->runWithParams(Array)
#9 C:\xampp\htdocs\yii\framework\web\CController.php(286): CController->runAction(Object(CInlineAction))
#10 C:\xampp\htdocs\yii\framework\web\CController.php(265): CController->runActionWithFilters(Object(CInlineAction), Array)
#11 C:\xampp\htdocs\yii\framework\web\CWebApplication.php(282): CController->run('login')
#12 C:\xampp\htdocs\yii\framework\web\CWebApplication.php(141): CWebApplication->runController('site/login')
#13 C:\xampp\htdocs\yii\framework\base\CApplication.php(185): CWebApplication->processRequest()
#14 C:\xampp\htdocs\TesK24PHP\index.php(13): CApplication->run()
#15 {main}
REQUEST_URI=/TesK24PHP/index.php?r=site/login
HTTP_REFERER=http://localhost/TesK24PHP/index.php?r=site/login
---
2017/10/19 18:06:13 [error] [exception.CException] CException: Property "User.password" is not defined. in C:\xampp\htdocs\yii\framework\base\CComponent.php:130
Stack trace:
#0 C:\xampp\htdocs\yii\framework\db\ar\CActiveRecord.php(145): CComponent->__get('password')
#1 C:\xampp\htdocs\TesK24PHP\protected\components\UserIdentity.php(27): CActiveRecord->__get('password')
#2 C:\xampp\htdocs\TesK24PHP\protected\models\LoginForm.php(56): UserIdentity->authenticate()
#3 C:\xampp\htdocs\yii\framework\validators\CInlineValidator.php(42): LoginForm->authenticate('password', Array)
#4 C:\xampp\htdocs\yii\framework\validators\CValidator.php(201): CInlineValidator->validateAttribute(Object(LoginForm), 'password')
#5 C:\xampp\htdocs\yii\framework\base\CModel.php(159): CValidator->validate(Object(LoginForm), Array)
#6 C:\xampp\htdocs\TesK24PHP\protected\controllers\SiteController.php(95): CModel->validate()
#7 C:\xampp\htdocs\yii\framework\web\actions\CInlineAction.php(49): SiteController->actionLogin()
#8 C:\xampp\htdocs\yii\framework\web\CController.php(308): CInlineAction->runWithParams(Array)
#9 C:\xampp\htdocs\yii\framework\web\CController.php(286): CController->runAction(Object(CInlineAction))
#10 C:\xampp\htdocs\yii\framework\web\CController.php(265): CController->runActionWithFilters(Object(CInlineAction), Array)
#11 C:\xampp\htdocs\yii\framework\web\CWebApplication.php(282): CController->run('login')
#12 C:\xampp\htdocs\yii\framework\web\CWebApplication.php(141): CWebApplication->runController('site/login')
#13 C:\xampp\htdocs\yii\framework\base\CApplication.php(185): CWebApplication->processRequest()
#14 C:\xampp\htdocs\TesK24PHP\index.php(13): CApplication->run()
#15 {main}
REQUEST_URI=/TesK24PHP/index.php?r=site/login
HTTP_REFERER=http://localhost/TesK24PHP/index.php?r=site/login
---
2017/10/19 18:07:10 [error] [exception.CException] CException: Property "CDbCriteria.Password" is not defined. in C:\xampp\htdocs\yii\framework\base\CComponent.php:173
Stack trace:
#0 C:\xampp\htdocs\yii\framework\db\schema\CDbCriteria.php(160): CComponent->__set('Password', 'user2')
#1 C:\xampp\htdocs\yii\framework\db\schema\CDbCommandBuilder.php(588): CDbCriteria->__construct(Array)
#2 C:\xampp\htdocs\yii\framework\db\schema\CDbCommandBuilder.php(664): CDbCommandBuilder->createCriteria(Array, Array)
#3 C:\xampp\htdocs\yii\framework\db\ar\CActiveRecord.php(1526): CDbCommandBuilder->createColumnCriteria(Object(CMysqlTableSchema), Array, Array, Array, '`t`.')
#4 C:\xampp\htdocs\TesK24PHP\protected\components\UserIdentity.php(21): CActiveRecord->findByAttributes(Array, Array)
#5 C:\xampp\htdocs\TesK24PHP\protected\models\LoginForm.php(56): UserIdentity->authenticate()
#6 C:\xampp\htdocs\yii\framework\validators\CInlineValidator.php(42): LoginForm->authenticate('password', Array)
#7 C:\xampp\htdocs\yii\framework\validators\CValidator.php(201): CInlineValidator->validateAttribute(Object(LoginForm), 'password')
#8 C:\xampp\htdocs\yii\framework\base\CModel.php(159): CValidator->validate(Object(LoginForm), Array)
#9 C:\xampp\htdocs\TesK24PHP\protected\controllers\SiteController.php(95): CModel->validate()
#10 C:\xampp\htdocs\yii\framework\web\actions\CInlineAction.php(49): SiteController->actionLogin()
#11 C:\xampp\htdocs\yii\framework\web\CController.php(308): CInlineAction->runWithParams(Array)
#12 C:\xampp\htdocs\yii\framework\web\CController.php(286): CController->runAction(Object(CInlineAction))
#13 C:\xampp\htdocs\yii\framework\web\CController.php(265): CController->runActionWithFilters(Object(CInlineAction), Array)
#14 C:\xampp\htdocs\yii\framework\web\CWebApplication.php(282): CController->run('login')
#15 C:\xampp\htdocs\yii\framework\web\CWebApplication.php(141): CWebApplication->runController('site/login')
#16 C:\xampp\htdocs\yii\framework\base\CApplication.php(185): CWebApplication->processRequest()
#17 C:\xampp\htdocs\TesK24PHP\index.php(13): CApplication->run()
#18 {main}
REQUEST_URI=/TesK24PHP/index.php?r=site/login
HTTP_REFERER=http://localhost/TesK24PHP/index.php?r=site/login
---
2017/10/19 18:07:27 [error] [exception.CException] CException: Property "User.password" is not defined. in C:\xampp\htdocs\yii\framework\base\CComponent.php:130
Stack trace:
#0 C:\xampp\htdocs\yii\framework\db\ar\CActiveRecord.php(145): CComponent->__get('password')
#1 C:\xampp\htdocs\TesK24PHP\protected\components\UserIdentity.php(27): CActiveRecord->__get('password')
#2 C:\xampp\htdocs\TesK24PHP\protected\models\LoginForm.php(56): UserIdentity->authenticate()
#3 C:\xampp\htdocs\yii\framework\validators\CInlineValidator.php(42): LoginForm->authenticate('password', Array)
#4 C:\xampp\htdocs\yii\framework\validators\CValidator.php(201): CInlineValidator->validateAttribute(Object(LoginForm), 'password')
#5 C:\xampp\htdocs\yii\framework\base\CModel.php(159): CValidator->validate(Object(LoginForm), Array)
#6 C:\xampp\htdocs\TesK24PHP\protected\controllers\SiteController.php(95): CModel->validate()
#7 C:\xampp\htdocs\yii\framework\web\actions\CInlineAction.php(49): SiteController->actionLogin()
#8 C:\xampp\htdocs\yii\framework\web\CController.php(308): CInlineAction->runWithParams(Array)
#9 C:\xampp\htdocs\yii\framework\web\CController.php(286): CController->runAction(Object(CInlineAction))
#10 C:\xampp\htdocs\yii\framework\web\CController.php(265): CController->runActionWithFilters(Object(CInlineAction), Array)
#11 C:\xampp\htdocs\yii\framework\web\CWebApplication.php(282): CController->run('login')
#12 C:\xampp\htdocs\yii\framework\web\CWebApplication.php(141): CWebApplication->runController('site/login')
#13 C:\xampp\htdocs\yii\framework\base\CApplication.php(185): CWebApplication->processRequest()
#14 C:\xampp\htdocs\TesK24PHP\index.php(13): CApplication->run()
#15 {main}
REQUEST_URI=/TesK24PHP/index.php?r=site/login
HTTP_REFERER=http://localhost/TesK24PHP/index.php?r=site/login
---
2017/10/19 18:11:04 [error] [exception.CException] CException: Property "User.password" is not defined. in C:\xampp\htdocs\yii\framework\base\CComponent.php:130
Stack trace:
#0 C:\xampp\htdocs\yii\framework\db\ar\CActiveRecord.php(145): CComponent->__get('password')
#1 C:\xampp\htdocs\TesK24PHP\protected\components\UserIdentity.php(28): CActiveRecord->__get('password')
#2 C:\xampp\htdocs\TesK24PHP\protected\models\LoginForm.php(56): UserIdentity->authenticate()
#3 C:\xampp\htdocs\yii\framework\validators\CInlineValidator.php(42): LoginForm->authenticate('password', Array)
#4 C:\xampp\htdocs\yii\framework\validators\CValidator.php(201): CInlineValidator->validateAttribute(Object(LoginForm), 'password')
#5 C:\xampp\htdocs\yii\framework\base\CModel.php(159): CValidator->validate(Object(LoginForm), Array)
#6 C:\xampp\htdocs\TesK24PHP\protected\controllers\SiteController.php(95): CModel->validate()
#7 C:\xampp\htdocs\yii\framework\web\actions\CInlineAction.php(49): SiteController->actionLogin()
#8 C:\xampp\htdocs\yii\framework\web\CController.php(308): CInlineAction->runWithParams(Array)
#9 C:\xampp\htdocs\yii\framework\web\CController.php(286): CController->runAction(Object(CInlineAction))
#10 C:\xampp\htdocs\yii\framework\web\CController.php(265): CController->runActionWithFilters(Object(CInlineAction), Array)
#11 C:\xampp\htdocs\yii\framework\web\CWebApplication.php(282): CController->run('login')
#12 C:\xampp\htdocs\yii\framework\web\CWebApplication.php(141): CWebApplication->runController('site/login')
#13 C:\xampp\htdocs\yii\framework\base\CApplication.php(185): CWebApplication->processRequest()
#14 C:\xampp\htdocs\TesK24PHP\index.php(13): CApplication->run()
#15 {main}
REQUEST_URI=/TesK24PHP/index.php?r=site/login
HTTP_REFERER=http://localhost/TesK24PHP/index.php?r=site/login
---
2017/10/19 18:11:17 [error] [php] Undefined variable: user (C:\xampp\htdocs\TesK24PHP\protected\components\UserIdentity.php:23)
Stack trace:
#0 C:\xampp\htdocs\yii\framework\validators\CValidator.php(201): CInlineValidator->validateAttribute()
#1 C:\xampp\htdocs\yii\framework\base\CModel.php(159): CInlineValidator->validate()
#2 C:\xampp\htdocs\TesK24PHP\protected\controllers\SiteController.php(95): LoginForm->validate()
#3 C:\xampp\htdocs\yii\framework\web\actions\CInlineAction.php(49): SiteController->actionLogin()
#4 C:\xampp\htdocs\yii\framework\web\CController.php(308): CInlineAction->runWithParams()
#5 C:\xampp\htdocs\yii\framework\web\CController.php(286): SiteController->runAction()
#6 C:\xampp\htdocs\yii\framework\web\CController.php(265): SiteController->runActionWithFilters()
#7 C:\xampp\htdocs\yii\framework\web\CWebApplication.php(282): SiteController->run()
#8 C:\xampp\htdocs\yii\framework\web\CWebApplication.php(141): CWebApplication->runController()
#9 C:\xampp\htdocs\yii\framework\base\CApplication.php(185): CWebApplication->processRequest()
#10 C:\xampp\htdocs\TesK24PHP\index.php(13): CWebApplication->run()
REQUEST_URI=/TesK24PHP/index.php?r=site/login
in C:\xampp\htdocs\TesK24PHP\protected\components\UserIdentity.php (23)
in C:\xampp\htdocs\TesK24PHP\protected\models\LoginForm.php (56)
in C:\xampp\htdocs\TesK24PHP\protected\controllers\SiteController.php (95)
2017/10/19 18:12:18 [error] [exception.CException] CException: Property "User.password" is not defined. in C:\xampp\htdocs\yii\framework\base\CComponent.php:130
Stack trace:
#0 C:\xampp\htdocs\yii\framework\db\ar\CActiveRecord.php(145): CComponent->__get('password')
#1 C:\xampp\htdocs\TesK24PHP\protected\components\UserIdentity.php(28): CActiveRecord->__get('password')
#2 C:\xampp\htdocs\TesK24PHP\protected\models\LoginForm.php(56): UserIdentity->authenticate()
#3 C:\xampp\htdocs\yii\framework\validators\CInlineValidator.php(42): LoginForm->authenticate('password', Array)
#4 C:\xampp\htdocs\yii\framework\validators\CValidator.php(201): CInlineValidator->validateAttribute(Object(LoginForm), 'password')
#5 C:\xampp\htdocs\yii\framework\base\CModel.php(159): CValidator->validate(Object(LoginForm), Array)
#6 C:\xampp\htdocs\TesK24PHP\protected\controllers\SiteController.php(95): CModel->validate()
#7 C:\xampp\htdocs\yii\framework\web\actions\CInlineAction.php(49): SiteController->actionLogin()
#8 C:\xampp\htdocs\yii\framework\web\CController.php(308): CInlineAction->runWithParams(Array)
#9 C:\xampp\htdocs\yii\framework\web\CController.php(286): CController->runAction(Object(CInlineAction))
#10 C:\xampp\htdocs\yii\framework\web\CController.php(265): CController->runActionWithFilters(Object(CInlineAction), Array)
#11 C:\xampp\htdocs\yii\framework\web\CWebApplication.php(282): CController->run('login')
#12 C:\xampp\htdocs\yii\framework\web\CWebApplication.php(141): CWebApplication->runController('site/login')
#13 C:\xampp\htdocs\yii\framework\base\CApplication.php(185): CWebApplication->processRequest()
#14 C:\xampp\htdocs\TesK24PHP\index.php(13): CApplication->run()
#15 {main}
REQUEST_URI=/TesK24PHP/index.php?r=site/login
HTTP_REFERER=http://localhost/TesK24PHP/index.php?r=site/login
---
2017/10/19 18:47:31 [error] [exception.CHttpException.403] CHttpException: You are not authorized to perform this action. in C:\xampp\htdocs\yii\framework\web\auth\CAccessControlFilter.php:183
Stack trace:
#0 C:\xampp\htdocs\yii\framework\web\auth\CAccessControlFilter.php(145): CAccessControlFilter->accessDenied(Object(CWebUser), 'You are not aut...')
#1 C:\xampp\htdocs\yii\framework\web\filters\CFilter.php(38): CAccessControlFilter->preFilter(Object(CFilterChain))
#2 C:\xampp\htdocs\yii\framework\web\CController.php(1148): CFilter->filter(Object(CFilterChain))
#3 C:\xampp\htdocs\yii\framework\web\filters\CInlineFilter.php(58): CController->filterAccessControl(Object(CFilterChain))
#4 C:\xampp\htdocs\yii\framework\web\filters\CFilterChain.php(131): CInlineFilter->filter(Object(CFilterChain))
#5 C:\xampp\htdocs\yii\framework\web\CController.php(291): CFilterChain->run()
#6 C:\xampp\htdocs\yii\framework\web\CController.php(265): CController->runActionWithFilters(Object(CInlineAction), Array)
#7 C:\xampp\htdocs\yii\framework\web\CWebApplication.php(282): CController->run('admin')
#8 C:\xampp\htdocs\yii\framework\web\CWebApplication.php(141): CWebApplication->runController('user/admin')
#9 C:\xampp\htdocs\yii\framework\base\CApplication.php(185): CWebApplication->processRequest()
#10 C:\xampp\htdocs\TesK24PHP\index.php(13): CApplication->run()
#11 {main}
REQUEST_URI=/TesK24PHP/index.php?r=user/admin
HTTP_REFERER=http://localhost/TesK24PHP/index.php?r=user/index
---
2017/10/19 18:48:06 [error] [exception.CHttpException.403] CHttpException: You are not authorized to perform this action. in C:\xampp\htdocs\yii\framework\web\auth\CAccessControlFilter.php:183
Stack trace:
#0 C:\xampp\htdocs\yii\framework\web\auth\CAccessControlFilter.php(145): CAccessControlFilter->accessDenied(Object(CWebUser), 'You are not aut...')
#1 C:\xampp\htdocs\yii\framework\web\filters\CFilter.php(38): CAccessControlFilter->preFilter(Object(CFilterChain))
#2 C:\xampp\htdocs\yii\framework\web\CController.php(1148): CFilter->filter(Object(CFilterChain))
#3 C:\xampp\htdocs\yii\framework\web\filters\CInlineFilter.php(58): CController->filterAccessControl(Object(CFilterChain))
#4 C:\xampp\htdocs\yii\framework\web\filters\CFilterChain.php(131): CInlineFilter->filter(Object(CFilterChain))
#5 C:\xampp\htdocs\yii\framework\web\CController.php(291): CFilterChain->run()
#6 C:\xampp\htdocs\yii\framework\web\CController.php(265): CController->runActionWithFilters(Object(CInlineAction), Array)
#7 C:\xampp\htdocs\yii\framework\web\CWebApplication.php(282): CController->run('admin')
#8 C:\xampp\htdocs\yii\framework\web\CWebApplication.php(141): CWebApplication->runController('user/admin')
#9 C:\xampp\htdocs\yii\framework\base\CApplication.php(185): CWebApplication->processRequest()
#10 C:\xampp\htdocs\TesK24PHP\index.php(13): CApplication->run()
#11 {main}
REQUEST_URI=/TesK24PHP/index.php?r=user/admin
HTTP_REFERER=http://localhost/TesK24PHP/index.php?r=user/index
---
2017/10/19 18:48:20 [error] [exception.CHttpException.403] CHttpException: You are not authorized to perform this action. in C:\xampp\htdocs\yii\framework\web\auth\CAccessControlFilter.php:183
Stack trace:
#0 C:\xampp\htdocs\yii\framework\web\auth\CAccessControlFilter.php(145): CAccessControlFilter->accessDenied(Object(CWebUser), 'You are not aut...')
#1 C:\xampp\htdocs\yii\framework\web\filters\CFilter.php(38): CAccessControlFilter->preFilter(Object(CFilterChain))
#2 C:\xampp\htdocs\yii\framework\web\CController.php(1148): CFilter->filter(Object(CFilterChain))
#3 C:\xampp\htdocs\yii\framework\web\filters\CInlineFilter.php(58): CController->filterAccessControl(Object(CFilterChain))
#4 C:\xampp\htdocs\yii\framework\web\filters\CFilterChain.php(131): CInlineFilter->filter(Object(CFilterChain))
#5 C:\xampp\htdocs\yii\framework\web\CController.php(291): CFilterChain->run()
#6 C:\xampp\htdocs\yii\framework\web\CController.php(265): CController->runActionWithFilters(Object(CInlineAction), Array)
#7 C:\xampp\htdocs\yii\framework\web\CWebApplication.php(282): CController->run('admin')
#8 C:\xampp\htdocs\yii\framework\web\CWebApplication.php(141): CWebApplication->runController('member/admin')
#9 C:\xampp\htdocs\yii\framework\base\CApplication.php(185): CWebApplication->processRequest()
#10 C:\xampp\htdocs\TesK24PHP\index.php(13): CApplication->run()
#11 {main}
REQUEST_URI=/TesK24PHP/index.php?r=member/admin
HTTP_REFERER=http://localhost/TesK24PHP/index.php?r=user/index
---
2017/10/19 18:49:13 [error] [exception.CHttpException.403] CHttpException: You are not authorized to perform this action. in C:\xampp\htdocs\yii\framework\web\auth\CAccessControlFilter.php:183
Stack trace:
#0 C:\xampp\htdocs\yii\framework\web\auth\CAccessControlFilter.php(145): CAccessControlFilter->accessDenied(Object(CWebUser), 'You are not aut...')
#1 C:\xampp\htdocs\yii\framework\web\filters\CFilter.php(38): CAccessControlFilter->preFilter(Object(CFilterChain))
#2 C:\xampp\htdocs\yii\framework\web\CController.php(1148): CFilter->filter(Object(CFilterChain))
#3 C:\xampp\htdocs\yii\framework\web\filters\CInlineFilter.php(58): CController->filterAccessControl(Object(CFilterChain))
#4 C:\xampp\htdocs\yii\framework\web\filters\CFilterChain.php(131): CInlineFilter->filter(Object(CFilterChain))
#5 C:\xampp\htdocs\yii\framework\web\CController.php(291): CFilterChain->run()
#6 C:\xampp\htdocs\yii\framework\web\CController.php(265): CController->runActionWithFilters(Object(CInlineAction), Array)
#7 C:\xampp\htdocs\yii\framework\web\CWebApplication.php(282): CController->run('admin')
#8 C:\xampp\htdocs\yii\framework\web\CWebApplication.php(141): CWebApplication->runController('user/admin')
#9 C:\xampp\htdocs\yii\framework\base\CApplication.php(185): CWebApplication->processRequest()
#10 C:\xampp\htdocs\TesK24PHP\index.php(13): CApplication->run()
#11 {main}
REQUEST_URI=/TesK24PHP/index.php?r=user/admin
HTTP_REFERER=http://localhost/TesK24PHP/index.php?r=user/index
---
2017/10/19 18:51:19 [error] [exception.CException] CException: Property "User.username" is not defined. in C:\xampp\htdocs\yii\framework\base\CComponent.php:130
Stack trace:
#0 C:\xampp\htdocs\yii\framework\db\ar\CActiveRecord.php(145): CComponent->__get('username')
#1 C:\xampp\htdocs\TesK24PHP\protected\models\User.php(76): CActiveRecord->__get('username')
#2 C:\xampp\htdocs\TesK24PHP\protected\views\user\admin.php(45): User->search()
#3 C:\xampp\htdocs\yii\framework\web\CBaseController.php(126): require('C:\\xampp\\htdocs...')
#4 C:\xampp\htdocs\yii\framework\web\CBaseController.php(95): CBaseController->renderInternal('C:\\xampp\\htdocs...', Array, true)
#5 C:\xampp\htdocs\yii\framework\web\CController.php(872): CBaseController->renderFile('C:\\xampp\\htdocs...', Array, true)
#6 C:\xampp\htdocs\yii\framework\web\CController.php(785): CController->renderPartial('admin', Array, true)
#7 C:\xampp\htdocs\TesK24PHP\protected\controllers\UserController.php(167): CController->render('admin', Array)
#8 C:\xampp\htdocs\yii\framework\web\actions\CInlineAction.php(49): UserController->actionAdmin()
#9 C:\xampp\htdocs\yii\framework\web\CController.php(308): CInlineAction->runWithParams(Array)
#10 C:\xampp\htdocs\yii\framework\web\filters\CFilterChain.php(134): CController->runAction(Object(CInlineAction))
#11 C:\xampp\htdocs\yii\framework\web\filters\CFilter.php(40): CFilterChain->run()
#12 C:\xampp\htdocs\yii\framework\web\CController.php(1148): CFilter->filter(Object(CFilterChain))
#13 C:\xampp\htdocs\yii\framework\web\filters\CInlineFilter.php(58): CController->filterAccessControl(Object(CFilterChain))
#14 C:\xampp\htdocs\yii\framework\web\filters\CFilterChain.php(131): CInlineFilter->filter(Object(CFilterChain))
#15 C:\xampp\htdocs\yii\framework\web\CController.php(291): CFilterChain->run()
#16 C:\xampp\htdocs\yii\framework\web\CController.php(265): CController->runActionWithFilters(Object(CInlineAction), Array)
#17 C:\xampp\htdocs\yii\framework\web\CWebApplication.php(282): CController->run('admin')
#18 C:\xampp\htdocs\yii\framework\web\CWebApplication.php(141): CWebApplication->runController('user/admin')
#19 C:\xampp\htdocs\yii\framework\base\CApplication.php(185): CWebApplication->processRequest()
#20 C:\xampp\htdocs\TesK24PHP\index.php(13): CApplication->run()
#21 {main}
REQUEST_URI=/TesK24PHP/index.php?r=user/admin
HTTP_REFERER=http://localhost/TesK24PHP/index.php?r=user/index
---
2017/10/19 18:51:19 [error] [exception.CException] CException: Property "User.username" is not defined. in C:\xampp\htdocs\yii\framework\base\CComponent.php:130
Stack trace:
#0 C:\xampp\htdocs\yii\framework\db\ar\CActiveRecord.php(145): CComponent->__get('username')
#1 C:\xampp\htdocs\TesK24PHP\protected\models\User.php(76): CActiveRecord->__get('username')
#2 C:\xampp\htdocs\TesK24PHP\protected\views\user\admin.php(45): User->search()
#3 C:\xampp\htdocs\yii\framework\web\CBaseController.php(126): require('C:\\xampp\\htdocs...')
#4 C:\xampp\htdocs\yii\framework\web\CBaseController.php(95): CBaseController->renderInternal('C:\\xampp\\htdocs...', Array, true)
#5 C:\xampp\htdocs\yii\framework\web\CController.php(872): CBaseController->renderFile('C:\\xampp\\htdocs...', Array, true)
#6 C:\xampp\htdocs\yii\framework\web\CController.php(785): CController->renderPartial('admin', Array, true)
#7 C:\xampp\htdocs\TesK24PHP\protected\controllers\UserController.php(167): CController->render('admin', Array)
#8 C:\xampp\htdocs\yii\framework\web\actions\CInlineAction.php(49): UserController->actionAdmin()
#9 C:\xampp\htdocs\yii\framework\web\CController.php(308): CInlineAction->runWithParams(Array)
#10 C:\xampp\htdocs\yii\framework\web\filters\CFilterChain.php(134): CController->runAction(Object(CInlineAction))
#11 C:\xampp\htdocs\yii\framework\web\filters\CFilter.php(40): CFilterChain->run()
#12 C:\xampp\htdocs\yii\framework\web\CController.php(1148): CFilter->filter(Object(CFilterChain))
#13 C:\xampp\htdocs\yii\framework\web\filters\CInlineFilter.php(58): CController->filterAccessControl(Object(CFilterChain))
#14 C:\xampp\htdocs\yii\framework\web\filters\CFilterChain.php(131): CInlineFilter->filter(Object(CFilterChain))
#15 C:\xampp\htdocs\yii\framework\web\CController.php(291): CFilterChain->run()
#16 C:\xampp\htdocs\yii\framework\web\CController.php(265): CController->runActionWithFilters(Object(CInlineAction), Array)
#17 C:\xampp\htdocs\yii\framework\web\CWebApplication.php(282): CController->run('admin')
#18 C:\xampp\htdocs\yii\framework\web\CWebApplication.php(141): CWebApplication->runController('user/admin')
#19 C:\xampp\htdocs\yii\framework\base\CApplication.php(185): CWebApplication->processRequest()
#20 C:\xampp\htdocs\TesK24PHP\index.php(13): CApplication->run()
#21 {main}
REQUEST_URI=/TesK24PHP/index.php?r=user/admin
HTTP_REFERER=http://localhost/TesK24PHP/index.php?r=user/index
---
2017/10/19 18:51:26 [error] [exception.CException] CException: Property "User.username" is not defined. in C:\xampp\htdocs\yii\framework\base\CComponent.php:130
Stack trace:
#0 C:\xampp\htdocs\yii\framework\db\ar\CActiveRecord.php(145): CComponent->__get('username')
#1 C:\xampp\htdocs\TesK24PHP\protected\models\User.php(76): CActiveRecord->__get('username')
#2 C:\xampp\htdocs\TesK24PHP\protected\views\user\admin.php(45): User->search()
#3 C:\xampp\htdocs\yii\framework\web\CBaseController.php(126): require('C:\\xampp\\htdocs...')
#4 C:\xampp\htdocs\yii\framework\web\CBaseController.php(95): CBaseController->renderInternal('C:\\xampp\\htdocs...', Array, true)
#5 C:\xampp\htdocs\yii\framework\web\CController.php(872): CBaseController->renderFile('C:\\xampp\\htdocs...', Array, true)
#6 C:\xampp\htdocs\yii\framework\web\CController.php(785): CController->renderPartial('admin', Array, true)
#7 C:\xampp\htdocs\TesK24PHP\protected\controllers\UserController.php(167): CController->render('admin', Array)
#8 C:\xampp\htdocs\yii\framework\web\actions\CInlineAction.php(49): UserController->actionAdmin()
#9 C:\xampp\htdocs\yii\framework\web\CController.php(308): CInlineAction->runWithParams(Array)
#10 C:\xampp\htdocs\yii\framework\web\filters\CFilterChain.php(134): CController->runAction(Object(CInlineAction))
#11 C:\xampp\htdocs\yii\framework\web\filters\CFilter.php(40): CFilterChain->run()
#12 C:\xampp\htdocs\yii\framework\web\CController.php(1148): CFilter->filter(Object(CFilterChain))
#13 C:\xampp\htdocs\yii\framework\web\filters\CInlineFilter.php(58): CController->filterAccessControl(Object(CFilterChain))
#14 C:\xampp\htdocs\yii\framework\web\filters\CFilterChain.php(131): CInlineFilter->filter(Object(CFilterChain))
#15 C:\xampp\htdocs\yii\framework\web\CController.php(291): CFilterChain->run()
#16 C:\xampp\htdocs\yii\framework\web\CController.php(265): CController->runActionWithFilters(Object(CInlineAction), Array)
#17 C:\xampp\htdocs\yii\framework\web\CWebApplication.php(282): CController->run('admin')
#18 C:\xampp\htdocs\yii\framework\web\CWebApplication.php(141): CWebApplication->runController('user/admin')
#19 C:\xampp\htdocs\yii\framework\base\CApplication.php(185): CWebApplication->processRequest()
#20 C:\xampp\htdocs\TesK24PHP\index.php(13): CApplication->run()
#21 {main}
REQUEST_URI=/TesK24PHP/index.php?r=user/admin
HTTP_REFERER=http://localhost/TesK24PHP/index.php?r=user/index
---
2017/10/19 18:52:47 [error] [exception.CException] CException: Property "User.username" is not defined. in C:\xampp\htdocs\yii\framework\base\CComponent.php:130
Stack trace:
#0 C:\xampp\htdocs\yii\framework\db\ar\CActiveRecord.php(145): CComponent->__get('username')
#1 C:\xampp\htdocs\TesK24PHP\protected\models\User.php(76): CActiveRecord->__get('username')
#2 C:\xampp\htdocs\TesK24PHP\protected\views\user\admin.php(45): User->search()
#3 C:\xampp\htdocs\yii\framework\web\CBaseController.php(126): require('C:\\xampp\\htdocs...')
#4 C:\xampp\htdocs\yii\framework\web\CBaseController.php(95): CBaseController->renderInternal('C:\\xampp\\htdocs...', Array, true)
#5 C:\xampp\htdocs\yii\framework\web\CController.php(872): CBaseController->renderFile('C:\\xampp\\htdocs...', Array, true)
#6 C:\xampp\htdocs\yii\framework\web\CController.php(785): CController->renderPartial('admin', Array, true)
#7 C:\xampp\htdocs\TesK24PHP\protected\controllers\UserController.php(167): CController->render('admin', Array)
#8 C:\xampp\htdocs\yii\framework\web\actions\CInlineAction.php(49): UserController->actionAdmin()
#9 C:\xampp\htdocs\yii\framework\web\CController.php(308): CInlineAction->runWithParams(Array)
#10 C:\xampp\htdocs\yii\framework\web\filters\CFilterChain.php(134): CController->runAction(Object(CInlineAction))
#11 C:\xampp\htdocs\yii\framework\web\filters\CFilter.php(40): CFilterChain->run()
#12 C:\xampp\htdocs\yii\framework\web\CController.php(1148): CFilter->filter(Object(CFilterChain))
#13 C:\xampp\htdocs\yii\framework\web\filters\CInlineFilter.php(58): CController->filterAccessControl(Object(CFilterChain))
#14 C:\xampp\htdocs\yii\framework\web\filters\CFilterChain.php(131): CInlineFilter->filter(Object(CFilterChain))
#15 C:\xampp\htdocs\yii\framework\web\CController.php(291): CFilterChain->run()
#16 C:\xampp\htdocs\yii\framework\web\CController.php(265): CController->runActionWithFilters(Object(CInlineAction), Array)
#17 C:\xampp\htdocs\yii\framework\web\CWebApplication.php(282): CController->run('admin')
#18 C:\xampp\htdocs\yii\framework\web\CWebApplication.php(141): CWebApplication->runController('user/admin')
#19 C:\xampp\htdocs\yii\framework\base\CApplication.php(185): CWebApplication->processRequest()
#20 C:\xampp\htdocs\TesK24PHP\index.php(13): CApplication->run()
#21 {main}
REQUEST_URI=/TesK24PHP/index.php?r=user/admin
HTTP_REFERER=http://localhost/TesK24PHP/index.php?r=user/index
---
2017/10/19 18:52:47 [error] [exception.CException] CException: Property "User.username" is not defined. in C:\xampp\htdocs\yii\framework\base\CComponent.php:130
Stack trace:
#0 C:\xampp\htdocs\yii\framework\db\ar\CActiveRecord.php(145): CComponent->__get('username')
#1 C:\xampp\htdocs\TesK24PHP\protected\models\User.php(76): CActiveRecord->__get('username')
#2 C:\xampp\htdocs\TesK24PHP\protected\views\user\admin.php(45): User->search()
#3 C:\xampp\htdocs\yii\framework\web\CBaseController.php(126): require('C:\\xampp\\htdocs...')
#4 C:\xampp\htdocs\yii\framework\web\CBaseController.php(95): CBaseController->renderInternal('C:\\xampp\\htdocs...', Array, true)
#5 C:\xampp\htdocs\yii\framework\web\CController.php(872): CBaseController->renderFile('C:\\xampp\\htdocs...', Array, true)
#6 C:\xampp\htdocs\yii\framework\web\CController.php(785): CController->renderPartial('admin', Array, true)
#7 C:\xampp\htdocs\TesK24PHP\protected\controllers\UserController.php(167): CController->render('admin', Array)
#8 C:\xampp\htdocs\yii\framework\web\actions\CInlineAction.php(49): UserController->actionAdmin()
#9 C:\xampp\htdocs\yii\framework\web\CController.php(308): CInlineAction->runWithParams(Array)
#10 C:\xampp\htdocs\yii\framework\web\filters\CFilterChain.php(134): CController->runAction(Object(CInlineAction))
#11 C:\xampp\htdocs\yii\framework\web\filters\CFilter.php(40): CFilterChain->run()
#12 C:\xampp\htdocs\yii\framework\web\CController.php(1148): CFilter->filter(Object(CFilterChain))
#13 C:\xampp\htdocs\yii\framework\web\filters\CInlineFilter.php(58): CController->filterAccessControl(Object(CFilterChain))
#14 C:\xampp\htdocs\yii\framework\web\filters\CFilterChain.php(131): CInlineFilter->filter(Object(CFilterChain))
#15 C:\xampp\htdocs\yii\framework\web\CController.php(291): CFilterChain->run()
#16 C:\xampp\htdocs\yii\framework\web\CController.php(265): CController->runActionWithFilters(Object(CInlineAction), Array)
#17 C:\xampp\htdocs\yii\framework\web\CWebApplication.php(282): CController->run('admin')
#18 C:\xampp\htdocs\yii\framework\web\CWebApplication.php(141): CWebApplication->runController('user/admin')
#19 C:\xampp\htdocs\yii\framework\base\CApplication.php(185): CWebApplication->processRequest()
#20 C:\xampp\htdocs\TesK24PHP\index.php(13): CApplication->run()
#21 {main}
REQUEST_URI=/TesK24PHP/index.php?r=user/admin
HTTP_REFERER=http://localhost/TesK24PHP/index.php?r=user/index
---
2017/10/19 18:53:04 [error] [exception.CException] CException: Property "User.username" is not defined. in C:\xampp\htdocs\yii\framework\base\CComponent.php:130
Stack trace:
#0 C:\xampp\htdocs\yii\framework\db\ar\CActiveRecord.php(145): CComponent->__get('username')
#1 C:\xampp\htdocs\yii\framework\web\helpers\CHtml.php(2747): CActiveRecord->__get('username')
#2 C:\xampp\htdocs\yii\framework\web\helpers\CHtml.php(2470): CHtml::resolveValue(Object(User), 'username')
#3 C:\xampp\htdocs\yii\framework\web\helpers\CHtml.php(1540): CHtml::activeInputField('text', Object(User), 'username', Array)
#4 C:\xampp\htdocs\yii\framework\zii\widgets\grid\CDataColumn.php(104): CHtml::activeTextField(Object(User), 'username', Array)
#5 C:\xampp\htdocs\yii\framework\zii\widgets\grid\CGridColumn.php(253): CDataColumn->getFilterCellContent()
#6 C:\xampp\htdocs\yii\framework\zii\widgets\grid\CGridColumn.php(119): CGridColumn->renderFilterCellContent()
#7 C:\xampp\htdocs\yii\framework\zii\widgets\grid\CGridView.php(539): CGridColumn->renderFilterCell()
#8 C:\xampp\htdocs\yii\framework\zii\widgets\grid\CGridView.php(517): CGridView->renderFilter()
#9 C:\xampp\htdocs\yii\framework\zii\widgets\grid\CGridView.php(487): CGridView->renderTableHeader()
#10 C:\xampp\htdocs\yii\framework\zii\widgets\CBaseListView.php(181): CGridView->renderItems()
#11 [internal function]: CBaseListView->renderSection(Array)
#12 C:\xampp\htdocs\yii\framework\zii\widgets\CBaseListView.php(164): preg_replace_callback('/{(\\w+)}/', Array, '{summary}\n{item...')
#13 C:\xampp\htdocs\yii\framework\zii\widgets\CBaseListView.php(149): CBaseListView->renderContent()
#14 C:\xampp\htdocs\yii\framework\web\CBaseController.php(182): CBaseListView->run()
#15 C:\xampp\htdocs\TesK24PHP\protected\views\user\admin.php(44): CBaseController->widget('zii.widgets.gri...', Array)
#16 C:\xampp\htdocs\yii\framework\web\CBaseController.php(126): require('C:\\xampp\\htdocs...')
#17 C:\xampp\htdocs\yii\framework\web\CBaseController.php(95): CBaseController->renderInternal('C:\\xampp\\htdocs...', Array, true)
#18 C:\xampp\htdocs\yii\framework\web\CController.php(872): CBaseController->renderFile('C:\\xampp\\htdocs...', Array, true)
#19 C:\xampp\htdocs\yii\framework\web\CController.php(785): CController->renderPartial('admin', Array, true)
#20 C:\xampp\htdocs\TesK24PHP\protected\controllers\UserController.php(167): CController->render('admin', Array)
#21 C:\xampp\htdocs\yii\framework\web\actions\CInlineAction.php(49): UserController->actionAdmin()
#22 C:\xampp\htdocs\yii\framework\web\CController.php(308): CInlineAction->runWithParams(Array)
#23 C:\xampp\htdocs\yii\framework\web\filters\CFilterChain.php(134): CController->runAction(Object(CInlineAction))
#24 C:\xampp\htdocs\yii\framework\web\filters\CFilter.php(40): CFilterChain->run()
#25 C:\xampp\htdocs\yii\framework\web\CController.php(1148): CFilter->filter(Object(CFilterChain))
#26 C:\xampp\htdocs\yii\framework\web\filters\CInlineFilter.php(58): CController->filterAccessControl(Object(CFilterChain))
#27 C:\xampp\htdocs\yii\framework\web\filters\CFilterChain.php(131): CInlineFilter->filter(Object(CFilterChain))
#28 C:\xampp\htdocs\yii\framework\web\CController.php(291): CFilterChain->run()
#29 C:\xampp\htdocs\yii\framework\web\CController.php(265): CController->runActionWithFilters(Object(CInlineAction), Array)
#30 C:\xampp\htdocs\yii\framework\web\CWebApplication.php(282): CController->run('admin')
#31 C:\xampp\htdocs\yii\framework\web\CWebApplication.php(141): CWebApplication->runController('user/admin')
#32 C:\xampp\htdocs\yii\framework\base\CApplication.php(185): CWebApplication->processRequest()
#33 C:\xampp\htdocs\TesK24PHP\index.php(13): CApplication->run()
#34 {main}
REQUEST_URI=/TesK24PHP/index.php?r=user/admin
HTTP_REFERER=http://localhost/TesK24PHP/index.php?r=user/index
---
2017/10/19 18:54:10 [error] [exception.CException] CException: Property "User.username" is not defined. in C:\xampp\htdocs\yii\framework\base\CComponent.php:130
Stack trace:
#0 C:\xampp\htdocs\yii\framework\db\ar\CActiveRecord.php(145): CComponent->__get('username')
#1 C:\xampp\htdocs\yii\framework\web\helpers\CHtml.php(2747): CActiveRecord->__get('username')
#2 C:\xampp\htdocs\yii\framework\web\helpers\CHtml.php(2470): CHtml::resolveValue(Object(User), 'username')
#3 C:\xampp\htdocs\yii\framework\web\helpers\CHtml.php(1540): CHtml::activeInputField('text', Object(User), 'username', Array)
#4 C:\xampp\htdocs\yii\framework\zii\widgets\grid\CDataColumn.php(104): CHtml::activeTextField(Object(User), 'username', Array)
#5 C:\xampp\htdocs\yii\framework\zii\widgets\grid\CGridColumn.php(253): CDataColumn->getFilterCellContent()
#6 C:\xampp\htdocs\yii\framework\zii\widgets\grid\CGridColumn.php(119): CGridColumn->renderFilterCellContent()
#7 C:\xampp\htdocs\yii\framework\zii\widgets\grid\CGridView.php(539): CGridColumn->renderFilterCell()
#8 C:\xampp\htdocs\yii\framework\zii\widgets\grid\CGridView.php(517): CGridView->renderFilter()
#9 C:\xampp\htdocs\yii\framework\zii\widgets\grid\CGridView.php(487): CGridView->renderTableHeader()
#10 C:\xampp\htdocs\yii\framework\zii\widgets\CBaseListView.php(181): CGridView->renderItems()
#11 [internal function]: CBaseListView->renderSection(Array)
#12 C:\xampp\htdocs\yii\framework\zii\widgets\CBaseListView.php(164): preg_replace_callback('/{(\\w+)}/', Array, '{summary}\n{item...')
#13 C:\xampp\htdocs\yii\framework\zii\widgets\CBaseListView.php(149): CBaseListView->renderContent()
#14 C:\xampp\htdocs\yii\framework\web\CBaseController.php(182): CBaseListView->run()
#15 C:\xampp\htdocs\TesK24PHP\protected\views\user\admin.php(44): CBaseController->widget('zii.widgets.gri...', Array)
#16 C:\xampp\htdocs\yii\framework\web\CBaseController.php(126): require('C:\\xampp\\htdocs...')
#17 C:\xampp\htdocs\yii\framework\web\CBaseController.php(95): CBaseController->renderInternal('C:\\xampp\\htdocs...', Array, true)
#18 C:\xampp\htdocs\yii\framework\web\CController.php(872): CBaseController->renderFile('C:\\xampp\\htdocs...', Array, true)
#19 C:\xampp\htdocs\yii\framework\web\CController.php(785): CController->renderPartial('admin', Array, true)
#20 C:\xampp\htdocs\TesK24PHP\protected\controllers\UserController.php(167): CController->render('admin', Array)
#21 C:\xampp\htdocs\yii\framework\web\actions\CInlineAction.php(49): UserController->actionAdmin()
#22 C:\xampp\htdocs\yii\framework\web\CController.php(308): CInlineAction->runWithParams(Array)
#23 C:\xampp\htdocs\yii\framework\web\filters\CFilterChain.php(134): CController->runAction(Object(CInlineAction))
#24 C:\xampp\htdocs\yii\framework\web\filters\CFilter.php(40): CFilterChain->run()
#25 C:\xampp\htdocs\yii\framework\web\CController.php(1148): CFilter->filter(Object(CFilterChain))
#26 C:\xampp\htdocs\yii\framework\web\filters\CInlineFilter.php(58): CController->filterAccessControl(Object(CFilterChain))
#27 C:\xampp\htdocs\yii\framework\web\filters\CFilterChain.php(131): CInlineFilter->filter(Object(CFilterChain))
#28 C:\xampp\htdocs\yii\framework\web\CController.php(291): CFilterChain->run()
#29 C:\xampp\htdocs\yii\framework\web\CController.php(265): CController->runActionWithFilters(Object(CInlineAction), Array)
#30 C:\xampp\htdocs\yii\framework\web\CWebApplication.php(282): CController->run('admin')
#31 C:\xampp\htdocs\yii\framework\web\CWebApplication.php(141): CWebApplication->runController('user/admin')
#32 C:\xampp\htdocs\yii\framework\base\CApplication.php(185): CWebApplication->processRequest()
#33 C:\xampp\htdocs\TesK24PHP\index.php(13): CApplication->run()
#34 {main}
REQUEST_URI=/TesK24PHP/index.php?r=user/admin
HTTP_REFERER=http://localhost/TesK24PHP/index.php?r=user/index
---
2017/10/19 18:58:38 [error] [exception.CHttpException.403] CHttpException: You are not authorized to perform this action. in C:\xampp\htdocs\yii\framework\web\auth\CAccessControlFilter.php:183
Stack trace:
#0 C:\xampp\htdocs\yii\framework\web\auth\CAccessControlFilter.php(145): CAccessControlFilter->accessDenied(Object(CWebUser), 'You are not aut...')
#1 C:\xampp\htdocs\yii\framework\web\filters\CFilter.php(38): CAccessControlFilter->preFilter(Object(CFilterChain))
#2 C:\xampp\htdocs\yii\framework\web\CController.php(1148): CFilter->filter(Object(CFilterChain))
#3 C:\xampp\htdocs\yii\framework\web\filters\CInlineFilter.php(58): CController->filterAccessControl(Object(CFilterChain))
#4 C:\xampp\htdocs\yii\framework\web\filters\CFilterChain.php(131): CInlineFilter->filter(Object(CFilterChain))
#5 C:\xampp\htdocs\yii\framework\web\CController.php(291): CFilterChain->run()
#6 C:\xampp\htdocs\yii\framework\web\CController.php(265): CController->runActionWithFilters(Object(CInlineAction), Array)
#7 C:\xampp\htdocs\yii\framework\web\CWebApplication.php(282): CController->run('admin')
#8 C:\xampp\htdocs\yii\framework\web\CWebApplication.php(141): CWebApplication->runController('member/admin')
#9 C:\xampp\htdocs\yii\framework\base\CApplication.php(185): CWebApplication->processRequest()
#10 C:\xampp\htdocs\TesK24PHP\index.php(13): CApplication->run()
#11 {main}
REQUEST_URI=/TesK24PHP/index.php?r=member/admin
HTTP_REFERER=http://localhost/TesK24PHP/index.php?r=member/index
---
2017/10/19 19:45:07 [error] [exception.CException] CException: The "dataProvider" property cannot be empty. in C:\xampp\htdocs\yii\framework\zii\widgets\CBaseListView.php:123
Stack trace:
#0 C:\xampp\htdocs\yii\framework\zii\widgets\CListView.php(211): CBaseListView->init()
#1 C:\xampp\htdocs\yii\framework\web\CBaseController.php(147): CListView->init()
#2 C:\xampp\htdocs\yii\framework\web\CBaseController.php(181): CBaseController->createWidget('zii.widgets.CLi...', Array)
#3 C:\xampp\htdocs\TesK24PHP\protected\views\user\index.php(22): CBaseController->widget('zii.widgets.CLi...', Array)
#4 C:\xampp\htdocs\yii\framework\web\CBaseController.php(126): require('C:\\xampp\\htdocs...')
#5 C:\xampp\htdocs\yii\framework\web\CBaseController.php(95): CBaseController->renderInternal('C:\\xampp\\htdocs...', Array, true)
#6 C:\xampp\htdocs\yii\framework\web\CController.php(872): CBaseController->renderFile('C:\\xampp\\htdocs...', Array, true)
#7 C:\xampp\htdocs\yii\framework\web\CController.php(785): CController->renderPartial('index', Array, true)
#8 C:\xampp\htdocs\TesK24PHP\protected\controllers\UserController.php(152): CController->render('index', Array)
#9 C:\xampp\htdocs\yii\framework\web\actions\CInlineAction.php(49): UserController->actionIndex()
#10 C:\xampp\htdocs\yii\framework\web\CController.php(308): CInlineAction->runWithParams(Array)
#11 C:\xampp\htdocs\yii\framework\web\filters\CFilterChain.php(134): CController->runAction(Object(CInlineAction))
#12 C:\xampp\htdocs\yii\framework\web\filters\CFilter.php(40): CFilterChain->run()
#13 C:\xampp\htdocs\yii\framework\web\CController.php(1148): CFilter->filter(Object(CFilterChain))
#14 C:\xampp\htdocs\yii\framework\web\filters\CInlineFilter.php(58): CController->filterAccessControl(Object(CFilterChain))
#15 C:\xampp\htdocs\yii\framework\web\filters\CFilterChain.php(131): CInlineFilter->filter(Object(CFilterChain))
#16 C:\xampp\htdocs\yii\framework\web\CController.php(291): CFilterChain->run()
#17 C:\xampp\htdocs\yii\framework\web\CController.php(265): CController->runActionWithFilters(Object(CInlineAction), Array)
#18 C:\xampp\htdocs\yii\framework\web\CWebApplication.php(282): CController->run('index')
#19 C:\xampp\htdocs\yii\framework\web\CWebApplication.php(141): CWebApplication->runController('user/index')
#20 C:\xampp\htdocs\yii\framework\base\CApplication.php(185): CWebApplication->processRequest()
#21 C:\xampp\htdocs\TesK24PHP\index.php(13): CApplication->run()
#22 {main}
REQUEST_URI=/TesK24PHP/index.php?r=user/index
HTTP_REFERER=http://localhost/TesK24PHP/index.php?r=site/login
---
2017/10/19 19:45:12 [error] [exception.CException] CException: The "dataProvider" property cannot be empty. in C:\xampp\htdocs\yii\framework\zii\widgets\CBaseListView.php:123
Stack trace:
#0 C:\xampp\htdocs\yii\framework\zii\widgets\CListView.php(211): CBaseListView->init()
#1 C:\xampp\htdocs\yii\framework\web\CBaseController.php(147): CListView->init()
#2 C:\xampp\htdocs\yii\framework\web\CBaseController.php(181): CBaseController->createWidget('zii.widgets.CLi...', Array)
#3 C:\xampp\htdocs\TesK24PHP\protected\views\user\index.php(22): CBaseController->widget('zii.widgets.CLi...', Array)
#4 C:\xampp\htdocs\yii\framework\web\CBaseController.php(126): require('C:\\xampp\\htdocs...')
#5 C:\xampp\htdocs\yii\framework\web\CBaseController.php(95): CBaseController->renderInternal('C:\\xampp\\htdocs...', Array, true)
#6 C:\xampp\htdocs\yii\framework\web\CController.php(872): CBaseController->renderFile('C:\\xampp\\htdocs...', Array, true)
#7 C:\xampp\htdocs\yii\framework\web\CController.php(785): CController->renderPartial('index', Array, true)
#8 C:\xampp\htdocs\TesK24PHP\protected\controllers\UserController.php(152): CController->render('index', Array)
#9 C:\xampp\htdocs\yii\framework\web\actions\CInlineAction.php(49): UserController->actionIndex()
#10 C:\xampp\htdocs\yii\framework\web\CController.php(308): CInlineAction->runWithParams(Array)
#11 C:\xampp\htdocs\yii\framework\web\filters\CFilterChain.php(134): CController->runAction(Object(CInlineAction))
#12 C:\xampp\htdocs\yii\framework\web\filters\CFilter.php(40): CFilterChain->run()
#13 C:\xampp\htdocs\yii\framework\web\CController.php(1148): CFilter->filter(Object(CFilterChain))
#14 C:\xampp\htdocs\yii\framework\web\filters\CInlineFilter.php(58): CController->filterAccessControl(Object(CFilterChain))
#15 C:\xampp\htdocs\yii\framework\web\filters\CFilterChain.php(131): CInlineFilter->filter(Object(CFilterChain))
#16 C:\xampp\htdocs\yii\framework\web\CController.php(291): CFilterChain->run()
#17 C:\xampp\htdocs\yii\framework\web\CController.php(265): CController->runActionWithFilters(Object(CInlineAction), Array)
#18 C:\xampp\htdocs\yii\framework\web\CWebApplication.php(282): CController->run('index')
#19 C:\xampp\htdocs\yii\framework\web\CWebApplication.php(141): CWebApplication->runController('user/index')
#20 C:\xampp\htdocs\yii\framework\base\CApplication.php(185): CWebApplication->processRequest()
#21 C:\xampp\htdocs\TesK24PHP\index.php(13): CApplication->run()
#22 {main}
REQUEST_URI=/TesK24PHP/index.php?r=user/index
HTTP_REFERER=http://localhost/TesK24PHP/index.php?r=site/login
---
2017/10/19 19:45:14 [error] [exception.CException] CException: The property "itemView" cannot be empty. in C:\xampp\htdocs\yii\framework\zii\widgets\CListView.php:210
Stack trace:
#0 C:\xampp\htdocs\yii\framework\web\CBaseController.php(147): CListView->init()
#1 C:\xampp\htdocs\yii\framework\web\CBaseController.php(181): CBaseController->createWidget('zii.widgets.CLi...', Array)
#2 C:\xampp\htdocs\TesK24PHP\protected\views\user\index.php(21): CBaseController->widget('zii.widgets.CLi...', Array)
#3 C:\xampp\htdocs\yii\framework\web\CBaseController.php(126): require('C:\\xampp\\htdocs...')
#4 C:\xampp\htdocs\yii\framework\web\CBaseController.php(95): CBaseController->renderInternal('C:\\xampp\\htdocs...', Array, true)
#5 C:\xampp\htdocs\yii\framework\web\CController.php(872): CBaseController->renderFile('C:\\xampp\\htdocs...', Array, true)
#6 C:\xampp\htdocs\yii\framework\web\CController.php(785): CController->renderPartial('index', Array, true)
#7 C:\xampp\htdocs\TesK24PHP\protected\controllers\UserController.php(152): CController->render('index', Array)
#8 C:\xampp\htdocs\yii\framework\web\actions\CInlineAction.php(49): UserController->actionIndex()
#9 C:\xampp\htdocs\yii\framework\web\CController.php(308): CInlineAction->runWithParams(Array)
#10 C:\xampp\htdocs\yii\framework\web\filters\CFilterChain.php(134): CController->runAction(Object(CInlineAction))
#11 C:\xampp\htdocs\yii\framework\web\filters\CFilter.php(40): CFilterChain->run()
#12 C:\xampp\htdocs\yii\framework\web\CController.php(1148): CFilter->filter(Object(CFilterChain))
#13 C:\xampp\htdocs\yii\framework\web\filters\CInlineFilter.php(58): CController->filterAccessControl(Object(CFilterChain))
#14 C:\xampp\htdocs\yii\framework\web\filters\CFilterChain.php(131): CInlineFilter->filter(Object(CFilterChain))
#15 C:\xampp\htdocs\yii\framework\web\CController.php(291): CFilterChain->run()
#16 C:\xampp\htdocs\yii\framework\web\CController.php(265): CController->runActionWithFilters(Object(CInlineAction), Array)
#17 C:\xampp\htdocs\yii\framework\web\CWebApplication.php(282): CController->run('index')
#18 C:\xampp\htdocs\yii\framework\web\CWebApplication.php(141): CWebApplication->runController('user/index')
#19 C:\xampp\htdocs\yii\framework\base\CApplication.php(185): CWebApplication->processRequest()
#20 C:\xampp\htdocs\TesK24PHP\index.php(13): CApplication->run()
#21 {main}
REQUEST_URI=/TesK24PHP/index.php?r=user/index
HTTP_REFERER=http://localhost/TesK24PHP/index.php?r=site/login
---
2017/10/19 20:18:15 [warning] [application] Failed to set unsafe attribute "Username" of "User".
in C:\xampp\htdocs\TesK24PHP\protected\controllers\UserController.php (97)
in C:\xampp\htdocs\TesK24PHP\index.php (13)
2017/10/19 20:18:15 [warning] [application] Failed to set unsafe attribute "Password" of "User".
in C:\xampp\htdocs\TesK24PHP\protected\controllers\UserController.php (97)
in C:\xampp\htdocs\TesK24PHP\index.php (13)
2017/10/19 20:18:15 [error] [exception.CException] CException: Property "User.username" is not defined. in C:\xampp\htdocs\yii\framework\base\CComponent.php:130
Stack trace:
#0 C:\xampp\htdocs\yii\framework\db\ar\CActiveRecord.php(145): CComponent->__get('username')
#1 C:\xampp\htdocs\yii\framework\validators\CRequiredValidator.php(58): CActiveRecord->__get('username')
#2 C:\xampp\htdocs\yii\framework\validators\CValidator.php(201): CRequiredValidator->validateAttribute(Object(User), 'username')
#3 C:\xampp\htdocs\yii\framework\base\CModel.php(159): CValidator->validate(Object(User), Array)
#4 C:\xampp\htdocs\yii\framework\db\ar\CActiveRecord.php(810): CModel->validate(NULL)
#5 C:\xampp\htdocs\TesK24PHP\protected\controllers\UserController.php(98): CActiveRecord->save()
#6 C:\xampp\htdocs\yii\framework\web\actions\CInlineAction.php(49): UserController->actionCreate()
#7 C:\xampp\htdocs\yii\framework\web\CController.php(308): CInlineAction->runWithParams(Array)
#8 C:\xampp\htdocs\yii\framework\web\filters\CFilterChain.php(134): CController->runAction(Object(CInlineAction))
#9 C:\xampp\htdocs\yii\framework\web\filters\CFilter.php(40): CFilterChain->run()
#10 C:\xampp\htdocs\yii\framework\web\CController.php(1148): CFilter->filter(Object(CFilterChain))
#11 C:\xampp\htdocs\yii\framework\web\filters\CInlineFilter.php(58): CController->filterAccessControl(Object(CFilterChain))
#12 C:\xampp\htdocs\yii\framework\web\filters\CFilterChain.php(131): CInlineFilter->filter(Object(CFilterChain))
#13 C:\xampp\htdocs\yii\framework\web\CController.php(291): CFilterChain->run()
#14 C:\xampp\htdocs\yii\framework\web\CController.php(265): CController->runActionWithFilters(Object(CInlineAction), Array)
#15 C:\xampp\htdocs\yii\framework\web\CWebApplication.php(282): CController->run('create')
#16 C:\xampp\htdocs\yii\framework\web\CWebApplication.php(141): CWebApplication->runController('user/create')
#17 C:\xampp\htdocs\yii\framework\base\CApplication.php(185): CWebApplication->processRequest()
#18 C:\xampp\htdocs\TesK24PHP\index.php(13): CApplication->run()
#19 {main}
REQUEST_URI=/TesK24PHP/index.php?r=user/create
HTTP_REFERER=http://localhost/TesK24PHP/index.php?r=user/create
---
2017/10/19 20:18:20 [warning] [application] Failed to set unsafe attribute "Username" of "User".
in C:\xampp\htdocs\TesK24PHP\protected\controllers\UserController.php (97)
in C:\xampp\htdocs\TesK24PHP\index.php (13)
2017/10/19 20:18:20 [warning] [application] Failed to set unsafe attribute "Password" of "User".
in C:\xampp\htdocs\TesK24PHP\protected\controllers\UserController.php (97)
in C:\xampp\htdocs\TesK24PHP\index.php (13)
2017/10/19 20:18:20 [error] [exception.CException] CException: Property "User.username" is not defined. in C:\xampp\htdocs\yii\framework\base\CComponent.php:130
Stack trace:
#0 C:\xampp\htdocs\yii\framework\db\ar\CActiveRecord.php(145): CComponent->__get('username')
#1 C:\xampp\htdocs\yii\framework\validators\CRequiredValidator.php(58): CActiveRecord->__get('username')
#2 C:\xampp\htdocs\yii\framework\validators\CValidator.php(201): CRequiredValidator->validateAttribute(Object(User), 'username')
#3 C:\xampp\htdocs\yii\framework\base\CModel.php(159): CValidator->validate(Object(User), Array)
#4 C:\xampp\htdocs\yii\framework\db\ar\CActiveRecord.php(810): CModel->validate(NULL)
#5 C:\xampp\htdocs\TesK24PHP\protected\controllers\UserController.php(98): CActiveRecord->save()
#6 C:\xampp\htdocs\yii\framework\web\actions\CInlineAction.php(49): UserController->actionCreate()
#7 C:\xampp\htdocs\yii\framework\web\CController.php(308): CInlineAction->runWithParams(Array)
#8 C:\xampp\htdocs\yii\framework\web\filters\CFilterChain.php(134): CController->runAction(Object(CInlineAction))
#9 C:\xampp\htdocs\yii\framework\web\filters\CFilter.php(40): CFilterChain->run()
#10 C:\xampp\htdocs\yii\framework\web\CController.php(1148): CFilter->filter(Object(CFilterChain))
#11 C:\xampp\htdocs\yii\framework\web\filters\CInlineFilter.php(58): CController->filterAccessControl(Object(CFilterChain))
#12 C:\xampp\htdocs\yii\framework\web\filters\CFilterChain.php(131): CInlineFilter->filter(Object(CFilterChain))
#13 C:\xampp\htdocs\yii\framework\web\CController.php(291): CFilterChain->run()
#14 C:\xampp\htdocs\yii\framework\web\CController.php(265): CController->runActionWithFilters(Object(CInlineAction), Array)
#15 C:\xampp\htdocs\yii\framework\web\CWebApplication.php(282): CController->run('create')
#16 C:\xampp\htdocs\yii\framework\web\CWebApplication.php(141): CWebApplication->runController('user/create')
#17 C:\xampp\htdocs\yii\framework\base\CApplication.php(185): CWebApplication->processRequest()
#18 C:\xampp\htdocs\TesK24PHP\index.php(13): CApplication->run()
#19 {main}
REQUEST_URI=/TesK24PHP/index.php?r=user/create
HTTP_REFERER=http://localhost/TesK24PHP/index.php?r=user/create
---
2017/10/19 20:20:07 [warning] [application] Failed to set unsafe attribute "Username" of "User".
in C:\xampp\htdocs\TesK24PHP\protected\controllers\UserController.php (97)
in C:\xampp\htdocs\TesK24PHP\index.php (13)
2017/10/19 20:20:07 [warning] [application] Failed to set unsafe attribute "Password" of "User".
in C:\xampp\htdocs\TesK24PHP\protected\controllers\UserController.php (97)
in C:\xampp\htdocs\TesK24PHP\index.php (13)
2017/10/19 20:20:07 [error] [exception.CException] CException: Property "User.username" is not defined. in C:\xampp\htdocs\yii\framework\base\CComponent.php:130
Stack trace:
#0 C:\xampp\htdocs\yii\framework\db\ar\CActiveRecord.php(145): CComponent->__get('username')
#1 C:\xampp\htdocs\yii\framework\validators\CRequiredValidator.php(58): CActiveRecord->__get('username')
#2 C:\xampp\htdocs\yii\framework\validators\CValidator.php(201): CRequiredValidator->validateAttribute(Object(User), 'username')
#3 C:\xampp\htdocs\yii\framework\base\CModel.php(159): CValidator->validate(Object(User), Array)
#4 C:\xampp\htdocs\yii\framework\db\ar\CActiveRecord.php(810): CModel->validate(NULL)
#5 C:\xampp\htdocs\TesK24PHP\protected\controllers\UserController.php(98): CActiveRecord->save()
#6 C:\xampp\htdocs\yii\framework\web\actions\CInlineAction.php(49): UserController->actionCreate()
#7 C:\xampp\htdocs\yii\framework\web\CController.php(308): CInlineAction->runWithParams(Array)
#8 C:\xampp\htdocs\yii\framework\web\filters\CFilterChain.php(134): CController->runAction(Object(CInlineAction))
#9 C:\xampp\htdocs\yii\framework\web\filters\CFilter.php(40): CFilterChain->run()
#10 C:\xampp\htdocs\yii\framework\web\CController.php(1148): CFilter->filter(Object(CFilterChain))
#11 C:\xampp\htdocs\yii\framework\web\filters\CInlineFilter.php(58): CController->filterAccessControl(Object(CFilterChain))
#12 C:\xampp\htdocs\yii\framework\web\filters\CFilterChain.php(131): CInlineFilter->filter(Object(CFilterChain))
#13 C:\xampp\htdocs\yii\framework\web\CController.php(291): CFilterChain->run()
#14 C:\xampp\htdocs\yii\framework\web\CController.php(265): CController->runActionWithFilters(Object(CInlineAction), Array)
#15 C:\xampp\htdocs\yii\framework\web\CWebApplication.php(282): CController->run('create')
#16 C:\xampp\htdocs\yii\framework\web\CWebApplication.php(141): CWebApplication->runController('user/create')
#17 C:\xampp\htdocs\yii\framework\base\CApplication.php(185): CWebApplication->processRequest()
#18 C:\xampp\htdocs\TesK24PHP\index.php(13): CApplication->run()
#19 {main}
REQUEST_URI=/TesK24PHP/index.php?r=user/create
HTTP_REFERER=http://localhost/TesK24PHP/index.php?r=user/create
---
2017/10/19 20:21:09 [warning] [application] Failed to set unsafe attribute "Username" of "User".
in C:\xampp\htdocs\TesK24PHP\protected\controllers\UserController.php (121)
in C:\xampp\htdocs\TesK24PHP\index.php (13)
2017/10/19 20:21:09 [warning] [application] Failed to set unsafe attribute "Password" of "User".
in C:\xampp\htdocs\TesK24PHP\protected\controllers\UserController.php (121)
in C:\xampp\htdocs\TesK24PHP\index.php (13)
2017/10/19 20:21:09 [error] [exception.CException] CException: Property "User.username" is not defined. in C:\xampp\htdocs\yii\framework\base\CComponent.php:130
Stack trace:
#0 C:\xampp\htdocs\yii\framework\db\ar\CActiveRecord.php(145): CComponent->__get('username')
#1 C:\xampp\htdocs\yii\framework\validators\CRequiredValidator.php(58): CActiveRecord->__get('username')
#2 C:\xampp\htdocs\yii\framework\validators\CValidator.php(201): CRequiredValidator->validateAttribute(Object(User), 'username')
#3 C:\xampp\htdocs\yii\framework\base\CModel.php(159): CValidator->validate(Object(User), Array)
#4 C:\xampp\htdocs\yii\framework\db\ar\CActiveRecord.php(810): CModel->validate(NULL)
#5 C:\xampp\htdocs\TesK24PHP\protected\controllers\UserController.php(122): CActiveRecord->save()
#6 [internal function]: UserController->actionUpdate('user2')
#7 C:\xampp\htdocs\yii\framework\web\actions\CAction.php(109): ReflectionMethod->invokeArgs(Object(UserController), Array)
#8 C:\xampp\htdocs\yii\framework\web\actions\CInlineAction.php(47): CAction->runWithParamsInternal(Object(UserController), Object(ReflectionMethod), Array)
#9 C:\xampp\htdocs\yii\framework\web\CController.php(308): CInlineAction->runWithParams(Array)
#10 C:\xampp\htdocs\yii\framework\web\filters\CFilterChain.php(134): CController->runAction(Object(CInlineAction))
#11 C:\xampp\htdocs\yii\framework\web\filters\CFilter.php(40): CFilterChain->run()
#12 C:\xampp\htdocs\yii\framework\web\CController.php(1148): CFilter->filter(Object(CFilterChain))
#13 C:\xampp\htdocs\yii\framework\web\filters\CInlineFilter.php(58): CController->filterAccessControl(Object(CFilterChain))
#14 C:\xampp\htdocs\yii\framework\web\filters\CFilterChain.php(131): CInlineFilter->filter(Object(CFilterChain))
#15 C:\xampp\htdocs\yii\framework\web\CController.php(291): CFilterChain->run()
#16 C:\xampp\htdocs\yii\framework\web\CController.php(265): CController->runActionWithFilters(Object(CInlineAction), Array)
#17 C:\xampp\htdocs\yii\framework\web\CWebApplication.php(282): CController->run('update')
#18 C:\xampp\htdocs\yii\framework\web\CWebApplication.php(141): CWebApplication->runController('user/update')
#19 C:\xampp\htdocs\yii\framework\base\CApplication.php(185): CWebApplication->processRequest()
#20 C:\xampp\htdocs\TesK24PHP\index.php(13): CApplication->run()
#21 {main}
REQUEST_URI=/TesK24PHP/index.php?r=user/update&id=user2
HTTP_REFERER=http://localhost/TesK24PHP/index.php?r=user/update&id=user2
---
2017/10/19 20:23:54 [warning] [application] Failed to set unsafe attribute "Username" of "User".
in C:\xampp\htdocs\TesK24PHP\protected\controllers\UserController.php (97)
in C:\xampp\htdocs\TesK24PHP\index.php (13)
2017/10/19 20:23:54 [warning] [application] Failed to set unsafe attribute "Password" of "User".
in C:\xampp\htdocs\TesK24PHP\protected\controllers\UserController.php (97)
in C:\xampp\htdocs\TesK24PHP\index.php (13)
2017/10/19 20:23:54 [error] [exception.CException] CException: Property "User.username" is not defined. in C:\xampp\htdocs\yii\framework\base\CComponent.php:130
Stack trace:
#0 C:\xampp\htdocs\yii\framework\db\ar\CActiveRecord.php(145): CComponent->__get('username')
#1 C:\xampp\htdocs\yii\framework\validators\CRequiredValidator.php(58): CActiveRecord->__get('username')
#2 C:\xampp\htdocs\yii\framework\validators\CValidator.php(201): CRequiredValidator->validateAttribute(Object(User), 'username')
#3 C:\xampp\htdocs\yii\framework\base\CModel.php(159): CValidator->validate(Object(User), Array)
#4 C:\xampp\htdocs\yii\framework\db\ar\CActiveRecord.php(810): CModel->validate(NULL)
#5 C:\xampp\htdocs\TesK24PHP\protected\controllers\UserController.php(98): CActiveRecord->save()
#6 C:\xampp\htdocs\yii\framework\web\actions\CInlineAction.php(49): UserController->actionCreate()
#7 C:\xampp\htdocs\yii\framework\web\CController.php(308): CInlineAction->runWithParams(Array)
#8 C:\xampp\htdocs\yii\framework\web\filters\CFilterChain.php(134): CController->runAction(Object(CInlineAction))
#9 C:\xampp\htdocs\yii\framework\web\filters\CFilter.php(40): CFilterChain->run()
#10 C:\xampp\htdocs\yii\framework\web\CController.php(1148): CFilter->filter(Object(CFilterChain))
#11 C:\xampp\htdocs\yii\framework\web\filters\CInlineFilter.php(58): CController->filterAccessControl(Object(CFilterChain))
#12 C:\xampp\htdocs\yii\framework\web\filters\CFilterChain.php(131): CInlineFilter->filter(Object(CFilterChain))
#13 C:\xampp\htdocs\yii\framework\web\CController.php(291): CFilterChain->run()
#14 C:\xampp\htdocs\yii\framework\web\CController.php(265): CController->runActionWithFilters(Object(CInlineAction), Array)
#15 C:\xampp\htdocs\yii\framework\web\CWebApplication.php(282): CController->run('create')
#16 C:\xampp\htdocs\yii\framework\web\CWebApplication.php(141): CWebApplication->runController('user/create')
#17 C:\xampp\htdocs\yii\framework\base\CApplication.php(185): CWebApplication->processRequest()
#18 C:\xampp\htdocs\TesK24PHP\index.php(13): CApplication->run()
#19 {main}
REQUEST_URI=/TesK24PHP/index.php?r=user/create
HTTP_REFERER=http://localhost/TesK24PHP/index.php?r=user/create
---
2017/10/19 20:26:12 [warning] [application] Failed to set unsafe attribute "Username" of "User".
in C:\xampp\htdocs\TesK24PHP\protected\controllers\UserController.php (97)
in C:\xampp\htdocs\TesK24PHP\index.php (13)
2017/10/19 20:26:12 [warning] [application] Failed to set unsafe attribute "Password" of "User".
in C:\xampp\htdocs\TesK24PHP\protected\controllers\UserController.php (97)
in C:\xampp\htdocs\TesK24PHP\index.php (13)
2017/10/19 20:26:12 [error] [exception.CException] CException: Property "User.username" is not defined. in C:\xampp\htdocs\yii\framework\base\CComponent.php:130
Stack trace:
#0 C:\xampp\htdocs\yii\framework\db\ar\CActiveRecord.php(145): CComponent->__get('username')
#1 C:\xampp\htdocs\yii\framework\validators\CRequiredValidator.php(58): CActiveRecord->__get('username')
#2 C:\xampp\htdocs\yii\framework\validators\CValidator.php(201): CRequiredValidator->validateAttribute(Object(User), 'username')
#3 C:\xampp\htdocs\yii\framework\base\CModel.php(159): CValidator->validate(Object(User), Array)
#4 C:\xampp\htdocs\yii\framework\db\ar\CActiveRecord.php(810): CModel->validate(NULL)
#5 C:\xampp\htdocs\TesK24PHP\protected\controllers\UserController.php(98): CActiveRecord->save()
#6 C:\xampp\htdocs\yii\framework\web\actions\CInlineAction.php(49): UserController->actionCreate()
#7 C:\xampp\htdocs\yii\framework\web\CController.php(308): CInlineAction->runWithParams(Array)
#8 C:\xampp\htdocs\yii\framework\web\filters\CFilterChain.php(134): CController->runAction(Object(CInlineAction))
#9 C:\xampp\htdocs\yii\framework\web\filters\CFilter.php(40): CFilterChain->run()
#10 C:\xampp\htdocs\yii\framework\web\CController.php(1148): CFilter->filter(Object(CFilterChain))
#11 C:\xampp\htdocs\yii\framework\web\filters\CInlineFilter.php(58): CController->filterAccessControl(Object(CFilterChain))
#12 C:\xampp\htdocs\yii\framework\web\filters\CFilterChain.php(131): CInlineFilter->filter(Object(CFilterChain))
#13 C:\xampp\htdocs\yii\framework\web\CController.php(291): CFilterChain->run()
#14 C:\xampp\htdocs\yii\framework\web\CController.php(265): CController->runActionWithFilters(Object(CInlineAction), Array)
#15 C:\xampp\htdocs\yii\framework\web\CWebApplication.php(282): CController->run('create')
#16 C:\xampp\htdocs\yii\framework\web\CWebApplication.php(141): CWebApplication->runController('user/create')
#17 C:\xampp\htdocs\yii\framework\base\CApplication.php(185): CWebApplication->processRequest()
#18 C:\xampp\htdocs\TesK24PHP\index.php(13): CApplication->run()
#19 {main}
REQUEST_URI=/TesK24PHP/index.php?r=user/create
HTTP_REFERER=http://localhost/TesK24PHP/index.php?r=user/create
---
2017/10/19 20:29:15 [warning] [application] Failed to set unsafe attribute "Username" of "User".
in C:\xampp\htdocs\TesK24PHP\protected\controllers\UserController.php (97)
in C:\xampp\htdocs\TesK24PHP\index.php (13)
2017/10/19 20:29:15 [warning] [application] Failed to set unsafe attribute "Password" of "User".
in C:\xampp\htdocs\TesK24PHP\protected\controllers\UserController.php (97)
in C:\xampp\htdocs\TesK24PHP\index.php (13)
2017/10/19 20:29:15 [error] [exception.CException] CException: Property "User.username" is not defined. in C:\xampp\htdocs\yii\framework\base\CComponent.php:130
Stack trace:
#0 C:\xampp\htdocs\yii\framework\db\ar\CActiveRecord.php(145): CComponent->__get('username')
#1 C:\xampp\htdocs\yii\framework\validators\CRequiredValidator.php(58): CActiveRecord->__get('username')
#2 C:\xampp\htdocs\yii\framework\validators\CValidator.php(201): CRequiredValidator->validateAttribute(Object(User), 'username')
#3 C:\xampp\htdocs\yii\framework\base\CModel.php(159): CValidator->validate(Object(User), Array)
#4 C:\xampp\htdocs\yii\framework\db\ar\CActiveRecord.php(810): CModel->validate(NULL)
#5 C:\xampp\htdocs\TesK24PHP\protected\controllers\UserController.php(98): CActiveRecord->save()
#6 C:\xampp\htdocs\yii\framework\web\actions\CInlineAction.php(49): UserController->actionCreate()
#7 C:\xampp\htdocs\yii\framework\web\CController.php(308): CInlineAction->runWithParams(Array)
#8 C:\xampp\htdocs\yii\framework\web\filters\CFilterChain.php(134): CController->runAction(Object(CInlineAction))
#9 C:\xampp\htdocs\yii\framework\web\filters\CFilter.php(40): CFilterChain->run()
#10 C:\xampp\htdocs\yii\framework\web\CController.php(1148): CFilter->filter(Object(CFilterChain))
#11 C:\xampp\htdocs\yii\framework\web\filters\CInlineFilter.php(58): CController->filterAccessControl(Object(CFilterChain))
#12 C:\xampp\htdocs\yii\framework\web\filters\CFilterChain.php(131): CInlineFilter->filter(Object(CFilterChain))
#13 C:\xampp\htdocs\yii\framework\web\CController.php(291): CFilterChain->run()
#14 C:\xampp\htdocs\yii\framework\web\CController.php(265): CController->runActionWithFilters(Object(CInlineAction), Array)
#15 C:\xampp\htdocs\yii\framework\web\CWebApplication.php(282): CController->run('create')
#16 C:\xampp\htdocs\yii\framework\web\CWebApplication.php(141): CWebApplication->runController('user/create')
#17 C:\xampp\htdocs\yii\framework\base\CApplication.php(185): CWebApplication->processRequest()
#18 C:\xampp\htdocs\TesK24PHP\index.php(13): CApplication->run()
#19 {main}
REQUEST_URI=/TesK24PHP/index.php?r=user/create
HTTP_REFERER=http://localhost/TesK24PHP/index.php?r=user/create
---
2017/10/19 20:37:15 [error] [system.db.CDbCommand] CDbCommand::execute() failed: SQLSTATE[23000]: Integrity constraint violation: 1062 Duplicate entry 'user2' for key 'PRIMARY'. The SQL statement executed was: INSERT INTO `user` (`Username`, `Password`) VALUES (:yp0, :yp1).
in C:\xampp\htdocs\TesK24PHP\protected\controllers\UserController.php (98)
in C:\xampp\htdocs\TesK24PHP\index.php (13)
2017/10/19 20:37:15 [error] [exception.CDbException] CDbException: CDbCommand failed to execute the SQL statement: SQLSTATE[23000]: Integrity constraint violation: 1062 Duplicate entry 'user2' for key 'PRIMARY'. The SQL statement executed was: INSERT INTO `user` (`Username`, `Password`) VALUES (:yp0, :yp1) in C:\xampp\htdocs\yii\framework\db\CDbCommand.php:358
Stack trace:
#0 C:\xampp\htdocs\yii\framework\db\ar\CActiveRecord.php(1083): CDbCommand->execute()
#1 C:\xampp\htdocs\yii\framework\db\ar\CActiveRecord.php(811): CActiveRecord->insert(NULL)
#2 C:\xampp\htdocs\TesK24PHP\protected\controllers\UserController.php(98): CActiveRecord->save()
#3 C:\xampp\htdocs\yii\framework\web\actions\CInlineAction.php(49): UserController->actionCreate()
#4 C:\xampp\htdocs\yii\framework\web\CController.php(308): CInlineAction->runWithParams(Array)
#5 C:\xampp\htdocs\yii\framework\web\filters\CFilterChain.php(134): CController->runAction(Object(CInlineAction))
#6 C:\xampp\htdocs\yii\framework\web\filters\CFilter.php(40): CFilterChain->run()
#7 C:\xampp\htdocs\yii\framework\web\CController.php(1148): CFilter->filter(Object(CFilterChain))
#8 C:\xampp\htdocs\yii\framework\web\filters\CInlineFilter.php(58): CController->filterAccessControl(Object(CFilterChain))
#9 C:\xampp\htdocs\yii\framework\web\filters\CFilterChain.php(131): CInlineFilter->filter(Object(CFilterChain))
#10 C:\xampp\htdocs\yii\framework\web\CController.php(291): CFilterChain->run()
#11 C:\xampp\htdocs\yii\framework\web\CController.php(265): CController->runActionWithFilters(Object(CInlineAction), Array)
#12 C:\xampp\htdocs\yii\framework\web\CWebApplication.php(282): CController->run('create')
#13 C:\xampp\htdocs\yii\framework\web\CWebApplication.php(141): CWebApplication->runController('user/create')
#14 C:\xampp\htdocs\yii\framework\base\CApplication.php(185): CWebApplication->processRequest()
#15 C:\xampp\htdocs\TesK24PHP\index.php(13): CApplication->run()
#16 {main}
REQUEST_URI=/TesK24PHP/index.php?r=user/create
HTTP_REFERER=http://localhost/TesK24PHP/index.php?r=user/create
---
2017/10/19 20:42:50 [error] [exception.ParseError] ParseError: syntax error, unexpected 'echo' (T_ECHO), expecting ';' in C:\xampp\htdocs\TesK24PHP\protected\controllers\UserController.php:139
Stack trace:
#0 C:\xampp\htdocs\yii\framework\web\CWebApplication.php(276): CWebApplication->createController('admin/')
#1 C:\xampp\htdocs\yii\framework\web\CWebApplication.php(141): CWebApplication->runController('user/admin')
#2 C:\xampp\htdocs\yii\framework\base\CApplication.php(185): CWebApplication->processRequest()
#3 C:\xampp\htdocs\TesK24PHP\index.php(13): CApplication->run()
#4 {main}
REQUEST_URI=/TesK24PHP/index.php?r=user/admin
HTTP_REFERER=http://localhost/TesK24PHP/index.php?r=user/index
---
2017/10/19 20:45:13 [error] [exception.Error] Error: Call to undefined function phpAlert() in C:\xampp\htdocs\TesK24PHP\protected\controllers\UserController.php:139
Stack trace:
#0 [internal function]: UserController->actionDelete('user2')
#1 C:\xampp\htdocs\yii\framework\web\actions\CAction.php(109): ReflectionMethod->invokeArgs(Object(UserController), Array)
#2 C:\xampp\htdocs\yii\framework\web\actions\CInlineAction.php(47): CAction->runWithParamsInternal(Object(UserController), Object(ReflectionMethod), Array)
#3 C:\xampp\htdocs\yii\framework\web\CController.php(308): CInlineAction->runWithParams(Array)
#4 C:\xampp\htdocs\yii\framework\web\filters\CFilterChain.php(134): CController->runAction(Object(CInlineAction))
#5 C:\xampp\htdocs\yii\framework\web\CController.php(1119): CFilterChain->run()
#6 C:\xampp\htdocs\yii\framework\web\filters\CInlineFilter.php(58): CController->filterPostOnly(Object(CFilterChain))
#7 C:\xampp\htdocs\yii\framework\web\filters\CFilterChain.php(131): CInlineFilter->filter(Object(CFilterChain))
#8 C:\xampp\htdocs\yii\framework\web\filters\CFilter.php(40): CFilterChain->run()
#9 C:\xampp\htdocs\yii\framework\web\CController.php(1148): CFilter->filter(Object(CFilterChain))
#10 C:\xampp\htdocs\yii\framework\web\filters\CInlineFilter.php(58): CController->filterAccessControl(Object(CFilterChain))
#11 C:\xampp\htdocs\yii\framework\web\filters\CFilterChain.php(131): CInlineFilter->filter(Object(CFilterChain))
#12 C:\xampp\htdocs\yii\framework\web\CController.php(291): CFilterChain->run()
#13 C:\xampp\htdocs\yii\framework\web\CController.php(265): CController->runActionWithFilters(Object(CInlineAction), Array)
#14 C:\xampp\htdocs\yii\framework\web\CWebApplication.php(282): CController->run('delete')
#15 C:\xampp\htdocs\yii\framework\web\CWebApplication.php(141): CWebApplication->runController('user/delete')
#16 C:\xampp\htdocs\yii\framework\base\CApplication.php(185): CWebApplication->processRequest()
#17 C:\xampp\htdocs\TesK24PHP\index.php(13): CApplication->run()
#18 {main}
REQUEST_URI=/TesK24PHP/index.php?ajax=user-grid&id=user2&r=user%2Fdelete
HTTP_REFERER=http://localhost/TesK24PHP/index.php?r=user/admin
---
2017/10/19 20:45:32 [error] [exception.Error] Error: Call to undefined function phpAlert() in C:\xampp\htdocs\TesK24PHP\protected\controllers\UserController.php:139
Stack trace:
#0 [internal function]: UserController->actionDelete('user2')
#1 C:\xampp\htdocs\yii\framework\web\actions\CAction.php(109): ReflectionMethod->invokeArgs(Object(UserController), Array)
#2 C:\xampp\htdocs\yii\framework\web\actions\CInlineAction.php(47): CAction->runWithParamsInternal(Object(UserController), Object(ReflectionMethod), Array)
#3 C:\xampp\htdocs\yii\framework\web\CController.php(308): CInlineAction->runWithParams(Array)
#4 C:\xampp\htdocs\yii\framework\web\filters\CFilterChain.php(134): CController->runAction(Object(CInlineAction))
#5 C:\xampp\htdocs\yii\framework\web\CController.php(1119): CFilterChain->run()
#6 C:\xampp\htdocs\yii\framework\web\filters\CInlineFilter.php(58): CController->filterPostOnly(Object(CFilterChain))
#7 C:\xampp\htdocs\yii\framework\web\filters\CFilterChain.php(131): CInlineFilter->filter(Object(CFilterChain))
#8 C:\xampp\htdocs\yii\framework\web\filters\CFilter.php(40): CFilterChain->run()
#9 C:\xampp\htdocs\yii\framework\web\CController.php(1148): CFilter->filter(Object(CFilterChain))
#10 C:\xampp\htdocs\yii\framework\web\filters\CInlineFilter.php(58): CController->filterAccessControl(Object(CFilterChain))
#11 C:\xampp\htdocs\yii\framework\web\filters\CFilterChain.php(131): CInlineFilter->filter(Object(CFilterChain))
#12 C:\xampp\htdocs\yii\framework\web\CController.php(291): CFilterChain->run()
#13 C:\xampp\htdocs\yii\framework\web\CController.php(265): CController->runActionWithFilters(Object(CInlineAction), Array)
#14 C:\xampp\htdocs\yii\framework\web\CWebApplication.php(282): CController->run('delete')
#15 C:\xampp\htdocs\yii\framework\web\CWebApplication.php(141): CWebApplication->runController('user/delete')
#16 C:\xampp\htdocs\yii\framework\base\CApplication.php(185): CWebApplication->processRequest()
#17 C:\xampp\htdocs\TesK24PHP\index.php(13): CApplication->run()
#18 {main}
REQUEST_URI=/TesK24PHP/index.php?ajax=user-grid&id=user2&r=user%2Fdelete
HTTP_REFERER=http://localhost/TesK24PHP/index.php?r=user/admin
---
